2024-01-28 19:19:22,914:INFO:Soft dependency imported: prophet: 1.1.5
2024-01-29 10:19:18,613:INFO:Soft dependency imported: prophet: 1.1.5
2024-01-29 10:20:54,476:INFO:Soft dependency imported: prophet: 1.1.5
2024-01-29 10:33:57,140:INFO:Soft dependency imported: prophet: 1.1.5
2024-01-29 10:36:49,989:INFO:Soft dependency imported: prophet: 1.1.5
2024-01-29 11:00:17,250:INFO:Soft dependency imported: prophet: 1.1.5
2024-01-29 11:00:17,448:INFO:PyCaret TSForecastingExperiment
2024-01-29 11:00:17,448:INFO:Logging name: ts-default-name
2024-01-29 11:00:17,448:INFO:ML Usecase: MLUsecase.TIME_SERIES
2024-01-29 11:00:17,448:INFO:version 3.2.0
2024-01-29 11:00:17,448:INFO:Initializing setup()
2024-01-29 11:00:17,448:INFO:self.USI: 5978
2024-01-29 11:00:17,449:INFO:self._variable_keys: {'exp_id', 'y_test', 'y_train', 'strictly_positive', 'X', 'memory', 'significant_sps_no_harmonics', 'all_sps_to_use', 'y_transformed', 'X_test', 'logging_param', 'html_param', 'enforce_exogenous', 'log_plots_param', 'seed', 'seasonality_present', 'gpu_n_jobs_param', 'X_transformed', 'candidate_sps', '_ml_usecase', 'y_test_transformed', 'exogenous_present', 'enforce_pi', 'exp_name_log', 'primary_sp_to_use', 'fh', 'data', 'idx', 'fold_param', 'fold_generator', 'USI', 'approach_type', 'index_type', 'n_jobs_param', 'X_test_transformed', 'y', 'X_train', 'X_train_transformed', 'model_engines', 'gpu_param', 'y_train_transformed', 'significant_sps', 'pipeline', '_available_plots'}
2024-01-29 11:00:17,449:INFO:Checking environment
2024-01-29 11:00:17,449:INFO:python_version: 3.11.7
2024-01-29 11:00:17,449:INFO:python_build: ('tags/v3.11.7:fa7a6f2', 'Dec  4 2023 19:24:49')
2024-01-29 11:00:17,449:INFO:machine: AMD64
2024-01-29 11:00:18,042:INFO:platform: Windows-10-10.0.22621-SP0
2024-01-29 11:00:18,046:INFO:Memory: svmem(total=16892026880, available=4452540416, percent=73.6, used=12439486464, free=4452540416)
2024-01-29 11:00:18,047:INFO:Physical Core: 12
2024-01-29 11:00:18,047:INFO:Logical Core: 16
2024-01-29 11:00:18,047:INFO:Checking libraries
2024-01-29 11:00:18,047:INFO:System:
2024-01-29 11:00:18,047:INFO:    python: 3.11.7 (tags/v3.11.7:fa7a6f2, Dec  4 2023, 19:24:49) [MSC v.1937 64 bit (AMD64)]
2024-01-29 11:00:18,047:INFO:executable: D:\Scoop\apps\python311\current\python.exe
2024-01-29 11:00:18,047:INFO:   machine: Windows-10-10.0.22621-SP0
2024-01-29 11:00:18,047:INFO:PyCaret required dependencies:
2024-01-29 11:00:18,232:INFO:                 pip: 23.3.2
2024-01-29 11:00:18,232:INFO:          setuptools: 69.0.3
2024-01-29 11:00:18,232:INFO:             pycaret: 3.2.0
2024-01-29 11:00:18,232:INFO:             IPython: 8.20.0
2024-01-29 11:00:18,232:INFO:          ipywidgets: 8.1.1
2024-01-29 11:00:18,232:INFO:                tqdm: 4.66.1
2024-01-29 11:00:18,232:INFO:               numpy: 1.25.2
2024-01-29 11:00:18,232:INFO:              pandas: 1.5.3
2024-01-29 11:00:18,232:INFO:              jinja2: 3.1.3
2024-01-29 11:00:18,232:INFO:               scipy: 1.10.1
2024-01-29 11:00:18,232:INFO:              joblib: 1.3.2
2024-01-29 11:00:18,232:INFO:             sklearn: 1.2.2
2024-01-29 11:00:18,233:INFO:                pyod: 1.1.2
2024-01-29 11:00:18,233:INFO:            imblearn: 0.11.0
2024-01-29 11:00:18,233:INFO:   category_encoders: 2.6.3
2024-01-29 11:00:18,233:INFO:            lightgbm: 4.2.0
2024-01-29 11:00:18,233:INFO:               numba: 0.58.1
2024-01-29 11:00:18,233:INFO:            requests: 2.31.0
2024-01-29 11:00:18,233:INFO:          matplotlib: 3.6.0
2024-01-29 11:00:18,233:INFO:          scikitplot: 0.3.7
2024-01-29 11:00:18,233:INFO:         yellowbrick: 1.5
2024-01-29 11:00:18,233:INFO:              plotly: 5.18.0
2024-01-29 11:00:18,233:INFO:    plotly-resampler: Not installed
2024-01-29 11:00:18,233:INFO:             kaleido: 0.2.1
2024-01-29 11:00:18,233:INFO:           schemdraw: 0.15
2024-01-29 11:00:18,233:INFO:         statsmodels: 0.14.1
2024-01-29 11:00:18,233:INFO:              sktime: 0.21.1
2024-01-29 11:00:18,233:INFO:               tbats: 1.1.3
2024-01-29 11:00:18,233:INFO:            pmdarima: 2.0.4
2024-01-29 11:00:18,233:INFO:              psutil: 5.9.8
2024-01-29 11:00:18,233:INFO:          markupsafe: 2.1.4
2024-01-29 11:00:18,233:INFO:             pickle5: Not installed
2024-01-29 11:00:18,233:INFO:         cloudpickle: 3.0.0
2024-01-29 11:00:18,233:INFO:         deprecation: 2.1.0
2024-01-29 11:00:18,233:INFO:              xxhash: 3.4.1
2024-01-29 11:00:18,233:INFO:           wurlitzer: Not installed
2024-01-29 11:00:18,233:INFO:PyCaret optional dependencies:
2024-01-29 11:00:18,477:INFO:                shap: Not installed
2024-01-29 11:00:18,477:INFO:           interpret: Not installed
2024-01-29 11:00:18,477:INFO:                umap: Not installed
2024-01-29 11:00:18,477:INFO:     ydata_profiling: Not installed
2024-01-29 11:00:18,477:INFO:  explainerdashboard: Not installed
2024-01-29 11:00:18,477:INFO:             autoviz: Not installed
2024-01-29 11:00:18,477:INFO:           fairlearn: Not installed
2024-01-29 11:00:18,477:INFO:          deepchecks: Not installed
2024-01-29 11:00:18,477:INFO:             xgboost: 2.0.3
2024-01-29 11:00:18,477:INFO:            catboost: 1.2.2
2024-01-29 11:00:18,477:INFO:              kmodes: Not installed
2024-01-29 11:00:18,477:INFO:             mlxtend: Not installed
2024-01-29 11:00:18,477:INFO:       statsforecast: Not installed
2024-01-29 11:00:18,477:INFO:        tune_sklearn: Not installed
2024-01-29 11:00:18,477:INFO:                 ray: Not installed
2024-01-29 11:00:18,477:INFO:            hyperopt: Not installed
2024-01-29 11:00:18,477:INFO:              optuna: Not installed
2024-01-29 11:00:18,477:INFO:               skopt: Not installed
2024-01-29 11:00:18,477:INFO:              mlflow: Not installed
2024-01-29 11:00:18,477:INFO:              gradio: Not installed
2024-01-29 11:00:18,477:INFO:             fastapi: Not installed
2024-01-29 11:00:18,477:INFO:             uvicorn: Not installed
2024-01-29 11:00:18,477:INFO:              m2cgen: Not installed
2024-01-29 11:00:18,477:INFO:           evidently: Not installed
2024-01-29 11:00:18,478:INFO:               fugue: Not installed
2024-01-29 11:00:18,478:INFO:           streamlit: Not installed
2024-01-29 11:00:18,478:INFO:             prophet: 1.1.5
2024-01-29 11:00:18,478:INFO:None
2024-01-29 11:00:18,478:INFO:Set Forecast Horizon.
2024-01-29 11:00:18,479:INFO:Set up Train-Test Splits.
2024-01-29 11:00:18,519:INFO:Finished creating preprocessing pipeline.
2024-01-29 11:00:18,525:INFO:Pipeline: ForecastingPipeline(steps=[('forecaster',
                            TransformedTargetForecaster(steps=[('model',
                                                                DummyForecaster())]))])
2024-01-29 11:00:18,525:INFO:Set up Seasonal Period.
2024-01-29 11:00:18,546:INFO:Setting the seasonal component type - 'add' or 'mul'.
2024-01-29 11:00:18,546:INFO:Checking if data is strictly positive.
2024-01-29 11:00:18,596:INFO:Creating final display dataframe.
2024-01-29 11:00:18,613:INFO:Setup Display Container:                                          Description                    Value
0                                         session_id                      123
1                                             Target                 USD (PM)
2                                           Approach               Univariate
3                                Exogenous Variables                  Present
4                                Original data shape                (1826, 2)
5                             Transformed data shape                (1826, 2)
6                        Transformed train set shape                (1825, 2)
7                         Transformed test set shape                   (1, 2)
8                           Rows with missing values                     0.0%
9                                     Fold Generator  ExpandingWindowSplitter
10                                       Fold Number                        5
11                       Enforce Prediction Interval                    False
12                   Splits used for hyperparameters                      all
13                   User Defined Seasonal Period(s)                     None
14                           Ignore Seasonality Test                    False
15                        Seasonality Detection Algo                     auto
16                            Max Period to Consider                       60
17                         Seasonal Period(s) Tested          [16, 47, 2, 32]
18                    Significant Seasonal Period(s)          [16, 47, 2, 32]
19  Significant Seasonal Period(s) without Harmonics                 [32, 47]
20                                  Remove Harmonics                    False
21                            Harmonics Order Method             harmonic_max
22                          Num Seasonalities to Use                        1
23                          All Seasonalities to Use                     [16]
24                               Primary Seasonality                       16
25                               Seasonality Present                     True
26                                  Seasonality Type                      mul
27                          Target Strictly Positive                     True
28                                Target White Noise                       No
29                                     Recommended d                        1
30                            Recommended Seasonal D                        0
31                                        Preprocess                    False
32                                          CPU Jobs                       -1
33                                           Use GPU                    False
34                                    Log Experiment                    False
35                                   Experiment Name          ts-default-name
36                                               USI                     5978
2024-01-29 11:00:18,619:INFO:Engine successfully changes for model 'auto_arima' to 'pmdarima'.
2024-01-29 11:00:18,778:INFO:Soft dependency imported: prophet: 1.1.5
2024-01-29 11:00:18,858:INFO:Engine for model 'lr_cds_dt' has not been set explicitly, hence returning None.
2024-01-29 11:00:18,859:INFO:Engine for model 'en_cds_dt' has not been set explicitly, hence returning None.
2024-01-29 11:00:18,859:INFO:Engine for model 'ridge_cds_dt' has not been set explicitly, hence returning None.
2024-01-29 11:00:18,859:INFO:Engine for model 'lasso_cds_dt' has not been set explicitly, hence returning None.
2024-01-29 11:00:18,859:INFO:Engine for model 'llar_cds_dt' has not been set explicitly, hence returning None.
2024-01-29 11:00:18,859:INFO:Engine for model 'br_cds_dt' has not been set explicitly, hence returning None.
2024-01-29 11:00:18,860:INFO:Engine for model 'huber_cds_dt' has not been set explicitly, hence returning None.
2024-01-29 11:00:18,862:INFO:Engine for model 'omp_cds_dt' has not been set explicitly, hence returning None.
2024-01-29 11:00:18,863:INFO:Engine for model 'knn_cds_dt' has not been set explicitly, hence returning None.
2024-01-29 11:00:18,864:INFO:Engine for model 'dt_cds_dt' has not been set explicitly, hence returning None.
2024-01-29 11:00:18,864:INFO:Engine for model 'rf_cds_dt' has not been set explicitly, hence returning None.
2024-01-29 11:00:18,864:INFO:Engine for model 'et_cds_dt' has not been set explicitly, hence returning None.
2024-01-29 11:00:18,865:INFO:Engine for model 'gbr_cds_dt' has not been set explicitly, hence returning None.
2024-01-29 11:00:18,865:INFO:Engine for model 'ada_cds_dt' has not been set explicitly, hence returning None.
2024-01-29 11:00:18,865:INFO:Engine for model 'xgboost_cds_dt' has not been set explicitly, hence returning None.
2024-01-29 11:00:18,865:INFO:Soft dependency imported: xgboost: 2.0.3
2024-01-29 11:00:18,865:INFO:Soft dependency imported: xgboost: 2.0.3
2024-01-29 11:00:18,865:INFO:Engine for model 'lightgbm_cds_dt' has not been set explicitly, hence returning None.
2024-01-29 11:00:18,866:INFO:Engine for model 'catboost_cds_dt' has not been set explicitly, hence returning None.
2024-01-29 11:00:18,866:INFO:Soft dependency imported: catboost: 1.2.2
2024-01-29 11:00:19,495:INFO:Soft dependency imported: catboost: 1.2.2
2024-01-29 11:00:19,500:INFO:Soft dependency imported: prophet: 1.1.5
2024-01-29 11:00:19,500:INFO:Engine for model 'lr_cds_dt' has not been set explicitly, hence returning None.
2024-01-29 11:00:19,501:INFO:Engine for model 'en_cds_dt' has not been set explicitly, hence returning None.
2024-01-29 11:00:19,501:INFO:Engine for model 'ridge_cds_dt' has not been set explicitly, hence returning None.
2024-01-29 11:00:19,502:INFO:Engine for model 'lasso_cds_dt' has not been set explicitly, hence returning None.
2024-01-29 11:00:19,503:INFO:Engine for model 'llar_cds_dt' has not been set explicitly, hence returning None.
2024-01-29 11:00:19,503:INFO:Engine for model 'br_cds_dt' has not been set explicitly, hence returning None.
2024-01-29 11:00:19,503:INFO:Engine for model 'huber_cds_dt' has not been set explicitly, hence returning None.
2024-01-29 11:00:19,506:INFO:Engine for model 'omp_cds_dt' has not been set explicitly, hence returning None.
2024-01-29 11:00:19,509:INFO:Engine for model 'knn_cds_dt' has not been set explicitly, hence returning None.
2024-01-29 11:00:19,509:INFO:Engine for model 'dt_cds_dt' has not been set explicitly, hence returning None.
2024-01-29 11:00:19,510:INFO:Engine for model 'rf_cds_dt' has not been set explicitly, hence returning None.
2024-01-29 11:00:19,510:INFO:Engine for model 'et_cds_dt' has not been set explicitly, hence returning None.
2024-01-29 11:00:19,510:INFO:Engine for model 'gbr_cds_dt' has not been set explicitly, hence returning None.
2024-01-29 11:00:19,511:INFO:Engine for model 'ada_cds_dt' has not been set explicitly, hence returning None.
2024-01-29 11:00:19,511:INFO:Engine for model 'xgboost_cds_dt' has not been set explicitly, hence returning None.
2024-01-29 11:00:19,511:INFO:Soft dependency imported: xgboost: 2.0.3
2024-01-29 11:00:19,511:INFO:Soft dependency imported: xgboost: 2.0.3
2024-01-29 11:00:19,511:INFO:Engine for model 'lightgbm_cds_dt' has not been set explicitly, hence returning None.
2024-01-29 11:00:19,512:INFO:Engine for model 'catboost_cds_dt' has not been set explicitly, hence returning None.
2024-01-29 11:00:19,512:INFO:Soft dependency imported: catboost: 1.2.2
2024-01-29 11:00:19,512:INFO:Soft dependency imported: catboost: 1.2.2
2024-01-29 11:00:19,512:INFO:Engine successfully changes for model 'lr_cds_dt' to 'sklearn'.
2024-01-29 11:00:19,514:INFO:Soft dependency imported: prophet: 1.1.5
2024-01-29 11:00:19,516:INFO:Engine for model 'en_cds_dt' has not been set explicitly, hence returning None.
2024-01-29 11:00:19,516:INFO:Engine for model 'ridge_cds_dt' has not been set explicitly, hence returning None.
2024-01-29 11:00:19,516:INFO:Engine for model 'lasso_cds_dt' has not been set explicitly, hence returning None.
2024-01-29 11:00:19,516:INFO:Engine for model 'llar_cds_dt' has not been set explicitly, hence returning None.
2024-01-29 11:00:19,517:INFO:Engine for model 'br_cds_dt' has not been set explicitly, hence returning None.
2024-01-29 11:00:19,517:INFO:Engine for model 'huber_cds_dt' has not been set explicitly, hence returning None.
2024-01-29 11:00:19,519:INFO:Engine for model 'omp_cds_dt' has not been set explicitly, hence returning None.
2024-01-29 11:00:19,521:INFO:Engine for model 'knn_cds_dt' has not been set explicitly, hence returning None.
2024-01-29 11:00:19,521:INFO:Engine for model 'dt_cds_dt' has not been set explicitly, hence returning None.
2024-01-29 11:00:19,521:INFO:Engine for model 'rf_cds_dt' has not been set explicitly, hence returning None.
2024-01-29 11:00:19,521:INFO:Engine for model 'et_cds_dt' has not been set explicitly, hence returning None.
2024-01-29 11:00:19,521:INFO:Engine for model 'gbr_cds_dt' has not been set explicitly, hence returning None.
2024-01-29 11:00:19,522:INFO:Engine for model 'ada_cds_dt' has not been set explicitly, hence returning None.
2024-01-29 11:00:19,522:INFO:Engine for model 'xgboost_cds_dt' has not been set explicitly, hence returning None.
2024-01-29 11:00:19,522:INFO:Soft dependency imported: xgboost: 2.0.3
2024-01-29 11:00:19,522:INFO:Soft dependency imported: xgboost: 2.0.3
2024-01-29 11:00:19,522:INFO:Engine for model 'lightgbm_cds_dt' has not been set explicitly, hence returning None.
2024-01-29 11:00:19,522:INFO:Engine for model 'catboost_cds_dt' has not been set explicitly, hence returning None.
2024-01-29 11:00:19,522:INFO:Soft dependency imported: catboost: 1.2.2
2024-01-29 11:00:19,522:INFO:Soft dependency imported: catboost: 1.2.2
2024-01-29 11:00:19,523:INFO:Soft dependency imported: prophet: 1.1.5
2024-01-29 11:00:19,524:INFO:Engine for model 'en_cds_dt' has not been set explicitly, hence returning None.
2024-01-29 11:00:19,524:INFO:Engine for model 'ridge_cds_dt' has not been set explicitly, hence returning None.
2024-01-29 11:00:19,524:INFO:Engine for model 'lasso_cds_dt' has not been set explicitly, hence returning None.
2024-01-29 11:00:19,524:INFO:Engine for model 'llar_cds_dt' has not been set explicitly, hence returning None.
2024-01-29 11:00:19,524:INFO:Engine for model 'br_cds_dt' has not been set explicitly, hence returning None.
2024-01-29 11:00:19,524:INFO:Engine for model 'huber_cds_dt' has not been set explicitly, hence returning None.
2024-01-29 11:00:19,526:INFO:Engine for model 'omp_cds_dt' has not been set explicitly, hence returning None.
2024-01-29 11:00:19,527:INFO:Engine for model 'knn_cds_dt' has not been set explicitly, hence returning None.
2024-01-29 11:00:19,527:INFO:Engine for model 'dt_cds_dt' has not been set explicitly, hence returning None.
2024-01-29 11:00:19,527:INFO:Engine for model 'rf_cds_dt' has not been set explicitly, hence returning None.
2024-01-29 11:00:19,527:INFO:Engine for model 'et_cds_dt' has not been set explicitly, hence returning None.
2024-01-29 11:00:19,528:INFO:Engine for model 'gbr_cds_dt' has not been set explicitly, hence returning None.
2024-01-29 11:00:19,528:INFO:Engine for model 'ada_cds_dt' has not been set explicitly, hence returning None.
2024-01-29 11:00:19,528:INFO:Engine for model 'xgboost_cds_dt' has not been set explicitly, hence returning None.
2024-01-29 11:00:19,528:INFO:Soft dependency imported: xgboost: 2.0.3
2024-01-29 11:00:19,528:INFO:Soft dependency imported: xgboost: 2.0.3
2024-01-29 11:00:19,528:INFO:Engine for model 'lightgbm_cds_dt' has not been set explicitly, hence returning None.
2024-01-29 11:00:19,528:INFO:Engine for model 'catboost_cds_dt' has not been set explicitly, hence returning None.
2024-01-29 11:00:19,528:INFO:Soft dependency imported: catboost: 1.2.2
2024-01-29 11:00:19,528:INFO:Soft dependency imported: catboost: 1.2.2
2024-01-29 11:00:19,529:INFO:Engine successfully changes for model 'en_cds_dt' to 'sklearn'.
2024-01-29 11:00:19,530:INFO:Soft dependency imported: prophet: 1.1.5
2024-01-29 11:00:19,530:INFO:Engine for model 'ridge_cds_dt' has not been set explicitly, hence returning None.
2024-01-29 11:00:19,530:INFO:Engine for model 'lasso_cds_dt' has not been set explicitly, hence returning None.
2024-01-29 11:00:19,530:INFO:Engine for model 'llar_cds_dt' has not been set explicitly, hence returning None.
2024-01-29 11:00:19,530:INFO:Engine for model 'br_cds_dt' has not been set explicitly, hence returning None.
2024-01-29 11:00:19,532:INFO:Engine for model 'huber_cds_dt' has not been set explicitly, hence returning None.
2024-01-29 11:00:19,533:INFO:Engine for model 'omp_cds_dt' has not been set explicitly, hence returning None.
2024-01-29 11:00:19,534:INFO:Engine for model 'knn_cds_dt' has not been set explicitly, hence returning None.
2024-01-29 11:00:19,534:INFO:Engine for model 'dt_cds_dt' has not been set explicitly, hence returning None.
2024-01-29 11:00:19,535:INFO:Engine for model 'rf_cds_dt' has not been set explicitly, hence returning None.
2024-01-29 11:00:19,535:INFO:Engine for model 'et_cds_dt' has not been set explicitly, hence returning None.
2024-01-29 11:00:19,535:INFO:Engine for model 'gbr_cds_dt' has not been set explicitly, hence returning None.
2024-01-29 11:00:19,535:INFO:Engine for model 'ada_cds_dt' has not been set explicitly, hence returning None.
2024-01-29 11:00:19,535:INFO:Engine for model 'xgboost_cds_dt' has not been set explicitly, hence returning None.
2024-01-29 11:00:19,535:INFO:Soft dependency imported: xgboost: 2.0.3
2024-01-29 11:00:19,535:INFO:Soft dependency imported: xgboost: 2.0.3
2024-01-29 11:00:19,536:INFO:Engine for model 'lightgbm_cds_dt' has not been set explicitly, hence returning None.
2024-01-29 11:00:19,536:INFO:Engine for model 'catboost_cds_dt' has not been set explicitly, hence returning None.
2024-01-29 11:00:19,536:INFO:Soft dependency imported: catboost: 1.2.2
2024-01-29 11:00:19,536:INFO:Soft dependency imported: catboost: 1.2.2
2024-01-29 11:00:19,537:INFO:Soft dependency imported: prophet: 1.1.5
2024-01-29 11:00:19,538:INFO:Engine for model 'ridge_cds_dt' has not been set explicitly, hence returning None.
2024-01-29 11:00:19,538:INFO:Engine for model 'lasso_cds_dt' has not been set explicitly, hence returning None.
2024-01-29 11:00:19,538:INFO:Engine for model 'llar_cds_dt' has not been set explicitly, hence returning None.
2024-01-29 11:00:19,538:INFO:Engine for model 'br_cds_dt' has not been set explicitly, hence returning None.
2024-01-29 11:00:19,538:INFO:Engine for model 'huber_cds_dt' has not been set explicitly, hence returning None.
2024-01-29 11:00:19,540:INFO:Engine for model 'omp_cds_dt' has not been set explicitly, hence returning None.
2024-01-29 11:00:19,541:INFO:Engine for model 'knn_cds_dt' has not been set explicitly, hence returning None.
2024-01-29 11:00:19,541:INFO:Engine for model 'dt_cds_dt' has not been set explicitly, hence returning None.
2024-01-29 11:00:19,541:INFO:Engine for model 'rf_cds_dt' has not been set explicitly, hence returning None.
2024-01-29 11:00:19,541:INFO:Engine for model 'et_cds_dt' has not been set explicitly, hence returning None.
2024-01-29 11:00:19,541:INFO:Engine for model 'gbr_cds_dt' has not been set explicitly, hence returning None.
2024-01-29 11:00:19,542:INFO:Engine for model 'ada_cds_dt' has not been set explicitly, hence returning None.
2024-01-29 11:00:19,542:INFO:Engine for model 'xgboost_cds_dt' has not been set explicitly, hence returning None.
2024-01-29 11:00:19,542:INFO:Soft dependency imported: xgboost: 2.0.3
2024-01-29 11:00:19,542:INFO:Soft dependency imported: xgboost: 2.0.3
2024-01-29 11:00:19,542:INFO:Engine for model 'lightgbm_cds_dt' has not been set explicitly, hence returning None.
2024-01-29 11:00:19,543:INFO:Engine for model 'catboost_cds_dt' has not been set explicitly, hence returning None.
2024-01-29 11:00:19,543:INFO:Soft dependency imported: catboost: 1.2.2
2024-01-29 11:00:19,543:INFO:Soft dependency imported: catboost: 1.2.2
2024-01-29 11:00:19,543:INFO:Engine successfully changes for model 'ridge_cds_dt' to 'sklearn'.
2024-01-29 11:00:19,544:INFO:Soft dependency imported: prophet: 1.1.5
2024-01-29 11:00:19,545:INFO:Engine for model 'lasso_cds_dt' has not been set explicitly, hence returning None.
2024-01-29 11:00:19,545:INFO:Engine for model 'llar_cds_dt' has not been set explicitly, hence returning None.
2024-01-29 11:00:19,545:INFO:Engine for model 'br_cds_dt' has not been set explicitly, hence returning None.
2024-01-29 11:00:19,545:INFO:Engine for model 'huber_cds_dt' has not been set explicitly, hence returning None.
2024-01-29 11:00:19,546:INFO:Engine for model 'omp_cds_dt' has not been set explicitly, hence returning None.
2024-01-29 11:00:19,548:INFO:Engine for model 'knn_cds_dt' has not been set explicitly, hence returning None.
2024-01-29 11:00:19,548:INFO:Engine for model 'dt_cds_dt' has not been set explicitly, hence returning None.
2024-01-29 11:00:19,548:INFO:Engine for model 'rf_cds_dt' has not been set explicitly, hence returning None.
2024-01-29 11:00:19,549:INFO:Engine for model 'et_cds_dt' has not been set explicitly, hence returning None.
2024-01-29 11:00:19,549:INFO:Engine for model 'gbr_cds_dt' has not been set explicitly, hence returning None.
2024-01-29 11:00:19,549:INFO:Engine for model 'ada_cds_dt' has not been set explicitly, hence returning None.
2024-01-29 11:00:19,549:INFO:Engine for model 'xgboost_cds_dt' has not been set explicitly, hence returning None.
2024-01-29 11:00:19,549:INFO:Soft dependency imported: xgboost: 2.0.3
2024-01-29 11:00:19,549:INFO:Soft dependency imported: xgboost: 2.0.3
2024-01-29 11:00:19,549:INFO:Engine for model 'lightgbm_cds_dt' has not been set explicitly, hence returning None.
2024-01-29 11:00:19,550:INFO:Engine for model 'catboost_cds_dt' has not been set explicitly, hence returning None.
2024-01-29 11:00:19,550:INFO:Soft dependency imported: catboost: 1.2.2
2024-01-29 11:00:19,550:INFO:Soft dependency imported: catboost: 1.2.2
2024-01-29 11:00:19,551:INFO:Soft dependency imported: prophet: 1.1.5
2024-01-29 11:00:19,551:INFO:Engine for model 'lasso_cds_dt' has not been set explicitly, hence returning None.
2024-01-29 11:00:19,551:INFO:Engine for model 'llar_cds_dt' has not been set explicitly, hence returning None.
2024-01-29 11:00:19,551:INFO:Engine for model 'br_cds_dt' has not been set explicitly, hence returning None.
2024-01-29 11:00:19,552:INFO:Engine for model 'huber_cds_dt' has not been set explicitly, hence returning None.
2024-01-29 11:00:19,553:INFO:Engine for model 'omp_cds_dt' has not been set explicitly, hence returning None.
2024-01-29 11:00:19,554:INFO:Engine for model 'knn_cds_dt' has not been set explicitly, hence returning None.
2024-01-29 11:00:19,555:INFO:Engine for model 'dt_cds_dt' has not been set explicitly, hence returning None.
2024-01-29 11:00:19,555:INFO:Engine for model 'rf_cds_dt' has not been set explicitly, hence returning None.
2024-01-29 11:00:19,555:INFO:Engine for model 'et_cds_dt' has not been set explicitly, hence returning None.
2024-01-29 11:00:19,555:INFO:Engine for model 'gbr_cds_dt' has not been set explicitly, hence returning None.
2024-01-29 11:00:19,555:INFO:Engine for model 'ada_cds_dt' has not been set explicitly, hence returning None.
2024-01-29 11:00:19,555:INFO:Engine for model 'xgboost_cds_dt' has not been set explicitly, hence returning None.
2024-01-29 11:00:19,555:INFO:Soft dependency imported: xgboost: 2.0.3
2024-01-29 11:00:19,556:INFO:Soft dependency imported: xgboost: 2.0.3
2024-01-29 11:00:19,556:INFO:Engine for model 'lightgbm_cds_dt' has not been set explicitly, hence returning None.
2024-01-29 11:00:19,556:INFO:Engine for model 'catboost_cds_dt' has not been set explicitly, hence returning None.
2024-01-29 11:00:19,556:INFO:Soft dependency imported: catboost: 1.2.2
2024-01-29 11:00:19,556:INFO:Soft dependency imported: catboost: 1.2.2
2024-01-29 11:00:19,556:INFO:Engine successfully changes for model 'lasso_cds_dt' to 'sklearn'.
2024-01-29 11:00:19,558:INFO:Soft dependency imported: prophet: 1.1.5
2024-01-29 11:00:19,558:INFO:Engine for model 'llar_cds_dt' has not been set explicitly, hence returning None.
2024-01-29 11:00:19,558:INFO:Engine for model 'br_cds_dt' has not been set explicitly, hence returning None.
2024-01-29 11:00:19,558:INFO:Engine for model 'huber_cds_dt' has not been set explicitly, hence returning None.
2024-01-29 11:00:19,560:INFO:Engine for model 'omp_cds_dt' has not been set explicitly, hence returning None.
2024-01-29 11:00:19,560:INFO:Engine for model 'knn_cds_dt' has not been set explicitly, hence returning None.
2024-01-29 11:00:19,560:INFO:Engine for model 'dt_cds_dt' has not been set explicitly, hence returning None.
2024-01-29 11:00:19,562:INFO:Engine for model 'rf_cds_dt' has not been set explicitly, hence returning None.
2024-01-29 11:00:19,562:INFO:Engine for model 'et_cds_dt' has not been set explicitly, hence returning None.
2024-01-29 11:00:19,562:INFO:Engine for model 'gbr_cds_dt' has not been set explicitly, hence returning None.
2024-01-29 11:00:19,562:INFO:Engine for model 'ada_cds_dt' has not been set explicitly, hence returning None.
2024-01-29 11:00:19,562:INFO:Engine for model 'xgboost_cds_dt' has not been set explicitly, hence returning None.
2024-01-29 11:00:19,562:INFO:Soft dependency imported: xgboost: 2.0.3
2024-01-29 11:00:19,562:INFO:Soft dependency imported: xgboost: 2.0.3
2024-01-29 11:00:19,563:INFO:Engine for model 'lightgbm_cds_dt' has not been set explicitly, hence returning None.
2024-01-29 11:00:19,563:INFO:Engine for model 'catboost_cds_dt' has not been set explicitly, hence returning None.
2024-01-29 11:00:19,563:INFO:Soft dependency imported: catboost: 1.2.2
2024-01-29 11:00:19,563:INFO:Soft dependency imported: catboost: 1.2.2
2024-01-29 11:00:19,565:INFO:Soft dependency imported: prophet: 1.1.5
2024-01-29 11:00:19,565:INFO:Engine for model 'llar_cds_dt' has not been set explicitly, hence returning None.
2024-01-29 11:00:19,565:INFO:Engine for model 'br_cds_dt' has not been set explicitly, hence returning None.
2024-01-29 11:00:19,566:INFO:Engine for model 'huber_cds_dt' has not been set explicitly, hence returning None.
2024-01-29 11:00:19,567:INFO:Engine for model 'omp_cds_dt' has not been set explicitly, hence returning None.
2024-01-29 11:00:19,568:INFO:Engine for model 'knn_cds_dt' has not been set explicitly, hence returning None.
2024-01-29 11:00:19,568:INFO:Engine for model 'dt_cds_dt' has not been set explicitly, hence returning None.
2024-01-29 11:00:19,568:INFO:Engine for model 'rf_cds_dt' has not been set explicitly, hence returning None.
2024-01-29 11:00:19,569:INFO:Engine for model 'et_cds_dt' has not been set explicitly, hence returning None.
2024-01-29 11:00:19,569:INFO:Engine for model 'gbr_cds_dt' has not been set explicitly, hence returning None.
2024-01-29 11:00:19,569:INFO:Engine for model 'ada_cds_dt' has not been set explicitly, hence returning None.
2024-01-29 11:00:19,569:INFO:Engine for model 'xgboost_cds_dt' has not been set explicitly, hence returning None.
2024-01-29 11:00:19,569:INFO:Soft dependency imported: xgboost: 2.0.3
2024-01-29 11:00:19,569:INFO:Soft dependency imported: xgboost: 2.0.3
2024-01-29 11:00:19,569:INFO:Engine for model 'lightgbm_cds_dt' has not been set explicitly, hence returning None.
2024-01-29 11:00:19,570:INFO:Engine for model 'catboost_cds_dt' has not been set explicitly, hence returning None.
2024-01-29 11:00:19,570:INFO:Soft dependency imported: catboost: 1.2.2
2024-01-29 11:00:19,570:INFO:Soft dependency imported: catboost: 1.2.2
2024-01-29 11:00:19,570:INFO:Engine successfully changes for model 'lar_cds_dt' to 'sklearn'.
2024-01-29 11:00:19,571:INFO:Soft dependency imported: prophet: 1.1.5
2024-01-29 11:00:19,572:INFO:Engine for model 'llar_cds_dt' has not been set explicitly, hence returning None.
2024-01-29 11:00:19,572:INFO:Engine for model 'br_cds_dt' has not been set explicitly, hence returning None.
2024-01-29 11:00:19,572:INFO:Engine for model 'huber_cds_dt' has not been set explicitly, hence returning None.
2024-01-29 11:00:19,573:INFO:Engine for model 'omp_cds_dt' has not been set explicitly, hence returning None.
2024-01-29 11:00:19,574:INFO:Engine for model 'knn_cds_dt' has not been set explicitly, hence returning None.
2024-01-29 11:00:19,574:INFO:Engine for model 'dt_cds_dt' has not been set explicitly, hence returning None.
2024-01-29 11:00:19,575:INFO:Engine for model 'rf_cds_dt' has not been set explicitly, hence returning None.
2024-01-29 11:00:19,575:INFO:Engine for model 'et_cds_dt' has not been set explicitly, hence returning None.
2024-01-29 11:00:19,575:INFO:Engine for model 'gbr_cds_dt' has not been set explicitly, hence returning None.
2024-01-29 11:00:19,575:INFO:Engine for model 'ada_cds_dt' has not been set explicitly, hence returning None.
2024-01-29 11:00:19,575:INFO:Engine for model 'xgboost_cds_dt' has not been set explicitly, hence returning None.
2024-01-29 11:00:19,576:INFO:Soft dependency imported: xgboost: 2.0.3
2024-01-29 11:00:19,576:INFO:Soft dependency imported: xgboost: 2.0.3
2024-01-29 11:00:19,576:INFO:Engine for model 'lightgbm_cds_dt' has not been set explicitly, hence returning None.
2024-01-29 11:00:19,576:INFO:Engine for model 'catboost_cds_dt' has not been set explicitly, hence returning None.
2024-01-29 11:00:19,576:INFO:Soft dependency imported: catboost: 1.2.2
2024-01-29 11:00:19,576:INFO:Soft dependency imported: catboost: 1.2.2
2024-01-29 11:00:19,578:INFO:Soft dependency imported: prophet: 1.1.5
2024-01-29 11:00:19,579:INFO:Engine for model 'llar_cds_dt' has not been set explicitly, hence returning None.
2024-01-29 11:00:19,579:INFO:Engine for model 'br_cds_dt' has not been set explicitly, hence returning None.
2024-01-29 11:00:19,579:INFO:Engine for model 'huber_cds_dt' has not been set explicitly, hence returning None.
2024-01-29 11:00:19,580:INFO:Engine for model 'omp_cds_dt' has not been set explicitly, hence returning None.
2024-01-29 11:00:19,582:INFO:Engine for model 'knn_cds_dt' has not been set explicitly, hence returning None.
2024-01-29 11:00:19,582:INFO:Engine for model 'dt_cds_dt' has not been set explicitly, hence returning None.
2024-01-29 11:00:19,582:INFO:Engine for model 'rf_cds_dt' has not been set explicitly, hence returning None.
2024-01-29 11:00:19,582:INFO:Engine for model 'et_cds_dt' has not been set explicitly, hence returning None.
2024-01-29 11:00:19,582:INFO:Engine for model 'gbr_cds_dt' has not been set explicitly, hence returning None.
2024-01-29 11:00:19,583:INFO:Engine for model 'ada_cds_dt' has not been set explicitly, hence returning None.
2024-01-29 11:00:19,583:INFO:Engine for model 'xgboost_cds_dt' has not been set explicitly, hence returning None.
2024-01-29 11:00:19,583:INFO:Soft dependency imported: xgboost: 2.0.3
2024-01-29 11:00:19,583:INFO:Soft dependency imported: xgboost: 2.0.3
2024-01-29 11:00:19,583:INFO:Engine for model 'lightgbm_cds_dt' has not been set explicitly, hence returning None.
2024-01-29 11:00:19,583:INFO:Engine for model 'catboost_cds_dt' has not been set explicitly, hence returning None.
2024-01-29 11:00:19,583:INFO:Soft dependency imported: catboost: 1.2.2
2024-01-29 11:00:19,583:INFO:Soft dependency imported: catboost: 1.2.2
2024-01-29 11:00:19,584:INFO:Engine successfully changes for model 'llar_cds_dt' to 'sklearn'.
2024-01-29 11:00:19,585:INFO:Soft dependency imported: prophet: 1.1.5
2024-01-29 11:00:19,586:INFO:Engine for model 'br_cds_dt' has not been set explicitly, hence returning None.
2024-01-29 11:00:19,586:INFO:Engine for model 'huber_cds_dt' has not been set explicitly, hence returning None.
2024-01-29 11:00:19,587:INFO:Engine for model 'omp_cds_dt' has not been set explicitly, hence returning None.
2024-01-29 11:00:19,588:INFO:Engine for model 'knn_cds_dt' has not been set explicitly, hence returning None.
2024-01-29 11:00:19,589:INFO:Engine for model 'dt_cds_dt' has not been set explicitly, hence returning None.
2024-01-29 11:00:19,589:INFO:Engine for model 'rf_cds_dt' has not been set explicitly, hence returning None.
2024-01-29 11:00:19,589:INFO:Engine for model 'et_cds_dt' has not been set explicitly, hence returning None.
2024-01-29 11:00:19,589:INFO:Engine for model 'gbr_cds_dt' has not been set explicitly, hence returning None.
2024-01-29 11:00:19,589:INFO:Engine for model 'ada_cds_dt' has not been set explicitly, hence returning None.
2024-01-29 11:00:19,589:INFO:Engine for model 'xgboost_cds_dt' has not been set explicitly, hence returning None.
2024-01-29 11:00:19,589:INFO:Soft dependency imported: xgboost: 2.0.3
2024-01-29 11:00:19,589:INFO:Soft dependency imported: xgboost: 2.0.3
2024-01-29 11:00:19,590:INFO:Engine for model 'lightgbm_cds_dt' has not been set explicitly, hence returning None.
2024-01-29 11:00:19,590:INFO:Engine for model 'catboost_cds_dt' has not been set explicitly, hence returning None.
2024-01-29 11:00:19,590:INFO:Soft dependency imported: catboost: 1.2.2
2024-01-29 11:00:19,590:INFO:Soft dependency imported: catboost: 1.2.2
2024-01-29 11:00:19,592:INFO:Soft dependency imported: prophet: 1.1.5
2024-01-29 11:00:19,592:INFO:Engine for model 'br_cds_dt' has not been set explicitly, hence returning None.
2024-01-29 11:00:19,592:INFO:Engine for model 'huber_cds_dt' has not been set explicitly, hence returning None.
2024-01-29 11:00:19,594:INFO:Engine for model 'omp_cds_dt' has not been set explicitly, hence returning None.
2024-01-29 11:00:19,595:INFO:Engine for model 'knn_cds_dt' has not been set explicitly, hence returning None.
2024-01-29 11:00:19,595:INFO:Engine for model 'dt_cds_dt' has not been set explicitly, hence returning None.
2024-01-29 11:00:19,596:INFO:Engine for model 'rf_cds_dt' has not been set explicitly, hence returning None.
2024-01-29 11:00:19,596:INFO:Engine for model 'et_cds_dt' has not been set explicitly, hence returning None.
2024-01-29 11:00:19,596:INFO:Engine for model 'gbr_cds_dt' has not been set explicitly, hence returning None.
2024-01-29 11:00:19,596:INFO:Engine for model 'ada_cds_dt' has not been set explicitly, hence returning None.
2024-01-29 11:00:19,596:INFO:Engine for model 'xgboost_cds_dt' has not been set explicitly, hence returning None.
2024-01-29 11:00:19,596:INFO:Soft dependency imported: xgboost: 2.0.3
2024-01-29 11:00:19,596:INFO:Soft dependency imported: xgboost: 2.0.3
2024-01-29 11:00:19,596:INFO:Engine for model 'lightgbm_cds_dt' has not been set explicitly, hence returning None.
2024-01-29 11:00:19,597:INFO:Engine for model 'catboost_cds_dt' has not been set explicitly, hence returning None.
2024-01-29 11:00:19,597:INFO:Soft dependency imported: catboost: 1.2.2
2024-01-29 11:00:19,597:INFO:Soft dependency imported: catboost: 1.2.2
2024-01-29 11:00:19,597:INFO:Engine successfully changes for model 'br_cds_dt' to 'sklearn'.
2024-01-29 11:00:19,598:INFO:Soft dependency imported: prophet: 1.1.5
2024-01-29 11:00:19,599:INFO:Engine for model 'huber_cds_dt' has not been set explicitly, hence returning None.
2024-01-29 11:00:19,600:INFO:Engine for model 'omp_cds_dt' has not been set explicitly, hence returning None.
2024-01-29 11:00:19,601:INFO:Engine for model 'knn_cds_dt' has not been set explicitly, hence returning None.
2024-01-29 11:00:19,602:INFO:Engine for model 'dt_cds_dt' has not been set explicitly, hence returning None.
2024-01-29 11:00:19,602:INFO:Engine for model 'rf_cds_dt' has not been set explicitly, hence returning None.
2024-01-29 11:00:19,602:INFO:Engine for model 'et_cds_dt' has not been set explicitly, hence returning None.
2024-01-29 11:00:19,602:INFO:Engine for model 'gbr_cds_dt' has not been set explicitly, hence returning None.
2024-01-29 11:00:19,602:INFO:Engine for model 'ada_cds_dt' has not been set explicitly, hence returning None.
2024-01-29 11:00:19,602:INFO:Engine for model 'xgboost_cds_dt' has not been set explicitly, hence returning None.
2024-01-29 11:00:19,602:INFO:Soft dependency imported: xgboost: 2.0.3
2024-01-29 11:00:19,602:INFO:Soft dependency imported: xgboost: 2.0.3
2024-01-29 11:00:19,602:INFO:Engine for model 'lightgbm_cds_dt' has not been set explicitly, hence returning None.
2024-01-29 11:00:19,602:INFO:Engine for model 'catboost_cds_dt' has not been set explicitly, hence returning None.
2024-01-29 11:00:19,602:INFO:Soft dependency imported: catboost: 1.2.2
2024-01-29 11:00:19,602:INFO:Soft dependency imported: catboost: 1.2.2
2024-01-29 11:00:19,604:INFO:Soft dependency imported: prophet: 1.1.5
2024-01-29 11:00:19,605:INFO:Engine for model 'huber_cds_dt' has not been set explicitly, hence returning None.
2024-01-29 11:00:19,606:INFO:Engine for model 'omp_cds_dt' has not been set explicitly, hence returning None.
2024-01-29 11:00:19,607:INFO:Engine for model 'knn_cds_dt' has not been set explicitly, hence returning None.
2024-01-29 11:00:19,607:INFO:Engine for model 'dt_cds_dt' has not been set explicitly, hence returning None.
2024-01-29 11:00:19,607:INFO:Engine for model 'rf_cds_dt' has not been set explicitly, hence returning None.
2024-01-29 11:00:19,607:INFO:Engine for model 'et_cds_dt' has not been set explicitly, hence returning None.
2024-01-29 11:00:19,608:INFO:Engine for model 'gbr_cds_dt' has not been set explicitly, hence returning None.
2024-01-29 11:00:19,608:INFO:Engine for model 'ada_cds_dt' has not been set explicitly, hence returning None.
2024-01-29 11:00:19,608:INFO:Engine for model 'xgboost_cds_dt' has not been set explicitly, hence returning None.
2024-01-29 11:00:19,608:INFO:Soft dependency imported: xgboost: 2.0.3
2024-01-29 11:00:19,608:INFO:Soft dependency imported: xgboost: 2.0.3
2024-01-29 11:00:19,608:INFO:Engine for model 'lightgbm_cds_dt' has not been set explicitly, hence returning None.
2024-01-29 11:00:19,608:INFO:Engine for model 'catboost_cds_dt' has not been set explicitly, hence returning None.
2024-01-29 11:00:19,608:INFO:Soft dependency imported: catboost: 1.2.2
2024-01-29 11:00:19,608:INFO:Soft dependency imported: catboost: 1.2.2
2024-01-29 11:00:19,609:INFO:Engine successfully changes for model 'huber_cds_dt' to 'sklearn'.
2024-01-29 11:00:19,610:INFO:Soft dependency imported: prophet: 1.1.5
2024-01-29 11:00:19,613:INFO:Engine for model 'omp_cds_dt' has not been set explicitly, hence returning None.
2024-01-29 11:00:19,614:INFO:Engine for model 'knn_cds_dt' has not been set explicitly, hence returning None.
2024-01-29 11:00:19,614:INFO:Engine for model 'dt_cds_dt' has not been set explicitly, hence returning None.
2024-01-29 11:00:19,614:INFO:Engine for model 'rf_cds_dt' has not been set explicitly, hence returning None.
2024-01-29 11:00:19,614:INFO:Engine for model 'et_cds_dt' has not been set explicitly, hence returning None.
2024-01-29 11:00:19,614:INFO:Engine for model 'gbr_cds_dt' has not been set explicitly, hence returning None.
2024-01-29 11:00:19,614:INFO:Engine for model 'ada_cds_dt' has not been set explicitly, hence returning None.
2024-01-29 11:00:19,614:INFO:Engine for model 'xgboost_cds_dt' has not been set explicitly, hence returning None.
2024-01-29 11:00:19,615:INFO:Soft dependency imported: xgboost: 2.0.3
2024-01-29 11:00:19,615:INFO:Soft dependency imported: xgboost: 2.0.3
2024-01-29 11:00:19,615:INFO:Engine for model 'lightgbm_cds_dt' has not been set explicitly, hence returning None.
2024-01-29 11:00:19,615:INFO:Engine for model 'catboost_cds_dt' has not been set explicitly, hence returning None.
2024-01-29 11:00:19,615:INFO:Soft dependency imported: catboost: 1.2.2
2024-01-29 11:00:19,615:INFO:Soft dependency imported: catboost: 1.2.2
2024-01-29 11:00:19,617:INFO:Soft dependency imported: prophet: 1.1.5
2024-01-29 11:00:19,618:INFO:Engine for model 'omp_cds_dt' has not been set explicitly, hence returning None.
2024-01-29 11:00:19,620:INFO:Engine for model 'knn_cds_dt' has not been set explicitly, hence returning None.
2024-01-29 11:00:19,620:INFO:Engine for model 'dt_cds_dt' has not been set explicitly, hence returning None.
2024-01-29 11:00:19,620:INFO:Engine for model 'rf_cds_dt' has not been set explicitly, hence returning None.
2024-01-29 11:00:19,620:INFO:Engine for model 'et_cds_dt' has not been set explicitly, hence returning None.
2024-01-29 11:00:19,620:INFO:Engine for model 'gbr_cds_dt' has not been set explicitly, hence returning None.
2024-01-29 11:00:19,620:INFO:Engine for model 'ada_cds_dt' has not been set explicitly, hence returning None.
2024-01-29 11:00:19,620:INFO:Engine for model 'xgboost_cds_dt' has not been set explicitly, hence returning None.
2024-01-29 11:00:19,620:INFO:Soft dependency imported: xgboost: 2.0.3
2024-01-29 11:00:19,620:INFO:Soft dependency imported: xgboost: 2.0.3
2024-01-29 11:00:19,620:INFO:Engine for model 'lightgbm_cds_dt' has not been set explicitly, hence returning None.
2024-01-29 11:00:19,620:INFO:Engine for model 'catboost_cds_dt' has not been set explicitly, hence returning None.
2024-01-29 11:00:19,620:INFO:Soft dependency imported: catboost: 1.2.2
2024-01-29 11:00:19,620:INFO:Soft dependency imported: catboost: 1.2.2
2024-01-29 11:00:19,622:INFO:Engine successfully changes for model 'par_cds_dt' to 'sklearn'.
2024-01-29 11:00:19,623:INFO:Soft dependency imported: prophet: 1.1.5
2024-01-29 11:00:19,626:INFO:Engine for model 'omp_cds_dt' has not been set explicitly, hence returning None.
2024-01-29 11:00:19,627:INFO:Engine for model 'knn_cds_dt' has not been set explicitly, hence returning None.
2024-01-29 11:00:19,627:INFO:Engine for model 'dt_cds_dt' has not been set explicitly, hence returning None.
2024-01-29 11:00:19,627:INFO:Engine for model 'rf_cds_dt' has not been set explicitly, hence returning None.
2024-01-29 11:00:19,627:INFO:Engine for model 'et_cds_dt' has not been set explicitly, hence returning None.
2024-01-29 11:00:19,628:INFO:Engine for model 'gbr_cds_dt' has not been set explicitly, hence returning None.
2024-01-29 11:00:19,628:INFO:Engine for model 'ada_cds_dt' has not been set explicitly, hence returning None.
2024-01-29 11:00:19,628:INFO:Engine for model 'xgboost_cds_dt' has not been set explicitly, hence returning None.
2024-01-29 11:00:19,628:INFO:Soft dependency imported: xgboost: 2.0.3
2024-01-29 11:00:19,628:INFO:Soft dependency imported: xgboost: 2.0.3
2024-01-29 11:00:19,628:INFO:Engine for model 'lightgbm_cds_dt' has not been set explicitly, hence returning None.
2024-01-29 11:00:19,628:INFO:Engine for model 'catboost_cds_dt' has not been set explicitly, hence returning None.
2024-01-29 11:00:19,628:INFO:Soft dependency imported: catboost: 1.2.2
2024-01-29 11:00:19,628:INFO:Soft dependency imported: catboost: 1.2.2
2024-01-29 11:00:19,630:INFO:Soft dependency imported: prophet: 1.1.5
2024-01-29 11:00:19,632:INFO:Engine for model 'omp_cds_dt' has not been set explicitly, hence returning None.
2024-01-29 11:00:19,634:INFO:Engine for model 'knn_cds_dt' has not been set explicitly, hence returning None.
2024-01-29 11:00:19,634:INFO:Engine for model 'dt_cds_dt' has not been set explicitly, hence returning None.
2024-01-29 11:00:19,634:INFO:Engine for model 'rf_cds_dt' has not been set explicitly, hence returning None.
2024-01-29 11:00:19,634:INFO:Engine for model 'et_cds_dt' has not been set explicitly, hence returning None.
2024-01-29 11:00:19,634:INFO:Engine for model 'gbr_cds_dt' has not been set explicitly, hence returning None.
2024-01-29 11:00:19,634:INFO:Engine for model 'ada_cds_dt' has not been set explicitly, hence returning None.
2024-01-29 11:00:19,634:INFO:Engine for model 'xgboost_cds_dt' has not been set explicitly, hence returning None.
2024-01-29 11:00:19,634:INFO:Soft dependency imported: xgboost: 2.0.3
2024-01-29 11:00:19,634:INFO:Soft dependency imported: xgboost: 2.0.3
2024-01-29 11:00:19,634:INFO:Engine for model 'lightgbm_cds_dt' has not been set explicitly, hence returning None.
2024-01-29 11:00:19,634:INFO:Engine for model 'catboost_cds_dt' has not been set explicitly, hence returning None.
2024-01-29 11:00:19,634:INFO:Soft dependency imported: catboost: 1.2.2
2024-01-29 11:00:19,634:INFO:Soft dependency imported: catboost: 1.2.2
2024-01-29 11:00:19,636:INFO:Engine successfully changes for model 'omp_cds_dt' to 'sklearn'.
2024-01-29 11:00:19,637:INFO:Soft dependency imported: prophet: 1.1.5
2024-01-29 11:00:19,640:INFO:Engine for model 'knn_cds_dt' has not been set explicitly, hence returning None.
2024-01-29 11:00:19,640:INFO:Engine for model 'dt_cds_dt' has not been set explicitly, hence returning None.
2024-01-29 11:00:19,640:INFO:Engine for model 'rf_cds_dt' has not been set explicitly, hence returning None.
2024-01-29 11:00:19,640:INFO:Engine for model 'et_cds_dt' has not been set explicitly, hence returning None.
2024-01-29 11:00:19,640:INFO:Engine for model 'gbr_cds_dt' has not been set explicitly, hence returning None.
2024-01-29 11:00:19,641:INFO:Engine for model 'ada_cds_dt' has not been set explicitly, hence returning None.
2024-01-29 11:00:19,641:INFO:Engine for model 'xgboost_cds_dt' has not been set explicitly, hence returning None.
2024-01-29 11:00:19,641:INFO:Soft dependency imported: xgboost: 2.0.3
2024-01-29 11:00:19,641:INFO:Soft dependency imported: xgboost: 2.0.3
2024-01-29 11:00:19,642:INFO:Engine for model 'lightgbm_cds_dt' has not been set explicitly, hence returning None.
2024-01-29 11:00:19,642:INFO:Engine for model 'catboost_cds_dt' has not been set explicitly, hence returning None.
2024-01-29 11:00:19,642:INFO:Soft dependency imported: catboost: 1.2.2
2024-01-29 11:00:19,642:INFO:Soft dependency imported: catboost: 1.2.2
2024-01-29 11:00:19,643:INFO:Soft dependency imported: prophet: 1.1.5
2024-01-29 11:00:19,646:INFO:Engine for model 'knn_cds_dt' has not been set explicitly, hence returning None.
2024-01-29 11:00:19,646:INFO:Engine for model 'dt_cds_dt' has not been set explicitly, hence returning None.
2024-01-29 11:00:19,647:INFO:Engine for model 'rf_cds_dt' has not been set explicitly, hence returning None.
2024-01-29 11:00:19,647:INFO:Engine for model 'et_cds_dt' has not been set explicitly, hence returning None.
2024-01-29 11:00:19,647:INFO:Engine for model 'gbr_cds_dt' has not been set explicitly, hence returning None.
2024-01-29 11:00:19,647:INFO:Engine for model 'ada_cds_dt' has not been set explicitly, hence returning None.
2024-01-29 11:00:19,647:INFO:Engine for model 'xgboost_cds_dt' has not been set explicitly, hence returning None.
2024-01-29 11:00:19,647:INFO:Soft dependency imported: xgboost: 2.0.3
2024-01-29 11:00:19,647:INFO:Soft dependency imported: xgboost: 2.0.3
2024-01-29 11:00:19,647:INFO:Engine for model 'lightgbm_cds_dt' has not been set explicitly, hence returning None.
2024-01-29 11:00:19,648:INFO:Engine for model 'catboost_cds_dt' has not been set explicitly, hence returning None.
2024-01-29 11:00:19,648:INFO:Soft dependency imported: catboost: 1.2.2
2024-01-29 11:00:19,648:INFO:Soft dependency imported: catboost: 1.2.2
2024-01-29 11:00:19,648:INFO:Engine successfully changes for model 'knn_cds_dt' to 'sklearn'.
2024-01-29 11:00:19,649:INFO:Soft dependency imported: prophet: 1.1.5
2024-01-29 11:00:19,653:INFO:Engine for model 'dt_cds_dt' has not been set explicitly, hence returning None.
2024-01-29 11:00:19,653:INFO:Engine for model 'rf_cds_dt' has not been set explicitly, hence returning None.
2024-01-29 11:00:19,654:INFO:Engine for model 'et_cds_dt' has not been set explicitly, hence returning None.
2024-01-29 11:00:19,654:INFO:Engine for model 'gbr_cds_dt' has not been set explicitly, hence returning None.
2024-01-29 11:00:19,654:INFO:Engine for model 'ada_cds_dt' has not been set explicitly, hence returning None.
2024-01-29 11:00:19,654:INFO:Engine for model 'xgboost_cds_dt' has not been set explicitly, hence returning None.
2024-01-29 11:00:19,654:INFO:Soft dependency imported: xgboost: 2.0.3
2024-01-29 11:00:19,654:INFO:Soft dependency imported: xgboost: 2.0.3
2024-01-29 11:00:19,654:INFO:Engine for model 'lightgbm_cds_dt' has not been set explicitly, hence returning None.
2024-01-29 11:00:19,655:INFO:Engine for model 'catboost_cds_dt' has not been set explicitly, hence returning None.
2024-01-29 11:00:19,655:INFO:Soft dependency imported: catboost: 1.2.2
2024-01-29 11:00:19,655:INFO:Soft dependency imported: catboost: 1.2.2
2024-01-29 11:00:19,656:INFO:Soft dependency imported: prophet: 1.1.5
2024-01-29 11:00:19,660:INFO:Engine for model 'dt_cds_dt' has not been set explicitly, hence returning None.
2024-01-29 11:00:19,660:INFO:Engine for model 'rf_cds_dt' has not been set explicitly, hence returning None.
2024-01-29 11:00:19,660:INFO:Engine for model 'et_cds_dt' has not been set explicitly, hence returning None.
2024-01-29 11:00:19,660:INFO:Engine for model 'gbr_cds_dt' has not been set explicitly, hence returning None.
2024-01-29 11:00:19,661:INFO:Engine for model 'ada_cds_dt' has not been set explicitly, hence returning None.
2024-01-29 11:00:19,661:INFO:Engine for model 'xgboost_cds_dt' has not been set explicitly, hence returning None.
2024-01-29 11:00:19,661:INFO:Soft dependency imported: xgboost: 2.0.3
2024-01-29 11:00:19,661:INFO:Soft dependency imported: xgboost: 2.0.3
2024-01-29 11:00:19,661:INFO:Engine for model 'lightgbm_cds_dt' has not been set explicitly, hence returning None.
2024-01-29 11:00:19,661:INFO:Engine for model 'catboost_cds_dt' has not been set explicitly, hence returning None.
2024-01-29 11:00:19,661:INFO:Soft dependency imported: catboost: 1.2.2
2024-01-29 11:00:19,661:INFO:Soft dependency imported: catboost: 1.2.2
2024-01-29 11:00:19,662:INFO:Engine successfully changes for model 'dt_cds_dt' to 'sklearn'.
2024-01-29 11:00:19,662:INFO:Soft dependency imported: prophet: 1.1.5
2024-01-29 11:00:19,665:INFO:Engine for model 'rf_cds_dt' has not been set explicitly, hence returning None.
2024-01-29 11:00:19,666:INFO:Engine for model 'et_cds_dt' has not been set explicitly, hence returning None.
2024-01-29 11:00:19,666:INFO:Engine for model 'gbr_cds_dt' has not been set explicitly, hence returning None.
2024-01-29 11:00:19,666:INFO:Engine for model 'ada_cds_dt' has not been set explicitly, hence returning None.
2024-01-29 11:00:19,666:INFO:Engine for model 'xgboost_cds_dt' has not been set explicitly, hence returning None.
2024-01-29 11:00:19,666:INFO:Soft dependency imported: xgboost: 2.0.3
2024-01-29 11:00:19,666:INFO:Soft dependency imported: xgboost: 2.0.3
2024-01-29 11:00:19,667:INFO:Engine for model 'lightgbm_cds_dt' has not been set explicitly, hence returning None.
2024-01-29 11:00:19,667:INFO:Engine for model 'catboost_cds_dt' has not been set explicitly, hence returning None.
2024-01-29 11:00:19,667:INFO:Soft dependency imported: catboost: 1.2.2
2024-01-29 11:00:19,667:INFO:Soft dependency imported: catboost: 1.2.2
2024-01-29 11:00:19,668:INFO:Soft dependency imported: prophet: 1.1.5
2024-01-29 11:00:19,672:INFO:Engine for model 'rf_cds_dt' has not been set explicitly, hence returning None.
2024-01-29 11:00:19,673:INFO:Engine for model 'et_cds_dt' has not been set explicitly, hence returning None.
2024-01-29 11:00:19,673:INFO:Engine for model 'gbr_cds_dt' has not been set explicitly, hence returning None.
2024-01-29 11:00:19,673:INFO:Engine for model 'ada_cds_dt' has not been set explicitly, hence returning None.
2024-01-29 11:00:19,673:INFO:Engine for model 'xgboost_cds_dt' has not been set explicitly, hence returning None.
2024-01-29 11:00:19,673:INFO:Soft dependency imported: xgboost: 2.0.3
2024-01-29 11:00:19,673:INFO:Soft dependency imported: xgboost: 2.0.3
2024-01-29 11:00:19,673:INFO:Engine for model 'lightgbm_cds_dt' has not been set explicitly, hence returning None.
2024-01-29 11:00:19,674:INFO:Engine for model 'catboost_cds_dt' has not been set explicitly, hence returning None.
2024-01-29 11:00:19,674:INFO:Soft dependency imported: catboost: 1.2.2
2024-01-29 11:00:19,674:INFO:Soft dependency imported: catboost: 1.2.2
2024-01-29 11:00:19,674:INFO:Engine successfully changes for model 'rf_cds_dt' to 'sklearn'.
2024-01-29 11:00:19,675:INFO:Soft dependency imported: prophet: 1.1.5
2024-01-29 11:00:19,679:INFO:Engine for model 'et_cds_dt' has not been set explicitly, hence returning None.
2024-01-29 11:00:19,679:INFO:Engine for model 'gbr_cds_dt' has not been set explicitly, hence returning None.
2024-01-29 11:00:19,679:INFO:Engine for model 'ada_cds_dt' has not been set explicitly, hence returning None.
2024-01-29 11:00:19,679:INFO:Engine for model 'xgboost_cds_dt' has not been set explicitly, hence returning None.
2024-01-29 11:00:19,679:INFO:Soft dependency imported: xgboost: 2.0.3
2024-01-29 11:00:19,679:INFO:Soft dependency imported: xgboost: 2.0.3
2024-01-29 11:00:19,679:INFO:Engine for model 'lightgbm_cds_dt' has not been set explicitly, hence returning None.
2024-01-29 11:00:19,680:INFO:Engine for model 'catboost_cds_dt' has not been set explicitly, hence returning None.
2024-01-29 11:00:19,680:INFO:Soft dependency imported: catboost: 1.2.2
2024-01-29 11:00:19,680:INFO:Soft dependency imported: catboost: 1.2.2
2024-01-29 11:00:19,681:INFO:Soft dependency imported: prophet: 1.1.5
2024-01-29 11:00:19,685:INFO:Engine for model 'et_cds_dt' has not been set explicitly, hence returning None.
2024-01-29 11:00:19,685:INFO:Engine for model 'gbr_cds_dt' has not been set explicitly, hence returning None.
2024-01-29 11:00:19,686:INFO:Engine for model 'ada_cds_dt' has not been set explicitly, hence returning None.
2024-01-29 11:00:19,686:INFO:Engine for model 'xgboost_cds_dt' has not been set explicitly, hence returning None.
2024-01-29 11:00:19,686:INFO:Soft dependency imported: xgboost: 2.0.3
2024-01-29 11:00:19,686:INFO:Soft dependency imported: xgboost: 2.0.3
2024-01-29 11:00:19,686:INFO:Engine for model 'lightgbm_cds_dt' has not been set explicitly, hence returning None.
2024-01-29 11:00:19,686:INFO:Engine for model 'catboost_cds_dt' has not been set explicitly, hence returning None.
2024-01-29 11:00:19,686:INFO:Soft dependency imported: catboost: 1.2.2
2024-01-29 11:00:19,686:INFO:Soft dependency imported: catboost: 1.2.2
2024-01-29 11:00:19,686:INFO:Engine successfully changes for model 'et_cds_dt' to 'sklearn'.
2024-01-29 11:00:19,688:INFO:Soft dependency imported: prophet: 1.1.5
2024-01-29 11:00:19,692:INFO:Engine for model 'gbr_cds_dt' has not been set explicitly, hence returning None.
2024-01-29 11:00:19,692:INFO:Engine for model 'ada_cds_dt' has not been set explicitly, hence returning None.
2024-01-29 11:00:19,692:INFO:Engine for model 'xgboost_cds_dt' has not been set explicitly, hence returning None.
2024-01-29 11:00:19,692:INFO:Soft dependency imported: xgboost: 2.0.3
2024-01-29 11:00:19,692:INFO:Soft dependency imported: xgboost: 2.0.3
2024-01-29 11:00:19,692:INFO:Engine for model 'lightgbm_cds_dt' has not been set explicitly, hence returning None.
2024-01-29 11:00:19,692:INFO:Engine for model 'catboost_cds_dt' has not been set explicitly, hence returning None.
2024-01-29 11:00:19,692:INFO:Soft dependency imported: catboost: 1.2.2
2024-01-29 11:00:19,692:INFO:Soft dependency imported: catboost: 1.2.2
2024-01-29 11:00:19,694:INFO:Soft dependency imported: prophet: 1.1.5
2024-01-29 11:00:19,698:INFO:Engine for model 'gbr_cds_dt' has not been set explicitly, hence returning None.
2024-01-29 11:00:19,698:INFO:Engine for model 'ada_cds_dt' has not been set explicitly, hence returning None.
2024-01-29 11:00:19,698:INFO:Engine for model 'xgboost_cds_dt' has not been set explicitly, hence returning None.
2024-01-29 11:00:19,698:INFO:Soft dependency imported: xgboost: 2.0.3
2024-01-29 11:00:19,698:INFO:Soft dependency imported: xgboost: 2.0.3
2024-01-29 11:00:19,698:INFO:Engine for model 'lightgbm_cds_dt' has not been set explicitly, hence returning None.
2024-01-29 11:00:19,698:INFO:Engine for model 'catboost_cds_dt' has not been set explicitly, hence returning None.
2024-01-29 11:00:19,698:INFO:Soft dependency imported: catboost: 1.2.2
2024-01-29 11:00:19,698:INFO:Soft dependency imported: catboost: 1.2.2
2024-01-29 11:00:19,699:INFO:Engine successfully changes for model 'gbr_cds_dt' to 'sklearn'.
2024-01-29 11:00:19,700:INFO:Soft dependency imported: prophet: 1.1.5
2024-01-29 11:00:19,704:INFO:Engine for model 'ada_cds_dt' has not been set explicitly, hence returning None.
2024-01-29 11:00:19,704:INFO:Engine for model 'xgboost_cds_dt' has not been set explicitly, hence returning None.
2024-01-29 11:00:19,704:INFO:Soft dependency imported: xgboost: 2.0.3
2024-01-29 11:00:19,705:INFO:Soft dependency imported: xgboost: 2.0.3
2024-01-29 11:00:19,705:INFO:Engine for model 'lightgbm_cds_dt' has not been set explicitly, hence returning None.
2024-01-29 11:00:19,705:INFO:Engine for model 'catboost_cds_dt' has not been set explicitly, hence returning None.
2024-01-29 11:00:19,705:INFO:Soft dependency imported: catboost: 1.2.2
2024-01-29 11:00:19,705:INFO:Soft dependency imported: catboost: 1.2.2
2024-01-29 11:00:19,707:INFO:Soft dependency imported: prophet: 1.1.5
2024-01-29 11:00:19,713:INFO:Engine for model 'ada_cds_dt' has not been set explicitly, hence returning None.
2024-01-29 11:00:19,713:INFO:Engine for model 'xgboost_cds_dt' has not been set explicitly, hence returning None.
2024-01-29 11:00:19,713:INFO:Soft dependency imported: xgboost: 2.0.3
2024-01-29 11:00:19,713:INFO:Soft dependency imported: xgboost: 2.0.3
2024-01-29 11:00:19,713:INFO:Engine for model 'lightgbm_cds_dt' has not been set explicitly, hence returning None.
2024-01-29 11:00:19,714:INFO:Engine for model 'catboost_cds_dt' has not been set explicitly, hence returning None.
2024-01-29 11:00:19,714:INFO:Soft dependency imported: catboost: 1.2.2
2024-01-29 11:00:19,714:INFO:Soft dependency imported: catboost: 1.2.2
2024-01-29 11:00:19,714:INFO:Engine successfully changes for model 'ada_cds_dt' to 'sklearn'.
2024-01-29 11:00:19,716:INFO:Soft dependency imported: prophet: 1.1.5
2024-01-29 11:00:19,720:INFO:Engine for model 'xgboost_cds_dt' has not been set explicitly, hence returning None.
2024-01-29 11:00:19,720:INFO:Soft dependency imported: xgboost: 2.0.3
2024-01-29 11:00:19,720:INFO:Soft dependency imported: xgboost: 2.0.3
2024-01-29 11:00:19,720:INFO:Engine for model 'lightgbm_cds_dt' has not been set explicitly, hence returning None.
2024-01-29 11:00:19,722:INFO:Engine for model 'catboost_cds_dt' has not been set explicitly, hence returning None.
2024-01-29 11:00:19,722:INFO:Soft dependency imported: catboost: 1.2.2
2024-01-29 11:00:19,722:INFO:Soft dependency imported: catboost: 1.2.2
2024-01-29 11:00:19,724:INFO:Soft dependency imported: prophet: 1.1.5
2024-01-29 11:00:19,727:INFO:Engine for model 'xgboost_cds_dt' has not been set explicitly, hence returning None.
2024-01-29 11:00:19,727:INFO:Soft dependency imported: xgboost: 2.0.3
2024-01-29 11:00:19,727:INFO:Soft dependency imported: xgboost: 2.0.3
2024-01-29 11:00:19,728:INFO:Engine for model 'lightgbm_cds_dt' has not been set explicitly, hence returning None.
2024-01-29 11:00:19,728:INFO:Engine for model 'catboost_cds_dt' has not been set explicitly, hence returning None.
2024-01-29 11:00:19,728:INFO:Soft dependency imported: catboost: 1.2.2
2024-01-29 11:00:19,728:INFO:Soft dependency imported: catboost: 1.2.2
2024-01-29 11:00:19,728:INFO:Engine successfully changes for model 'xgboost_cds_dt' to 'sklearn'.
2024-01-29 11:00:19,729:INFO:Soft dependency imported: prophet: 1.1.5
2024-01-29 11:00:19,733:INFO:Soft dependency imported: xgboost: 2.0.3
2024-01-29 11:00:19,733:INFO:Soft dependency imported: xgboost: 2.0.3
2024-01-29 11:00:19,733:INFO:Engine for model 'lightgbm_cds_dt' has not been set explicitly, hence returning None.
2024-01-29 11:00:19,733:INFO:Engine for model 'catboost_cds_dt' has not been set explicitly, hence returning None.
2024-01-29 11:00:19,733:INFO:Soft dependency imported: catboost: 1.2.2
2024-01-29 11:00:19,733:INFO:Soft dependency imported: catboost: 1.2.2
2024-01-29 11:00:19,735:INFO:Soft dependency imported: prophet: 1.1.5
2024-01-29 11:00:19,739:INFO:Soft dependency imported: xgboost: 2.0.3
2024-01-29 11:00:19,739:INFO:Soft dependency imported: xgboost: 2.0.3
2024-01-29 11:00:19,740:INFO:Engine for model 'lightgbm_cds_dt' has not been set explicitly, hence returning None.
2024-01-29 11:00:19,740:INFO:Engine for model 'catboost_cds_dt' has not been set explicitly, hence returning None.
2024-01-29 11:00:19,740:INFO:Soft dependency imported: catboost: 1.2.2
2024-01-29 11:00:19,740:INFO:Soft dependency imported: catboost: 1.2.2
2024-01-29 11:00:19,740:INFO:Engine successfully changes for model 'lightgbm_cds_dt' to 'sklearn'.
2024-01-29 11:00:19,742:INFO:Soft dependency imported: prophet: 1.1.5
2024-01-29 11:00:19,748:INFO:Soft dependency imported: xgboost: 2.0.3
2024-01-29 11:00:19,748:INFO:Soft dependency imported: xgboost: 2.0.3
2024-01-29 11:00:19,749:INFO:Engine for model 'catboost_cds_dt' has not been set explicitly, hence returning None.
2024-01-29 11:00:19,749:INFO:Soft dependency imported: catboost: 1.2.2
2024-01-29 11:00:19,749:INFO:Soft dependency imported: catboost: 1.2.2
2024-01-29 11:00:19,753:INFO:Soft dependency imported: prophet: 1.1.5
2024-01-29 11:00:19,761:INFO:Soft dependency imported: xgboost: 2.0.3
2024-01-29 11:00:19,761:INFO:Soft dependency imported: xgboost: 2.0.3
2024-01-29 11:00:19,761:INFO:Engine for model 'catboost_cds_dt' has not been set explicitly, hence returning None.
2024-01-29 11:00:19,762:INFO:Soft dependency imported: catboost: 1.2.2
2024-01-29 11:00:19,762:INFO:Soft dependency imported: catboost: 1.2.2
2024-01-29 11:00:19,762:INFO:Engine successfully changes for model 'catboost_cds_dt' to 'sklearn'.
2024-01-29 11:00:19,764:INFO:Soft dependency imported: prophet: 1.1.5
2024-01-29 11:00:19,770:INFO:Soft dependency imported: xgboost: 2.0.3
2024-01-29 11:00:19,770:INFO:Soft dependency imported: xgboost: 2.0.3
2024-01-29 11:00:19,770:INFO:Soft dependency imported: catboost: 1.2.2
2024-01-29 11:00:19,770:INFO:Soft dependency imported: catboost: 1.2.2
2024-01-29 11:00:19,772:INFO:Soft dependency imported: prophet: 1.1.5
2024-01-29 11:00:19,777:INFO:Soft dependency imported: xgboost: 2.0.3
2024-01-29 11:00:19,777:INFO:Soft dependency imported: xgboost: 2.0.3
2024-01-29 11:00:19,777:INFO:Soft dependency imported: catboost: 1.2.2
2024-01-29 11:00:19,777:INFO:Soft dependency imported: catboost: 1.2.2
2024-01-29 11:00:19,779:INFO:Soft dependency imported: prophet: 1.1.5
2024-01-29 11:00:19,783:INFO:Soft dependency imported: xgboost: 2.0.3
2024-01-29 11:00:19,783:INFO:Soft dependency imported: xgboost: 2.0.3
2024-01-29 11:00:19,784:INFO:Soft dependency imported: catboost: 1.2.2
2024-01-29 11:00:19,784:INFO:Soft dependency imported: catboost: 1.2.2
2024-01-29 11:00:19,785:INFO:Soft dependency imported: prophet: 1.1.5
2024-01-29 11:00:19,789:INFO:Soft dependency imported: xgboost: 2.0.3
2024-01-29 11:00:19,789:INFO:Soft dependency imported: xgboost: 2.0.3
2024-01-29 11:00:19,789:INFO:Soft dependency imported: catboost: 1.2.2
2024-01-29 11:00:19,789:INFO:Soft dependency imported: catboost: 1.2.2
2024-01-29 11:00:19,790:INFO:setup() successfully completed in 2.36s...............
2024-01-29 11:00:19,790:INFO:Initializing create_model()
2024-01-29 11:00:19,790:INFO:create_model(self=<pycaret.time_series.forecasting.oop.TSForecastingExperiment object at 0x000002277287E910>, estimator=arima, fold=None, round=4, cross_validation=True, predict=True, fit_kwargs=None, groups=None, refit=True, probability_threshold=None, experiment_custom_tags=None, verbose=True, system=True, add_to_model_list=True, metrics=None, display=None, model_only=True, return_train_score=False, error_score=0.0, kwargs={})
2024-01-29 11:00:19,790:INFO:Checking exceptions
2024-01-29 11:00:19,792:INFO:Importing libraries
2024-01-29 11:00:19,792:INFO:Copying training dataset
2024-01-29 11:00:19,793:INFO:Defining folds
2024-01-29 11:00:19,793:INFO:Declaring metric variables
2024-01-29 11:00:19,793:INFO:Importing untrained model
2024-01-29 11:00:19,794:INFO:ARIMA Imported successfully
2024-01-29 11:00:19,795:INFO:Starting cross validation
2024-01-29 11:00:19,795:INFO:Cross validating with ExpandingWindowSplitter(fh=ForecastingHorizon([1], dtype='int64', is_relative=True),
                        initial_window=1820), n_jobs=-1
2024-01-29 11:00:26,248:WARNING:D:\Scoop\apps\python311\current\Lib\site-packages\sktime\forecasting\base\_base.py:557: UserWarning: In 0.22.0, predict_quantiles return default column level 0 name will change for univariate probabilistic quantile forecasts from 'Quantiles' to variable name. The old behaviour can be retained by setting the legacy_interface argument to True, until 0.23.0 when the legacy_interface argument will be removed.
  warn(

2024-01-29 11:00:26,280:WARNING:D:\Scoop\apps\python311\current\Lib\site-packages\sktime\forecasting\base\_base.py:557: UserWarning: In 0.22.0, predict_quantiles return default column level 0 name will change for univariate probabilistic quantile forecasts from 'Quantiles' to variable name. The old behaviour can be retained by setting the legacy_interface argument to True, until 0.23.0 when the legacy_interface argument will be removed.
  warn(

2024-01-29 11:00:26,410:WARNING:D:\Scoop\apps\python311\current\Lib\site-packages\sktime\forecasting\base\_base.py:557: UserWarning: In 0.22.0, predict_quantiles return default column level 0 name will change for univariate probabilistic quantile forecasts from 'Quantiles' to variable name. The old behaviour can be retained by setting the legacy_interface argument to True, until 0.23.0 when the legacy_interface argument will be removed.
  warn(

2024-01-29 11:00:26,425:WARNING:D:\Scoop\apps\python311\current\Lib\site-packages\sktime\forecasting\base\_base.py:557: UserWarning: In 0.22.0, predict_quantiles return default column level 0 name will change for univariate probabilistic quantile forecasts from 'Quantiles' to variable name. The old behaviour can be retained by setting the legacy_interface argument to True, until 0.23.0 when the legacy_interface argument will be removed.
  warn(

2024-01-29 11:00:26,443:WARNING:D:\Scoop\apps\python311\current\Lib\site-packages\sktime\forecasting\base\_base.py:557: UserWarning: In 0.22.0, predict_quantiles return default column level 0 name will change for univariate probabilistic quantile forecasts from 'Quantiles' to variable name. The old behaviour can be retained by setting the legacy_interface argument to True, until 0.23.0 when the legacy_interface argument will be removed.
  warn(

2024-01-29 11:00:26,473:INFO:Calculating mean and std
2024-01-29 11:00:26,475:INFO:Creating metrics dataframe
2024-01-29 11:00:26,477:INFO:Finalizing model
2024-01-29 11:00:26,809:INFO:Uploading results into container
2024-01-29 11:00:26,810:INFO:Uploading model into container now
2024-01-29 11:00:26,817:INFO:_master_model_container: 1
2024-01-29 11:00:26,817:INFO:_display_container: 2
2024-01-29 11:00:26,818:INFO:ARIMA(seasonal_order=(0, 1, 0, 16))
2024-01-29 11:00:26,818:INFO:create_model() successfully completed......................................
2024-01-29 11:00:26,963:WARNING:D:\Scoop\apps\python311\current\Lib\site-packages\sktime\forecasting\base\_base.py:557: UserWarning: In 0.22.0, predict_quantiles return default column level 0 name will change for univariate probabilistic quantile forecasts from 'Quantiles' to variable name. The old behaviour can be retained by setting the legacy_interface argument to True, until 0.23.0 when the legacy_interface argument will be removed.
  warn(

2024-01-29 11:00:27,153:WARNING:D:\Scoop\apps\python311\current\Lib\site-packages\pycaret\utils\generic.py:586: UserWarning: Traceback (most recent call last):
  File "D:\Scoop\apps\python311\current\Lib\site-packages\pycaret\utils\generic.py", line 580, in _calculate_metric
    calculated_metric = score_func(y_test, target, sample_weight=weights, **kwargs)
                        ^^^^^^^^^^^^^^^^^^^^^^^^^^^^^^^^^^^^^^^^^^^^^^^^^^^^^^^^^^^
TypeError: mase() got an unexpected keyword argument 'sample_weight'

During handling of the above exception, another exception occurred:

Traceback (most recent call last):
  File "D:\Scoop\apps\python311\current\Lib\site-packages\pycaret\utils\generic.py", line 584, in _calculate_metric
    calculated_metric = score_func(y_test, target, **kwargs)
                        ^^^^^^^^^^^^^^^^^^^^^^^^^^^^^^^^^^^^
  File "D:\Scoop\apps\python311\current\Lib\site-packages\pycaret\containers\metrics\time_series.py", line 175, in mase
    return mean_absolute_scaled_error(
           ^^^^^^^^^^^^^^^^^^^^^^^^^^^
  File "D:\Scoop\apps\python311\current\Lib\site-packages\sktime\performance_metrics\forecasting\_functions.py", line 417, in mean_absolute_scaled_error
    _, y_true, y_pred, multioutput = _check_reg_targets(y_true, y_pred, multioutput)
                                     ^^^^^^^^^^^^^^^^^^^^^^^^^^^^^^^^^^^^^^^^^^^^^^^
  File "D:\Scoop\apps\python311\current\Lib\site-packages\sklearn\metrics\_regression.py", line 100, in _check_reg_targets
    check_consistent_length(y_true, y_pred)
  File "D:\Scoop\apps\python311\current\Lib\site-packages\sklearn\utils\validation.py", line 397, in check_consistent_length
    raise ValueError(
ValueError: Found input variables with inconsistent numbers of samples: [1, 1825]

  warnings.warn(traceback.format_exc())

2024-01-29 11:00:27,155:WARNING:D:\Scoop\apps\python311\current\Lib\site-packages\pycaret\utils\generic.py:586: UserWarning: Traceback (most recent call last):
  File "D:\Scoop\apps\python311\current\Lib\site-packages\pycaret\utils\generic.py", line 580, in _calculate_metric
    calculated_metric = score_func(y_test, target, sample_weight=weights, **kwargs)
                        ^^^^^^^^^^^^^^^^^^^^^^^^^^^^^^^^^^^^^^^^^^^^^^^^^^^^^^^^^^^
TypeError: rmsse() got an unexpected keyword argument 'sample_weight'

During handling of the above exception, another exception occurred:

Traceback (most recent call last):
  File "D:\Scoop\apps\python311\current\Lib\site-packages\pycaret\utils\generic.py", line 584, in _calculate_metric
    calculated_metric = score_func(y_test, target, **kwargs)
                        ^^^^^^^^^^^^^^^^^^^^^^^^^^^^^^^^^^^^
  File "D:\Scoop\apps\python311\current\Lib\site-packages\pycaret\containers\metrics\time_series.py", line 185, in rmsse
    return mean_squared_scaled_error(
           ^^^^^^^^^^^^^^^^^^^^^^^^^^
  File "D:\Scoop\apps\python311\current\Lib\site-packages\sktime\performance_metrics\forecasting\_functions.py", line 680, in mean_squared_scaled_error
    _, y_true, y_pred, multioutput = _check_reg_targets(y_true, y_pred, multioutput)
                                     ^^^^^^^^^^^^^^^^^^^^^^^^^^^^^^^^^^^^^^^^^^^^^^^
  File "D:\Scoop\apps\python311\current\Lib\site-packages\sklearn\metrics\_regression.py", line 100, in _check_reg_targets
    check_consistent_length(y_true, y_pred)
  File "D:\Scoop\apps\python311\current\Lib\site-packages\sklearn\utils\validation.py", line 397, in check_consistent_length
    raise ValueError(
ValueError: Found input variables with inconsistent numbers of samples: [1, 1825]

  warnings.warn(traceback.format_exc())

2024-01-29 11:00:27,157:WARNING:D:\Scoop\apps\python311\current\Lib\site-packages\pycaret\utils\generic.py:586: UserWarning: Traceback (most recent call last):
  File "D:\Scoop\apps\python311\current\Lib\site-packages\pycaret\utils\generic.py", line 580, in _calculate_metric
    calculated_metric = score_func(y_test, target, sample_weight=weights, **kwargs)
                        ^^^^^^^^^^^^^^^^^^^^^^^^^^^^^^^^^^^^^^^^^^^^^^^^^^^^^^^^^^^
  File "D:\Scoop\apps\python311\current\Lib\site-packages\sklearn\metrics\_regression.py", line 196, in mean_absolute_error
    y_type, y_true, y_pred, multioutput = _check_reg_targets(
                                          ^^^^^^^^^^^^^^^^^^^
  File "D:\Scoop\apps\python311\current\Lib\site-packages\sklearn\metrics\_regression.py", line 100, in _check_reg_targets
    check_consistent_length(y_true, y_pred)
  File "D:\Scoop\apps\python311\current\Lib\site-packages\sklearn\utils\validation.py", line 397, in check_consistent_length
    raise ValueError(
ValueError: Found input variables with inconsistent numbers of samples: [1, 1825]

During handling of the above exception, another exception occurred:

Traceback (most recent call last):
  File "D:\Scoop\apps\python311\current\Lib\site-packages\pycaret\utils\generic.py", line 584, in _calculate_metric
    calculated_metric = score_func(y_test, target, **kwargs)
                        ^^^^^^^^^^^^^^^^^^^^^^^^^^^^^^^^^^^^
  File "D:\Scoop\apps\python311\current\Lib\site-packages\sklearn\metrics\_regression.py", line 196, in mean_absolute_error
    y_type, y_true, y_pred, multioutput = _check_reg_targets(
                                          ^^^^^^^^^^^^^^^^^^^
  File "D:\Scoop\apps\python311\current\Lib\site-packages\sklearn\metrics\_regression.py", line 100, in _check_reg_targets
    check_consistent_length(y_true, y_pred)
  File "D:\Scoop\apps\python311\current\Lib\site-packages\sklearn\utils\validation.py", line 397, in check_consistent_length
    raise ValueError(
ValueError: Found input variables with inconsistent numbers of samples: [1, 1825]

  warnings.warn(traceback.format_exc())

2024-01-29 11:00:27,159:WARNING:D:\Scoop\apps\python311\current\Lib\site-packages\pycaret\utils\generic.py:586: UserWarning: Traceback (most recent call last):
  File "D:\Scoop\apps\python311\current\Lib\site-packages\pycaret\utils\generic.py", line 580, in _calculate_metric
    calculated_metric = score_func(y_test, target, sample_weight=weights, **kwargs)
                        ^^^^^^^^^^^^^^^^^^^^^^^^^^^^^^^^^^^^^^^^^^^^^^^^^^^^^^^^^^^
  File "D:\Scoop\apps\python311\current\Lib\site-packages\sklearn\metrics\_regression.py", line 442, in mean_squared_error
    y_type, y_true, y_pred, multioutput = _check_reg_targets(
                                          ^^^^^^^^^^^^^^^^^^^
  File "D:\Scoop\apps\python311\current\Lib\site-packages\sklearn\metrics\_regression.py", line 100, in _check_reg_targets
    check_consistent_length(y_true, y_pred)
  File "D:\Scoop\apps\python311\current\Lib\site-packages\sklearn\utils\validation.py", line 397, in check_consistent_length
    raise ValueError(
ValueError: Found input variables with inconsistent numbers of samples: [1, 1825]

During handling of the above exception, another exception occurred:

Traceback (most recent call last):
  File "D:\Scoop\apps\python311\current\Lib\site-packages\pycaret\utils\generic.py", line 584, in _calculate_metric
    calculated_metric = score_func(y_test, target, **kwargs)
                        ^^^^^^^^^^^^^^^^^^^^^^^^^^^^^^^^^^^^
  File "D:\Scoop\apps\python311\current\Lib\site-packages\sklearn\metrics\_regression.py", line 442, in mean_squared_error
    y_type, y_true, y_pred, multioutput = _check_reg_targets(
                                          ^^^^^^^^^^^^^^^^^^^
  File "D:\Scoop\apps\python311\current\Lib\site-packages\sklearn\metrics\_regression.py", line 100, in _check_reg_targets
    check_consistent_length(y_true, y_pred)
  File "D:\Scoop\apps\python311\current\Lib\site-packages\sklearn\utils\validation.py", line 397, in check_consistent_length
    raise ValueError(
ValueError: Found input variables with inconsistent numbers of samples: [1, 1825]

  warnings.warn(traceback.format_exc())

2024-01-29 11:00:27,163:WARNING:D:\Scoop\apps\python311\current\Lib\site-packages\pycaret\utils\generic.py:586: UserWarning: Traceback (most recent call last):
  File "D:\Scoop\apps\python311\current\Lib\site-packages\pycaret\utils\generic.py", line 580, in _calculate_metric
    calculated_metric = score_func(y_test, target, sample_weight=weights, **kwargs)
                        ^^^^^^^^^^^^^^^^^^^^^^^^^^^^^^^^^^^^^^^^^^^^^^^^^^^^^^^^^^^
  File "D:\Scoop\apps\python311\current\Lib\site-packages\pycaret\containers\metrics\time_series.py", line 168, in mape
    return mean_absolute_percentage_error(
           ^^^^^^^^^^^^^^^^^^^^^^^^^^^^^^^
  File "D:\Scoop\apps\python311\current\Lib\site-packages\sktime\performance_metrics\forecasting\_functions.py", line 1537, in mean_absolute_percentage_error
    _, y_true, y_pred, multioutput = _check_reg_targets(y_true, y_pred, multioutput)
                                     ^^^^^^^^^^^^^^^^^^^^^^^^^^^^^^^^^^^^^^^^^^^^^^^
  File "D:\Scoop\apps\python311\current\Lib\site-packages\sklearn\metrics\_regression.py", line 100, in _check_reg_targets
    check_consistent_length(y_true, y_pred)
  File "D:\Scoop\apps\python311\current\Lib\site-packages\sklearn\utils\validation.py", line 397, in check_consistent_length
    raise ValueError(
ValueError: Found input variables with inconsistent numbers of samples: [1, 1825]

During handling of the above exception, another exception occurred:

Traceback (most recent call last):
  File "D:\Scoop\apps\python311\current\Lib\site-packages\pycaret\utils\generic.py", line 584, in _calculate_metric
    calculated_metric = score_func(y_test, target, **kwargs)
                        ^^^^^^^^^^^^^^^^^^^^^^^^^^^^^^^^^^^^
  File "D:\Scoop\apps\python311\current\Lib\site-packages\pycaret\containers\metrics\time_series.py", line 168, in mape
    return mean_absolute_percentage_error(
           ^^^^^^^^^^^^^^^^^^^^^^^^^^^^^^^
  File "D:\Scoop\apps\python311\current\Lib\site-packages\sktime\performance_metrics\forecasting\_functions.py", line 1537, in mean_absolute_percentage_error
    _, y_true, y_pred, multioutput = _check_reg_targets(y_true, y_pred, multioutput)
                                     ^^^^^^^^^^^^^^^^^^^^^^^^^^^^^^^^^^^^^^^^^^^^^^^
  File "D:\Scoop\apps\python311\current\Lib\site-packages\sklearn\metrics\_regression.py", line 100, in _check_reg_targets
    check_consistent_length(y_true, y_pred)
  File "D:\Scoop\apps\python311\current\Lib\site-packages\sklearn\utils\validation.py", line 397, in check_consistent_length
    raise ValueError(
ValueError: Found input variables with inconsistent numbers of samples: [1, 1825]

  warnings.warn(traceback.format_exc())

2024-01-29 11:00:27,164:WARNING:D:\Scoop\apps\python311\current\Lib\site-packages\pycaret\utils\generic.py:586: UserWarning: Traceback (most recent call last):
  File "D:\Scoop\apps\python311\current\Lib\site-packages\pycaret\utils\generic.py", line 580, in _calculate_metric
    calculated_metric = score_func(y_test, target, sample_weight=weights, **kwargs)
                        ^^^^^^^^^^^^^^^^^^^^^^^^^^^^^^^^^^^^^^^^^^^^^^^^^^^^^^^^^^^
  File "D:\Scoop\apps\python311\current\Lib\site-packages\pycaret\containers\metrics\time_series.py", line 159, in _smape_loss
    return mean_absolute_percentage_error(
           ^^^^^^^^^^^^^^^^^^^^^^^^^^^^^^^
  File "D:\Scoop\apps\python311\current\Lib\site-packages\sktime\performance_metrics\forecasting\_functions.py", line 1537, in mean_absolute_percentage_error
    _, y_true, y_pred, multioutput = _check_reg_targets(y_true, y_pred, multioutput)
                                     ^^^^^^^^^^^^^^^^^^^^^^^^^^^^^^^^^^^^^^^^^^^^^^^
  File "D:\Scoop\apps\python311\current\Lib\site-packages\sklearn\metrics\_regression.py", line 100, in _check_reg_targets
    check_consistent_length(y_true, y_pred)
  File "D:\Scoop\apps\python311\current\Lib\site-packages\sklearn\utils\validation.py", line 397, in check_consistent_length
    raise ValueError(
ValueError: Found input variables with inconsistent numbers of samples: [1, 1825]

During handling of the above exception, another exception occurred:

Traceback (most recent call last):
  File "D:\Scoop\apps\python311\current\Lib\site-packages\pycaret\utils\generic.py", line 584, in _calculate_metric
    calculated_metric = score_func(y_test, target, **kwargs)
                        ^^^^^^^^^^^^^^^^^^^^^^^^^^^^^^^^^^^^
  File "D:\Scoop\apps\python311\current\Lib\site-packages\pycaret\containers\metrics\time_series.py", line 159, in _smape_loss
    return mean_absolute_percentage_error(
           ^^^^^^^^^^^^^^^^^^^^^^^^^^^^^^^
  File "D:\Scoop\apps\python311\current\Lib\site-packages\sktime\performance_metrics\forecasting\_functions.py", line 1537, in mean_absolute_percentage_error
    _, y_true, y_pred, multioutput = _check_reg_targets(y_true, y_pred, multioutput)
                                     ^^^^^^^^^^^^^^^^^^^^^^^^^^^^^^^^^^^^^^^^^^^^^^^
  File "D:\Scoop\apps\python311\current\Lib\site-packages\sklearn\metrics\_regression.py", line 100, in _check_reg_targets
    check_consistent_length(y_true, y_pred)
  File "D:\Scoop\apps\python311\current\Lib\site-packages\sklearn\utils\validation.py", line 397, in check_consistent_length
    raise ValueError(
ValueError: Found input variables with inconsistent numbers of samples: [1, 1825]

  warnings.warn(traceback.format_exc())

2024-01-29 11:00:27,167:WARNING:predict_model >> Prediction Indices do not match test indices. Metrics will not be displayed.
2024-01-29 11:00:28,414:INFO:Saving 'In-Sample Forecast Plot.html'
2024-01-29 11:00:29,032:WARNING:D:\Scoop\apps\python311\current\Lib\site-packages\sktime\forecasting\base\_base.py:557: UserWarning:

In 0.22.0, predict_quantiles return default column level 0 name will change for univariate probabilistic quantile forecasts from 'Quantiles' to variable name. The old behaviour can be retained by setting the legacy_interface argument to True, until 0.23.0 when the legacy_interface argument will be removed.


2024-01-29 11:00:29,066:WARNING:D:\Scoop\apps\python311\current\Lib\site-packages\pycaret\utils\generic.py:586: UserWarning:

Traceback (most recent call last):
  File "D:\Scoop\apps\python311\current\Lib\site-packages\pycaret\utils\generic.py", line 580, in _calculate_metric
    calculated_metric = score_func(y_test, target, sample_weight=weights, **kwargs)
                        ^^^^^^^^^^^^^^^^^^^^^^^^^^^^^^^^^^^^^^^^^^^^^^^^^^^^^^^^^^^
TypeError: mase() got an unexpected keyword argument 'sample_weight'

During handling of the above exception, another exception occurred:

Traceback (most recent call last):
  File "D:\Scoop\apps\python311\current\Lib\site-packages\pycaret\utils\generic.py", line 584, in _calculate_metric
    calculated_metric = score_func(y_test, target, **kwargs)
                        ^^^^^^^^^^^^^^^^^^^^^^^^^^^^^^^^^^^^
  File "D:\Scoop\apps\python311\current\Lib\site-packages\pycaret\containers\metrics\time_series.py", line 175, in mase
    return mean_absolute_scaled_error(
           ^^^^^^^^^^^^^^^^^^^^^^^^^^^
  File "D:\Scoop\apps\python311\current\Lib\site-packages\sktime\performance_metrics\forecasting\_functions.py", line 417, in mean_absolute_scaled_error
    _, y_true, y_pred, multioutput = _check_reg_targets(y_true, y_pred, multioutput)
                                     ^^^^^^^^^^^^^^^^^^^^^^^^^^^^^^^^^^^^^^^^^^^^^^^
  File "D:\Scoop\apps\python311\current\Lib\site-packages\sklearn\metrics\_regression.py", line 100, in _check_reg_targets
    check_consistent_length(y_true, y_pred)
  File "D:\Scoop\apps\python311\current\Lib\site-packages\sklearn\utils\validation.py", line 397, in check_consistent_length
    raise ValueError(
ValueError: Found input variables with inconsistent numbers of samples: [1, 1825]



2024-01-29 11:00:29,067:WARNING:D:\Scoop\apps\python311\current\Lib\site-packages\pycaret\utils\generic.py:586: UserWarning:

Traceback (most recent call last):
  File "D:\Scoop\apps\python311\current\Lib\site-packages\pycaret\utils\generic.py", line 580, in _calculate_metric
    calculated_metric = score_func(y_test, target, sample_weight=weights, **kwargs)
                        ^^^^^^^^^^^^^^^^^^^^^^^^^^^^^^^^^^^^^^^^^^^^^^^^^^^^^^^^^^^
TypeError: rmsse() got an unexpected keyword argument 'sample_weight'

During handling of the above exception, another exception occurred:

Traceback (most recent call last):
  File "D:\Scoop\apps\python311\current\Lib\site-packages\pycaret\utils\generic.py", line 584, in _calculate_metric
    calculated_metric = score_func(y_test, target, **kwargs)
                        ^^^^^^^^^^^^^^^^^^^^^^^^^^^^^^^^^^^^
  File "D:\Scoop\apps\python311\current\Lib\site-packages\pycaret\containers\metrics\time_series.py", line 185, in rmsse
    return mean_squared_scaled_error(
           ^^^^^^^^^^^^^^^^^^^^^^^^^^
  File "D:\Scoop\apps\python311\current\Lib\site-packages\sktime\performance_metrics\forecasting\_functions.py", line 680, in mean_squared_scaled_error
    _, y_true, y_pred, multioutput = _check_reg_targets(y_true, y_pred, multioutput)
                                     ^^^^^^^^^^^^^^^^^^^^^^^^^^^^^^^^^^^^^^^^^^^^^^^
  File "D:\Scoop\apps\python311\current\Lib\site-packages\sklearn\metrics\_regression.py", line 100, in _check_reg_targets
    check_consistent_length(y_true, y_pred)
  File "D:\Scoop\apps\python311\current\Lib\site-packages\sklearn\utils\validation.py", line 397, in check_consistent_length
    raise ValueError(
ValueError: Found input variables with inconsistent numbers of samples: [1, 1825]



2024-01-29 11:00:29,068:WARNING:D:\Scoop\apps\python311\current\Lib\site-packages\pycaret\utils\generic.py:586: UserWarning:

Traceback (most recent call last):
  File "D:\Scoop\apps\python311\current\Lib\site-packages\pycaret\utils\generic.py", line 580, in _calculate_metric
    calculated_metric = score_func(y_test, target, sample_weight=weights, **kwargs)
                        ^^^^^^^^^^^^^^^^^^^^^^^^^^^^^^^^^^^^^^^^^^^^^^^^^^^^^^^^^^^
  File "D:\Scoop\apps\python311\current\Lib\site-packages\sklearn\metrics\_regression.py", line 196, in mean_absolute_error
    y_type, y_true, y_pred, multioutput = _check_reg_targets(
                                          ^^^^^^^^^^^^^^^^^^^
  File "D:\Scoop\apps\python311\current\Lib\site-packages\sklearn\metrics\_regression.py", line 100, in _check_reg_targets
    check_consistent_length(y_true, y_pred)
  File "D:\Scoop\apps\python311\current\Lib\site-packages\sklearn\utils\validation.py", line 397, in check_consistent_length
    raise ValueError(
ValueError: Found input variables with inconsistent numbers of samples: [1, 1825]

During handling of the above exception, another exception occurred:

Traceback (most recent call last):
  File "D:\Scoop\apps\python311\current\Lib\site-packages\pycaret\utils\generic.py", line 584, in _calculate_metric
    calculated_metric = score_func(y_test, target, **kwargs)
                        ^^^^^^^^^^^^^^^^^^^^^^^^^^^^^^^^^^^^
  File "D:\Scoop\apps\python311\current\Lib\site-packages\sklearn\metrics\_regression.py", line 196, in mean_absolute_error
    y_type, y_true, y_pred, multioutput = _check_reg_targets(
                                          ^^^^^^^^^^^^^^^^^^^
  File "D:\Scoop\apps\python311\current\Lib\site-packages\sklearn\metrics\_regression.py", line 100, in _check_reg_targets
    check_consistent_length(y_true, y_pred)
  File "D:\Scoop\apps\python311\current\Lib\site-packages\sklearn\utils\validation.py", line 397, in check_consistent_length
    raise ValueError(
ValueError: Found input variables with inconsistent numbers of samples: [1, 1825]



2024-01-29 11:00:29,069:WARNING:D:\Scoop\apps\python311\current\Lib\site-packages\pycaret\utils\generic.py:586: UserWarning:

Traceback (most recent call last):
  File "D:\Scoop\apps\python311\current\Lib\site-packages\pycaret\utils\generic.py", line 580, in _calculate_metric
    calculated_metric = score_func(y_test, target, sample_weight=weights, **kwargs)
                        ^^^^^^^^^^^^^^^^^^^^^^^^^^^^^^^^^^^^^^^^^^^^^^^^^^^^^^^^^^^
  File "D:\Scoop\apps\python311\current\Lib\site-packages\sklearn\metrics\_regression.py", line 442, in mean_squared_error
    y_type, y_true, y_pred, multioutput = _check_reg_targets(
                                          ^^^^^^^^^^^^^^^^^^^
  File "D:\Scoop\apps\python311\current\Lib\site-packages\sklearn\metrics\_regression.py", line 100, in _check_reg_targets
    check_consistent_length(y_true, y_pred)
  File "D:\Scoop\apps\python311\current\Lib\site-packages\sklearn\utils\validation.py", line 397, in check_consistent_length
    raise ValueError(
ValueError: Found input variables with inconsistent numbers of samples: [1, 1825]

During handling of the above exception, another exception occurred:

Traceback (most recent call last):
  File "D:\Scoop\apps\python311\current\Lib\site-packages\pycaret\utils\generic.py", line 584, in _calculate_metric
    calculated_metric = score_func(y_test, target, **kwargs)
                        ^^^^^^^^^^^^^^^^^^^^^^^^^^^^^^^^^^^^
  File "D:\Scoop\apps\python311\current\Lib\site-packages\sklearn\metrics\_regression.py", line 442, in mean_squared_error
    y_type, y_true, y_pred, multioutput = _check_reg_targets(
                                          ^^^^^^^^^^^^^^^^^^^
  File "D:\Scoop\apps\python311\current\Lib\site-packages\sklearn\metrics\_regression.py", line 100, in _check_reg_targets
    check_consistent_length(y_true, y_pred)
  File "D:\Scoop\apps\python311\current\Lib\site-packages\sklearn\utils\validation.py", line 397, in check_consistent_length
    raise ValueError(
ValueError: Found input variables with inconsistent numbers of samples: [1, 1825]



2024-01-29 11:00:29,070:WARNING:D:\Scoop\apps\python311\current\Lib\site-packages\pycaret\utils\generic.py:586: UserWarning:

Traceback (most recent call last):
  File "D:\Scoop\apps\python311\current\Lib\site-packages\pycaret\utils\generic.py", line 580, in _calculate_metric
    calculated_metric = score_func(y_test, target, sample_weight=weights, **kwargs)
                        ^^^^^^^^^^^^^^^^^^^^^^^^^^^^^^^^^^^^^^^^^^^^^^^^^^^^^^^^^^^
  File "D:\Scoop\apps\python311\current\Lib\site-packages\pycaret\containers\metrics\time_series.py", line 168, in mape
    return mean_absolute_percentage_error(
           ^^^^^^^^^^^^^^^^^^^^^^^^^^^^^^^
  File "D:\Scoop\apps\python311\current\Lib\site-packages\sktime\performance_metrics\forecasting\_functions.py", line 1537, in mean_absolute_percentage_error
    _, y_true, y_pred, multioutput = _check_reg_targets(y_true, y_pred, multioutput)
                                     ^^^^^^^^^^^^^^^^^^^^^^^^^^^^^^^^^^^^^^^^^^^^^^^
  File "D:\Scoop\apps\python311\current\Lib\site-packages\sklearn\metrics\_regression.py", line 100, in _check_reg_targets
    check_consistent_length(y_true, y_pred)
  File "D:\Scoop\apps\python311\current\Lib\site-packages\sklearn\utils\validation.py", line 397, in check_consistent_length
    raise ValueError(
ValueError: Found input variables with inconsistent numbers of samples: [1, 1825]

During handling of the above exception, another exception occurred:

Traceback (most recent call last):
  File "D:\Scoop\apps\python311\current\Lib\site-packages\pycaret\utils\generic.py", line 584, in _calculate_metric
    calculated_metric = score_func(y_test, target, **kwargs)
                        ^^^^^^^^^^^^^^^^^^^^^^^^^^^^^^^^^^^^
  File "D:\Scoop\apps\python311\current\Lib\site-packages\pycaret\containers\metrics\time_series.py", line 168, in mape
    return mean_absolute_percentage_error(
           ^^^^^^^^^^^^^^^^^^^^^^^^^^^^^^^
  File "D:\Scoop\apps\python311\current\Lib\site-packages\sktime\performance_metrics\forecasting\_functions.py", line 1537, in mean_absolute_percentage_error
    _, y_true, y_pred, multioutput = _check_reg_targets(y_true, y_pred, multioutput)
                                     ^^^^^^^^^^^^^^^^^^^^^^^^^^^^^^^^^^^^^^^^^^^^^^^
  File "D:\Scoop\apps\python311\current\Lib\site-packages\sklearn\metrics\_regression.py", line 100, in _check_reg_targets
    check_consistent_length(y_true, y_pred)
  File "D:\Scoop\apps\python311\current\Lib\site-packages\sklearn\utils\validation.py", line 397, in check_consistent_length
    raise ValueError(
ValueError: Found input variables with inconsistent numbers of samples: [1, 1825]



2024-01-29 11:00:29,071:WARNING:D:\Scoop\apps\python311\current\Lib\site-packages\pycaret\utils\generic.py:586: UserWarning:

Traceback (most recent call last):
  File "D:\Scoop\apps\python311\current\Lib\site-packages\pycaret\utils\generic.py", line 580, in _calculate_metric
    calculated_metric = score_func(y_test, target, sample_weight=weights, **kwargs)
                        ^^^^^^^^^^^^^^^^^^^^^^^^^^^^^^^^^^^^^^^^^^^^^^^^^^^^^^^^^^^
  File "D:\Scoop\apps\python311\current\Lib\site-packages\pycaret\containers\metrics\time_series.py", line 159, in _smape_loss
    return mean_absolute_percentage_error(
           ^^^^^^^^^^^^^^^^^^^^^^^^^^^^^^^
  File "D:\Scoop\apps\python311\current\Lib\site-packages\sktime\performance_metrics\forecasting\_functions.py", line 1537, in mean_absolute_percentage_error
    _, y_true, y_pred, multioutput = _check_reg_targets(y_true, y_pred, multioutput)
                                     ^^^^^^^^^^^^^^^^^^^^^^^^^^^^^^^^^^^^^^^^^^^^^^^
  File "D:\Scoop\apps\python311\current\Lib\site-packages\sklearn\metrics\_regression.py", line 100, in _check_reg_targets
    check_consistent_length(y_true, y_pred)
  File "D:\Scoop\apps\python311\current\Lib\site-packages\sklearn\utils\validation.py", line 397, in check_consistent_length
    raise ValueError(
ValueError: Found input variables with inconsistent numbers of samples: [1, 1825]

During handling of the above exception, another exception occurred:

Traceback (most recent call last):
  File "D:\Scoop\apps\python311\current\Lib\site-packages\pycaret\utils\generic.py", line 584, in _calculate_metric
    calculated_metric = score_func(y_test, target, **kwargs)
                        ^^^^^^^^^^^^^^^^^^^^^^^^^^^^^^^^^^^^
  File "D:\Scoop\apps\python311\current\Lib\site-packages\pycaret\containers\metrics\time_series.py", line 159, in _smape_loss
    return mean_absolute_percentage_error(
           ^^^^^^^^^^^^^^^^^^^^^^^^^^^^^^^
  File "D:\Scoop\apps\python311\current\Lib\site-packages\sktime\performance_metrics\forecasting\_functions.py", line 1537, in mean_absolute_percentage_error
    _, y_true, y_pred, multioutput = _check_reg_targets(y_true, y_pred, multioutput)
                                     ^^^^^^^^^^^^^^^^^^^^^^^^^^^^^^^^^^^^^^^^^^^^^^^
  File "D:\Scoop\apps\python311\current\Lib\site-packages\sklearn\metrics\_regression.py", line 100, in _check_reg_targets
    check_consistent_length(y_true, y_pred)
  File "D:\Scoop\apps\python311\current\Lib\site-packages\sklearn\utils\validation.py", line 397, in check_consistent_length
    raise ValueError(
ValueError: Found input variables with inconsistent numbers of samples: [1, 1825]



2024-01-29 11:00:29,073:WARNING:predict_model >> Prediction Indices do not match test indices. Metrics will not be displayed.
2024-01-29 11:00:29,558:INFO:Saving 'Diagnostics Plot.html'
2024-01-29 11:03:19,116:INFO:Soft dependency imported: prophet: 1.1.5
2024-01-29 11:03:19,304:INFO:PyCaret TSForecastingExperiment
2024-01-29 11:03:19,304:INFO:Logging name: ts-default-name
2024-01-29 11:03:19,304:INFO:ML Usecase: MLUsecase.TIME_SERIES
2024-01-29 11:03:19,304:INFO:version 3.2.0
2024-01-29 11:03:19,304:INFO:Initializing setup()
2024-01-29 11:03:19,304:INFO:self.USI: 084e
2024-01-29 11:03:19,304:INFO:self._variable_keys: {'seasonality_present', 'approach_type', 'gpu_n_jobs_param', 'fh', 'y_test', 'memory', 'n_jobs_param', 'pipeline', 'model_engines', 'logging_param', 'exp_name_log', 'html_param', 'X_train_transformed', 'seed', '_ml_usecase', 'y_transformed', 'enforce_pi', 'significant_sps_no_harmonics', 'X_transformed', 'candidate_sps', 'X', 'all_sps_to_use', 'log_plots_param', 'fold_generator', 'exp_id', 'X_train', 'X_test_transformed', 'index_type', 'enforce_exogenous', 'USI', 'exogenous_present', 'significant_sps', 'primary_sp_to_use', 'fold_param', '_available_plots', 'X_test', 'y_train', 'data', 'y_train_transformed', 'strictly_positive', 'gpu_param', 'y', 'y_test_transformed', 'idx'}
2024-01-29 11:03:19,304:INFO:Checking environment
2024-01-29 11:03:19,304:INFO:python_version: 3.11.7
2024-01-29 11:03:19,304:INFO:python_build: ('tags/v3.11.7:fa7a6f2', 'Dec  4 2023 19:24:49')
2024-01-29 11:03:19,304:INFO:machine: AMD64
2024-01-29 11:03:19,816:INFO:platform: Windows-10-10.0.22621-SP0
2024-01-29 11:03:19,820:INFO:Memory: svmem(total=16892026880, available=3937824768, percent=76.7, used=12954202112, free=3937824768)
2024-01-29 11:03:19,820:INFO:Physical Core: 12
2024-01-29 11:03:19,820:INFO:Logical Core: 16
2024-01-29 11:03:19,820:INFO:Checking libraries
2024-01-29 11:03:19,820:INFO:System:
2024-01-29 11:03:19,820:INFO:    python: 3.11.7 (tags/v3.11.7:fa7a6f2, Dec  4 2023, 19:24:49) [MSC v.1937 64 bit (AMD64)]
2024-01-29 11:03:19,820:INFO:executable: D:\Scoop\apps\python311\current\python.exe
2024-01-29 11:03:19,820:INFO:   machine: Windows-10-10.0.22621-SP0
2024-01-29 11:03:19,820:INFO:PyCaret required dependencies:
2024-01-29 11:03:19,905:INFO:                 pip: 23.3.2
2024-01-29 11:03:19,905:INFO:          setuptools: 69.0.3
2024-01-29 11:03:19,905:INFO:             pycaret: 3.2.0
2024-01-29 11:03:19,905:INFO:             IPython: 8.20.0
2024-01-29 11:03:19,905:INFO:          ipywidgets: 8.1.1
2024-01-29 11:03:19,905:INFO:                tqdm: 4.66.1
2024-01-29 11:03:19,905:INFO:               numpy: 1.25.2
2024-01-29 11:03:19,906:INFO:              pandas: 1.5.3
2024-01-29 11:03:19,906:INFO:              jinja2: 3.1.3
2024-01-29 11:03:19,906:INFO:               scipy: 1.10.1
2024-01-29 11:03:19,906:INFO:              joblib: 1.3.2
2024-01-29 11:03:19,906:INFO:             sklearn: 1.2.2
2024-01-29 11:03:19,906:INFO:                pyod: 1.1.2
2024-01-29 11:03:19,906:INFO:            imblearn: 0.11.0
2024-01-29 11:03:19,906:INFO:   category_encoders: 2.6.3
2024-01-29 11:03:19,906:INFO:            lightgbm: 4.2.0
2024-01-29 11:03:19,906:INFO:               numba: 0.58.1
2024-01-29 11:03:19,906:INFO:            requests: 2.31.0
2024-01-29 11:03:19,906:INFO:          matplotlib: 3.6.0
2024-01-29 11:03:19,906:INFO:          scikitplot: 0.3.7
2024-01-29 11:03:19,906:INFO:         yellowbrick: 1.5
2024-01-29 11:03:19,906:INFO:              plotly: 5.18.0
2024-01-29 11:03:19,906:INFO:    plotly-resampler: Not installed
2024-01-29 11:03:19,906:INFO:             kaleido: 0.2.1
2024-01-29 11:03:19,906:INFO:           schemdraw: 0.15
2024-01-29 11:03:19,906:INFO:         statsmodels: 0.14.1
2024-01-29 11:03:19,906:INFO:              sktime: 0.21.1
2024-01-29 11:03:19,906:INFO:               tbats: 1.1.3
2024-01-29 11:03:19,906:INFO:            pmdarima: 2.0.4
2024-01-29 11:03:19,906:INFO:              psutil: 5.9.8
2024-01-29 11:03:19,906:INFO:          markupsafe: 2.1.4
2024-01-29 11:03:19,906:INFO:             pickle5: Not installed
2024-01-29 11:03:19,906:INFO:         cloudpickle: 3.0.0
2024-01-29 11:03:19,906:INFO:         deprecation: 2.1.0
2024-01-29 11:03:19,906:INFO:              xxhash: 3.4.1
2024-01-29 11:03:19,906:INFO:           wurlitzer: Not installed
2024-01-29 11:03:19,906:INFO:PyCaret optional dependencies:
2024-01-29 11:03:19,954:INFO:                shap: Not installed
2024-01-29 11:03:19,954:INFO:           interpret: Not installed
2024-01-29 11:03:19,954:INFO:                umap: Not installed
2024-01-29 11:03:19,954:INFO:     ydata_profiling: Not installed
2024-01-29 11:03:19,954:INFO:  explainerdashboard: Not installed
2024-01-29 11:03:19,955:INFO:             autoviz: Not installed
2024-01-29 11:03:19,955:INFO:           fairlearn: Not installed
2024-01-29 11:03:19,955:INFO:          deepchecks: Not installed
2024-01-29 11:03:19,955:INFO:             xgboost: 2.0.3
2024-01-29 11:03:19,955:INFO:            catboost: 1.2.2
2024-01-29 11:03:19,955:INFO:              kmodes: Not installed
2024-01-29 11:03:19,955:INFO:             mlxtend: Not installed
2024-01-29 11:03:19,955:INFO:       statsforecast: Not installed
2024-01-29 11:03:19,955:INFO:        tune_sklearn: Not installed
2024-01-29 11:03:19,955:INFO:                 ray: Not installed
2024-01-29 11:03:19,955:INFO:            hyperopt: Not installed
2024-01-29 11:03:19,955:INFO:              optuna: Not installed
2024-01-29 11:03:19,955:INFO:               skopt: Not installed
2024-01-29 11:03:19,955:INFO:              mlflow: Not installed
2024-01-29 11:03:19,955:INFO:              gradio: Not installed
2024-01-29 11:03:19,955:INFO:             fastapi: Not installed
2024-01-29 11:03:19,955:INFO:             uvicorn: Not installed
2024-01-29 11:03:19,955:INFO:              m2cgen: Not installed
2024-01-29 11:03:19,955:INFO:           evidently: Not installed
2024-01-29 11:03:19,955:INFO:               fugue: Not installed
2024-01-29 11:03:19,955:INFO:           streamlit: Not installed
2024-01-29 11:03:19,955:INFO:             prophet: 1.1.5
2024-01-29 11:03:19,955:INFO:None
2024-01-29 11:03:19,955:INFO:Set Forecast Horizon.
2024-01-29 11:03:19,956:INFO:Set up Train-Test Splits.
2024-01-29 11:03:19,976:INFO:Finished creating preprocessing pipeline.
2024-01-29 11:03:19,980:INFO:Pipeline: ForecastingPipeline(steps=[('forecaster',
                            TransformedTargetForecaster(steps=[('model',
                                                                DummyForecaster())]))])
2024-01-29 11:03:19,980:INFO:Set up Seasonal Period.
2024-01-29 11:03:19,988:INFO:Setting the seasonal component type - 'add' or 'mul'.
2024-01-29 11:03:19,988:INFO:Checking if data is strictly positive.
2024-01-29 11:03:20,013:INFO:Creating final display dataframe.
2024-01-29 11:03:20,024:INFO:Setup Display Container:                                          Description                                              Value
0                                         session_id                                                123
1                                             Target                                              Value
2                                           Approach                                         Univariate
3                                Exogenous Variables                                            Present
4                                Original data shape                                          (1826, 2)
5                             Transformed data shape                                          (1826, 2)
6                        Transformed train set shape                                          (1825, 2)
7                         Transformed test set shape                                             (1, 2)
8                           Rows with missing values                                               0.0%
9                                     Fold Generator                            ExpandingWindowSplitter
10                                       Fold Number                                                  5
11                       Enforce Prediction Interval                                              False
12                   Splits used for hyperparameters                                                all
13                   User Defined Seasonal Period(s)                                               None
14                           Ignore Seasonality Test                                              False
15                        Seasonality Detection Algo                                               auto
16                            Max Period to Consider                                                 60
17                         Seasonal Period(s) Tested  [37, 20, 33, 24, 31, 28, 10, 2, 26, 44, 40, 55...
18                    Significant Seasonal Period(s)  [37, 20, 33, 24, 31, 28, 10, 2, 26, 44, 40, 55...
19  Significant Seasonal Period(s) without Harmonics           [37, 40, 33, 24, 31, 28, 44, 26, 55, 59]
20                                  Remove Harmonics                                              False
21                            Harmonics Order Method                                       harmonic_max
22                          Num Seasonalities to Use                                                  1
23                          All Seasonalities to Use                                               [37]
24                               Primary Seasonality                                                 37
25                               Seasonality Present                                               True
26                                  Seasonality Type                                                mul
27                          Target Strictly Positive                                               True
28                                Target White Noise                                                 No
29                                     Recommended d                                                  1
30                            Recommended Seasonal D                                                  0
31                                        Preprocess                                              False
32                                          CPU Jobs                                                 -1
33                                           Use GPU                                              False
34                                    Log Experiment                                              False
35                                   Experiment Name                                    ts-default-name
36                                               USI                                               084e
2024-01-29 11:03:20,027:INFO:Engine successfully changes for model 'auto_arima' to 'pmdarima'.
2024-01-29 11:03:20,086:INFO:Soft dependency imported: prophet: 1.1.5
2024-01-29 11:03:20,133:INFO:Engine for model 'lr_cds_dt' has not been set explicitly, hence returning None.
2024-01-29 11:03:20,134:INFO:Engine for model 'en_cds_dt' has not been set explicitly, hence returning None.
2024-01-29 11:03:20,134:INFO:Engine for model 'ridge_cds_dt' has not been set explicitly, hence returning None.
2024-01-29 11:03:20,134:INFO:Engine for model 'lasso_cds_dt' has not been set explicitly, hence returning None.
2024-01-29 11:03:20,134:INFO:Engine for model 'llar_cds_dt' has not been set explicitly, hence returning None.
2024-01-29 11:03:20,134:INFO:Engine for model 'br_cds_dt' has not been set explicitly, hence returning None.
2024-01-29 11:03:20,134:INFO:Engine for model 'huber_cds_dt' has not been set explicitly, hence returning None.
2024-01-29 11:03:20,136:INFO:Engine for model 'omp_cds_dt' has not been set explicitly, hence returning None.
2024-01-29 11:03:20,137:INFO:Engine for model 'knn_cds_dt' has not been set explicitly, hence returning None.
2024-01-29 11:03:20,138:INFO:Engine for model 'dt_cds_dt' has not been set explicitly, hence returning None.
2024-01-29 11:03:20,138:INFO:Engine for model 'rf_cds_dt' has not been set explicitly, hence returning None.
2024-01-29 11:03:20,138:INFO:Engine for model 'et_cds_dt' has not been set explicitly, hence returning None.
2024-01-29 11:03:20,138:INFO:Engine for model 'gbr_cds_dt' has not been set explicitly, hence returning None.
2024-01-29 11:03:20,138:INFO:Engine for model 'ada_cds_dt' has not been set explicitly, hence returning None.
2024-01-29 11:03:20,139:INFO:Engine for model 'xgboost_cds_dt' has not been set explicitly, hence returning None.
2024-01-29 11:03:20,139:INFO:Soft dependency imported: xgboost: 2.0.3
2024-01-29 11:03:20,139:INFO:Soft dependency imported: xgboost: 2.0.3
2024-01-29 11:03:20,139:INFO:Engine for model 'lightgbm_cds_dt' has not been set explicitly, hence returning None.
2024-01-29 11:03:20,139:INFO:Engine for model 'catboost_cds_dt' has not been set explicitly, hence returning None.
2024-01-29 11:03:20,139:INFO:Soft dependency imported: catboost: 1.2.2
2024-01-29 11:03:20,166:INFO:Soft dependency imported: catboost: 1.2.2
2024-01-29 11:03:20,168:INFO:Soft dependency imported: prophet: 1.1.5
2024-01-29 11:03:20,169:INFO:Engine for model 'lr_cds_dt' has not been set explicitly, hence returning None.
2024-01-29 11:03:20,169:INFO:Engine for model 'en_cds_dt' has not been set explicitly, hence returning None.
2024-01-29 11:03:20,169:INFO:Engine for model 'ridge_cds_dt' has not been set explicitly, hence returning None.
2024-01-29 11:03:20,169:INFO:Engine for model 'lasso_cds_dt' has not been set explicitly, hence returning None.
2024-01-29 11:03:20,169:INFO:Engine for model 'llar_cds_dt' has not been set explicitly, hence returning None.
2024-01-29 11:03:20,170:INFO:Engine for model 'br_cds_dt' has not been set explicitly, hence returning None.
2024-01-29 11:03:20,170:INFO:Engine for model 'huber_cds_dt' has not been set explicitly, hence returning None.
2024-01-29 11:03:20,172:INFO:Engine for model 'omp_cds_dt' has not been set explicitly, hence returning None.
2024-01-29 11:03:20,174:INFO:Engine for model 'knn_cds_dt' has not been set explicitly, hence returning None.
2024-01-29 11:03:20,174:INFO:Engine for model 'dt_cds_dt' has not been set explicitly, hence returning None.
2024-01-29 11:03:20,174:INFO:Engine for model 'rf_cds_dt' has not been set explicitly, hence returning None.
2024-01-29 11:03:20,174:INFO:Engine for model 'et_cds_dt' has not been set explicitly, hence returning None.
2024-01-29 11:03:20,174:INFO:Engine for model 'gbr_cds_dt' has not been set explicitly, hence returning None.
2024-01-29 11:03:20,175:INFO:Engine for model 'ada_cds_dt' has not been set explicitly, hence returning None.
2024-01-29 11:03:20,175:INFO:Engine for model 'xgboost_cds_dt' has not been set explicitly, hence returning None.
2024-01-29 11:03:20,175:INFO:Soft dependency imported: xgboost: 2.0.3
2024-01-29 11:03:20,175:INFO:Soft dependency imported: xgboost: 2.0.3
2024-01-29 11:03:20,175:INFO:Engine for model 'lightgbm_cds_dt' has not been set explicitly, hence returning None.
2024-01-29 11:03:20,175:INFO:Engine for model 'catboost_cds_dt' has not been set explicitly, hence returning None.
2024-01-29 11:03:20,175:INFO:Soft dependency imported: catboost: 1.2.2
2024-01-29 11:03:20,175:INFO:Soft dependency imported: catboost: 1.2.2
2024-01-29 11:03:20,176:INFO:Engine successfully changes for model 'lr_cds_dt' to 'sklearn'.
2024-01-29 11:03:20,177:INFO:Soft dependency imported: prophet: 1.1.5
2024-01-29 11:03:20,178:INFO:Engine for model 'en_cds_dt' has not been set explicitly, hence returning None.
2024-01-29 11:03:20,178:INFO:Engine for model 'ridge_cds_dt' has not been set explicitly, hence returning None.
2024-01-29 11:03:20,178:INFO:Engine for model 'lasso_cds_dt' has not been set explicitly, hence returning None.
2024-01-29 11:03:20,178:INFO:Engine for model 'llar_cds_dt' has not been set explicitly, hence returning None.
2024-01-29 11:03:20,179:INFO:Engine for model 'br_cds_dt' has not been set explicitly, hence returning None.
2024-01-29 11:03:20,179:INFO:Engine for model 'huber_cds_dt' has not been set explicitly, hence returning None.
2024-01-29 11:03:20,181:INFO:Engine for model 'omp_cds_dt' has not been set explicitly, hence returning None.
2024-01-29 11:03:20,184:INFO:Engine for model 'knn_cds_dt' has not been set explicitly, hence returning None.
2024-01-29 11:03:20,184:INFO:Engine for model 'dt_cds_dt' has not been set explicitly, hence returning None.
2024-01-29 11:03:20,184:INFO:Engine for model 'rf_cds_dt' has not been set explicitly, hence returning None.
2024-01-29 11:03:20,185:INFO:Engine for model 'et_cds_dt' has not been set explicitly, hence returning None.
2024-01-29 11:03:20,185:INFO:Engine for model 'gbr_cds_dt' has not been set explicitly, hence returning None.
2024-01-29 11:03:20,185:INFO:Engine for model 'ada_cds_dt' has not been set explicitly, hence returning None.
2024-01-29 11:03:20,185:INFO:Engine for model 'xgboost_cds_dt' has not been set explicitly, hence returning None.
2024-01-29 11:03:20,185:INFO:Soft dependency imported: xgboost: 2.0.3
2024-01-29 11:03:20,185:INFO:Soft dependency imported: xgboost: 2.0.3
2024-01-29 11:03:20,186:INFO:Engine for model 'lightgbm_cds_dt' has not been set explicitly, hence returning None.
2024-01-29 11:03:20,186:INFO:Engine for model 'catboost_cds_dt' has not been set explicitly, hence returning None.
2024-01-29 11:03:20,186:INFO:Soft dependency imported: catboost: 1.2.2
2024-01-29 11:03:20,186:INFO:Soft dependency imported: catboost: 1.2.2
2024-01-29 11:03:20,188:INFO:Soft dependency imported: prophet: 1.1.5
2024-01-29 11:03:20,189:INFO:Engine for model 'en_cds_dt' has not been set explicitly, hence returning None.
2024-01-29 11:03:20,189:INFO:Engine for model 'ridge_cds_dt' has not been set explicitly, hence returning None.
2024-01-29 11:03:20,189:INFO:Engine for model 'lasso_cds_dt' has not been set explicitly, hence returning None.
2024-01-29 11:03:20,189:INFO:Engine for model 'llar_cds_dt' has not been set explicitly, hence returning None.
2024-01-29 11:03:20,189:INFO:Engine for model 'br_cds_dt' has not been set explicitly, hence returning None.
2024-01-29 11:03:20,190:INFO:Engine for model 'huber_cds_dt' has not been set explicitly, hence returning None.
2024-01-29 11:03:20,192:INFO:Engine for model 'omp_cds_dt' has not been set explicitly, hence returning None.
2024-01-29 11:03:20,193:INFO:Engine for model 'knn_cds_dt' has not been set explicitly, hence returning None.
2024-01-29 11:03:20,193:INFO:Engine for model 'dt_cds_dt' has not been set explicitly, hence returning None.
2024-01-29 11:03:20,194:INFO:Engine for model 'rf_cds_dt' has not been set explicitly, hence returning None.
2024-01-29 11:03:20,194:INFO:Engine for model 'et_cds_dt' has not been set explicitly, hence returning None.
2024-01-29 11:03:20,194:INFO:Engine for model 'gbr_cds_dt' has not been set explicitly, hence returning None.
2024-01-29 11:03:20,194:INFO:Engine for model 'ada_cds_dt' has not been set explicitly, hence returning None.
2024-01-29 11:03:20,194:INFO:Engine for model 'xgboost_cds_dt' has not been set explicitly, hence returning None.
2024-01-29 11:03:20,194:INFO:Soft dependency imported: xgboost: 2.0.3
2024-01-29 11:03:20,194:INFO:Soft dependency imported: xgboost: 2.0.3
2024-01-29 11:03:20,195:INFO:Engine for model 'lightgbm_cds_dt' has not been set explicitly, hence returning None.
2024-01-29 11:03:20,195:INFO:Engine for model 'catboost_cds_dt' has not been set explicitly, hence returning None.
2024-01-29 11:03:20,195:INFO:Soft dependency imported: catboost: 1.2.2
2024-01-29 11:03:20,195:INFO:Soft dependency imported: catboost: 1.2.2
2024-01-29 11:03:20,195:INFO:Engine successfully changes for model 'en_cds_dt' to 'sklearn'.
2024-01-29 11:03:20,197:INFO:Soft dependency imported: prophet: 1.1.5
2024-01-29 11:03:20,197:INFO:Engine for model 'ridge_cds_dt' has not been set explicitly, hence returning None.
2024-01-29 11:03:20,198:INFO:Engine for model 'lasso_cds_dt' has not been set explicitly, hence returning None.
2024-01-29 11:03:20,198:INFO:Engine for model 'llar_cds_dt' has not been set explicitly, hence returning None.
2024-01-29 11:03:20,198:INFO:Engine for model 'br_cds_dt' has not been set explicitly, hence returning None.
2024-01-29 11:03:20,198:INFO:Engine for model 'huber_cds_dt' has not been set explicitly, hence returning None.
2024-01-29 11:03:20,199:INFO:Engine for model 'omp_cds_dt' has not been set explicitly, hence returning None.
2024-01-29 11:03:20,201:INFO:Engine for model 'knn_cds_dt' has not been set explicitly, hence returning None.
2024-01-29 11:03:20,201:INFO:Engine for model 'dt_cds_dt' has not been set explicitly, hence returning None.
2024-01-29 11:03:20,201:INFO:Engine for model 'rf_cds_dt' has not been set explicitly, hence returning None.
2024-01-29 11:03:20,201:INFO:Engine for model 'et_cds_dt' has not been set explicitly, hence returning None.
2024-01-29 11:03:20,201:INFO:Engine for model 'gbr_cds_dt' has not been set explicitly, hence returning None.
2024-01-29 11:03:20,201:INFO:Engine for model 'ada_cds_dt' has not been set explicitly, hence returning None.
2024-01-29 11:03:20,201:INFO:Engine for model 'xgboost_cds_dt' has not been set explicitly, hence returning None.
2024-01-29 11:03:20,201:INFO:Soft dependency imported: xgboost: 2.0.3
2024-01-29 11:03:20,201:INFO:Soft dependency imported: xgboost: 2.0.3
2024-01-29 11:03:20,201:INFO:Engine for model 'lightgbm_cds_dt' has not been set explicitly, hence returning None.
2024-01-29 11:03:20,202:INFO:Engine for model 'catboost_cds_dt' has not been set explicitly, hence returning None.
2024-01-29 11:03:20,202:INFO:Soft dependency imported: catboost: 1.2.2
2024-01-29 11:03:20,202:INFO:Soft dependency imported: catboost: 1.2.2
2024-01-29 11:03:20,203:INFO:Soft dependency imported: prophet: 1.1.5
2024-01-29 11:03:20,204:INFO:Engine for model 'ridge_cds_dt' has not been set explicitly, hence returning None.
2024-01-29 11:03:20,204:INFO:Engine for model 'lasso_cds_dt' has not been set explicitly, hence returning None.
2024-01-29 11:03:20,204:INFO:Engine for model 'llar_cds_dt' has not been set explicitly, hence returning None.
2024-01-29 11:03:20,204:INFO:Engine for model 'br_cds_dt' has not been set explicitly, hence returning None.
2024-01-29 11:03:20,204:INFO:Engine for model 'huber_cds_dt' has not been set explicitly, hence returning None.
2024-01-29 11:03:20,206:INFO:Engine for model 'omp_cds_dt' has not been set explicitly, hence returning None.
2024-01-29 11:03:20,207:INFO:Engine for model 'knn_cds_dt' has not been set explicitly, hence returning None.
2024-01-29 11:03:20,207:INFO:Engine for model 'dt_cds_dt' has not been set explicitly, hence returning None.
2024-01-29 11:03:20,208:INFO:Engine for model 'rf_cds_dt' has not been set explicitly, hence returning None.
2024-01-29 11:03:20,208:INFO:Engine for model 'et_cds_dt' has not been set explicitly, hence returning None.
2024-01-29 11:03:20,208:INFO:Engine for model 'gbr_cds_dt' has not been set explicitly, hence returning None.
2024-01-29 11:03:20,208:INFO:Engine for model 'ada_cds_dt' has not been set explicitly, hence returning None.
2024-01-29 11:03:20,208:INFO:Engine for model 'xgboost_cds_dt' has not been set explicitly, hence returning None.
2024-01-29 11:03:20,208:INFO:Soft dependency imported: xgboost: 2.0.3
2024-01-29 11:03:20,208:INFO:Soft dependency imported: xgboost: 2.0.3
2024-01-29 11:03:20,208:INFO:Engine for model 'lightgbm_cds_dt' has not been set explicitly, hence returning None.
2024-01-29 11:03:20,209:INFO:Engine for model 'catboost_cds_dt' has not been set explicitly, hence returning None.
2024-01-29 11:03:20,209:INFO:Soft dependency imported: catboost: 1.2.2
2024-01-29 11:03:20,209:INFO:Soft dependency imported: catboost: 1.2.2
2024-01-29 11:03:20,209:INFO:Engine successfully changes for model 'ridge_cds_dt' to 'sklearn'.
2024-01-29 11:03:20,211:INFO:Soft dependency imported: prophet: 1.1.5
2024-01-29 11:03:20,212:INFO:Engine for model 'lasso_cds_dt' has not been set explicitly, hence returning None.
2024-01-29 11:03:20,212:INFO:Engine for model 'llar_cds_dt' has not been set explicitly, hence returning None.
2024-01-29 11:03:20,212:INFO:Engine for model 'br_cds_dt' has not been set explicitly, hence returning None.
2024-01-29 11:03:20,213:INFO:Engine for model 'huber_cds_dt' has not been set explicitly, hence returning None.
2024-01-29 11:03:20,214:INFO:Engine for model 'omp_cds_dt' has not been set explicitly, hence returning None.
2024-01-29 11:03:20,216:INFO:Engine for model 'knn_cds_dt' has not been set explicitly, hence returning None.
2024-01-29 11:03:20,216:INFO:Engine for model 'dt_cds_dt' has not been set explicitly, hence returning None.
2024-01-29 11:03:20,217:INFO:Engine for model 'rf_cds_dt' has not been set explicitly, hence returning None.
2024-01-29 11:03:20,217:INFO:Engine for model 'et_cds_dt' has not been set explicitly, hence returning None.
2024-01-29 11:03:20,217:INFO:Engine for model 'gbr_cds_dt' has not been set explicitly, hence returning None.
2024-01-29 11:03:20,217:INFO:Engine for model 'ada_cds_dt' has not been set explicitly, hence returning None.
2024-01-29 11:03:20,218:INFO:Engine for model 'xgboost_cds_dt' has not been set explicitly, hence returning None.
2024-01-29 11:03:20,218:INFO:Soft dependency imported: xgboost: 2.0.3
2024-01-29 11:03:20,218:INFO:Soft dependency imported: xgboost: 2.0.3
2024-01-29 11:03:20,218:INFO:Engine for model 'lightgbm_cds_dt' has not been set explicitly, hence returning None.
2024-01-29 11:03:20,218:INFO:Engine for model 'catboost_cds_dt' has not been set explicitly, hence returning None.
2024-01-29 11:03:20,218:INFO:Soft dependency imported: catboost: 1.2.2
2024-01-29 11:03:20,218:INFO:Soft dependency imported: catboost: 1.2.2
2024-01-29 11:03:20,220:INFO:Soft dependency imported: prophet: 1.1.5
2024-01-29 11:03:20,221:INFO:Engine for model 'lasso_cds_dt' has not been set explicitly, hence returning None.
2024-01-29 11:03:20,221:INFO:Engine for model 'llar_cds_dt' has not been set explicitly, hence returning None.
2024-01-29 11:03:20,222:INFO:Engine for model 'br_cds_dt' has not been set explicitly, hence returning None.
2024-01-29 11:03:20,222:INFO:Engine for model 'huber_cds_dt' has not been set explicitly, hence returning None.
2024-01-29 11:03:20,224:INFO:Engine for model 'omp_cds_dt' has not been set explicitly, hence returning None.
2024-01-29 11:03:20,226:INFO:Engine for model 'knn_cds_dt' has not been set explicitly, hence returning None.
2024-01-29 11:03:20,226:INFO:Engine for model 'dt_cds_dt' has not been set explicitly, hence returning None.
2024-01-29 11:03:20,226:INFO:Engine for model 'rf_cds_dt' has not been set explicitly, hence returning None.
2024-01-29 11:03:20,226:INFO:Engine for model 'et_cds_dt' has not been set explicitly, hence returning None.
2024-01-29 11:03:20,226:INFO:Engine for model 'gbr_cds_dt' has not been set explicitly, hence returning None.
2024-01-29 11:03:20,226:INFO:Engine for model 'ada_cds_dt' has not been set explicitly, hence returning None.
2024-01-29 11:03:20,227:INFO:Engine for model 'xgboost_cds_dt' has not been set explicitly, hence returning None.
2024-01-29 11:03:20,227:INFO:Soft dependency imported: xgboost: 2.0.3
2024-01-29 11:03:20,227:INFO:Soft dependency imported: xgboost: 2.0.3
2024-01-29 11:03:20,227:INFO:Engine for model 'lightgbm_cds_dt' has not been set explicitly, hence returning None.
2024-01-29 11:03:20,227:INFO:Engine for model 'catboost_cds_dt' has not been set explicitly, hence returning None.
2024-01-29 11:03:20,227:INFO:Soft dependency imported: catboost: 1.2.2
2024-01-29 11:03:20,227:INFO:Soft dependency imported: catboost: 1.2.2
2024-01-29 11:03:20,228:INFO:Engine successfully changes for model 'lasso_cds_dt' to 'sklearn'.
2024-01-29 11:03:20,229:INFO:Soft dependency imported: prophet: 1.1.5
2024-01-29 11:03:20,230:INFO:Engine for model 'llar_cds_dt' has not been set explicitly, hence returning None.
2024-01-29 11:03:20,230:INFO:Engine for model 'br_cds_dt' has not been set explicitly, hence returning None.
2024-01-29 11:03:20,230:INFO:Engine for model 'huber_cds_dt' has not been set explicitly, hence returning None.
2024-01-29 11:03:20,233:INFO:Engine for model 'omp_cds_dt' has not been set explicitly, hence returning None.
2024-01-29 11:03:20,235:INFO:Engine for model 'knn_cds_dt' has not been set explicitly, hence returning None.
2024-01-29 11:03:20,236:INFO:Engine for model 'dt_cds_dt' has not been set explicitly, hence returning None.
2024-01-29 11:03:20,236:INFO:Engine for model 'rf_cds_dt' has not been set explicitly, hence returning None.
2024-01-29 11:03:20,236:INFO:Engine for model 'et_cds_dt' has not been set explicitly, hence returning None.
2024-01-29 11:03:20,236:INFO:Engine for model 'gbr_cds_dt' has not been set explicitly, hence returning None.
2024-01-29 11:03:20,236:INFO:Engine for model 'ada_cds_dt' has not been set explicitly, hence returning None.
2024-01-29 11:03:20,237:INFO:Engine for model 'xgboost_cds_dt' has not been set explicitly, hence returning None.
2024-01-29 11:03:20,237:INFO:Soft dependency imported: xgboost: 2.0.3
2024-01-29 11:03:20,237:INFO:Soft dependency imported: xgboost: 2.0.3
2024-01-29 11:03:20,237:INFO:Engine for model 'lightgbm_cds_dt' has not been set explicitly, hence returning None.
2024-01-29 11:03:20,237:INFO:Engine for model 'catboost_cds_dt' has not been set explicitly, hence returning None.
2024-01-29 11:03:20,237:INFO:Soft dependency imported: catboost: 1.2.2
2024-01-29 11:03:20,237:INFO:Soft dependency imported: catboost: 1.2.2
2024-01-29 11:03:20,240:INFO:Soft dependency imported: prophet: 1.1.5
2024-01-29 11:03:20,240:INFO:Engine for model 'llar_cds_dt' has not been set explicitly, hence returning None.
2024-01-29 11:03:20,241:INFO:Engine for model 'br_cds_dt' has not been set explicitly, hence returning None.
2024-01-29 11:03:20,241:INFO:Engine for model 'huber_cds_dt' has not been set explicitly, hence returning None.
2024-01-29 11:03:20,243:INFO:Engine for model 'omp_cds_dt' has not been set explicitly, hence returning None.
2024-01-29 11:03:20,245:INFO:Engine for model 'knn_cds_dt' has not been set explicitly, hence returning None.
2024-01-29 11:03:20,245:INFO:Engine for model 'dt_cds_dt' has not been set explicitly, hence returning None.
2024-01-29 11:03:20,245:INFO:Engine for model 'rf_cds_dt' has not been set explicitly, hence returning None.
2024-01-29 11:03:20,246:INFO:Engine for model 'et_cds_dt' has not been set explicitly, hence returning None.
2024-01-29 11:03:20,246:INFO:Engine for model 'gbr_cds_dt' has not been set explicitly, hence returning None.
2024-01-29 11:03:20,246:INFO:Engine for model 'ada_cds_dt' has not been set explicitly, hence returning None.
2024-01-29 11:03:20,246:INFO:Engine for model 'xgboost_cds_dt' has not been set explicitly, hence returning None.
2024-01-29 11:03:20,246:INFO:Soft dependency imported: xgboost: 2.0.3
2024-01-29 11:03:20,246:INFO:Soft dependency imported: xgboost: 2.0.3
2024-01-29 11:03:20,246:INFO:Engine for model 'lightgbm_cds_dt' has not been set explicitly, hence returning None.
2024-01-29 11:03:20,247:INFO:Engine for model 'catboost_cds_dt' has not been set explicitly, hence returning None.
2024-01-29 11:03:20,247:INFO:Soft dependency imported: catboost: 1.2.2
2024-01-29 11:03:20,247:INFO:Soft dependency imported: catboost: 1.2.2
2024-01-29 11:03:20,247:INFO:Engine successfully changes for model 'lar_cds_dt' to 'sklearn'.
2024-01-29 11:03:20,249:INFO:Soft dependency imported: prophet: 1.1.5
2024-01-29 11:03:20,250:INFO:Engine for model 'llar_cds_dt' has not been set explicitly, hence returning None.
2024-01-29 11:03:20,250:INFO:Engine for model 'br_cds_dt' has not been set explicitly, hence returning None.
2024-01-29 11:03:20,250:INFO:Engine for model 'huber_cds_dt' has not been set explicitly, hence returning None.
2024-01-29 11:03:20,252:INFO:Engine for model 'omp_cds_dt' has not been set explicitly, hence returning None.
2024-01-29 11:03:20,254:INFO:Engine for model 'knn_cds_dt' has not been set explicitly, hence returning None.
2024-01-29 11:03:20,254:INFO:Engine for model 'dt_cds_dt' has not been set explicitly, hence returning None.
2024-01-29 11:03:20,254:INFO:Engine for model 'rf_cds_dt' has not been set explicitly, hence returning None.
2024-01-29 11:03:20,255:INFO:Engine for model 'et_cds_dt' has not been set explicitly, hence returning None.
2024-01-29 11:03:20,255:INFO:Engine for model 'gbr_cds_dt' has not been set explicitly, hence returning None.
2024-01-29 11:03:20,255:INFO:Engine for model 'ada_cds_dt' has not been set explicitly, hence returning None.
2024-01-29 11:03:20,255:INFO:Engine for model 'xgboost_cds_dt' has not been set explicitly, hence returning None.
2024-01-29 11:03:20,256:INFO:Soft dependency imported: xgboost: 2.0.3
2024-01-29 11:03:20,256:INFO:Soft dependency imported: xgboost: 2.0.3
2024-01-29 11:03:20,256:INFO:Engine for model 'lightgbm_cds_dt' has not been set explicitly, hence returning None.
2024-01-29 11:03:20,256:INFO:Engine for model 'catboost_cds_dt' has not been set explicitly, hence returning None.
2024-01-29 11:03:20,256:INFO:Soft dependency imported: catboost: 1.2.2
2024-01-29 11:03:20,256:INFO:Soft dependency imported: catboost: 1.2.2
2024-01-29 11:03:20,258:INFO:Soft dependency imported: prophet: 1.1.5
2024-01-29 11:03:20,259:INFO:Engine for model 'llar_cds_dt' has not been set explicitly, hence returning None.
2024-01-29 11:03:20,259:INFO:Engine for model 'br_cds_dt' has not been set explicitly, hence returning None.
2024-01-29 11:03:20,259:INFO:Engine for model 'huber_cds_dt' has not been set explicitly, hence returning None.
2024-01-29 11:03:20,260:INFO:Engine for model 'omp_cds_dt' has not been set explicitly, hence returning None.
2024-01-29 11:03:20,262:INFO:Engine for model 'knn_cds_dt' has not been set explicitly, hence returning None.
2024-01-29 11:03:20,262:INFO:Engine for model 'dt_cds_dt' has not been set explicitly, hence returning None.
2024-01-29 11:03:20,263:INFO:Engine for model 'rf_cds_dt' has not been set explicitly, hence returning None.
2024-01-29 11:03:20,263:INFO:Engine for model 'et_cds_dt' has not been set explicitly, hence returning None.
2024-01-29 11:03:20,263:INFO:Engine for model 'gbr_cds_dt' has not been set explicitly, hence returning None.
2024-01-29 11:03:20,263:INFO:Engine for model 'ada_cds_dt' has not been set explicitly, hence returning None.
2024-01-29 11:03:20,263:INFO:Engine for model 'xgboost_cds_dt' has not been set explicitly, hence returning None.
2024-01-29 11:03:20,263:INFO:Soft dependency imported: xgboost: 2.0.3
2024-01-29 11:03:20,263:INFO:Soft dependency imported: xgboost: 2.0.3
2024-01-29 11:03:20,264:INFO:Engine for model 'lightgbm_cds_dt' has not been set explicitly, hence returning None.
2024-01-29 11:03:20,264:INFO:Engine for model 'catboost_cds_dt' has not been set explicitly, hence returning None.
2024-01-29 11:03:20,264:INFO:Soft dependency imported: catboost: 1.2.2
2024-01-29 11:03:20,264:INFO:Soft dependency imported: catboost: 1.2.2
2024-01-29 11:03:20,264:INFO:Engine successfully changes for model 'llar_cds_dt' to 'sklearn'.
2024-01-29 11:03:20,266:INFO:Soft dependency imported: prophet: 1.1.5
2024-01-29 11:03:20,267:INFO:Engine for model 'br_cds_dt' has not been set explicitly, hence returning None.
2024-01-29 11:03:20,267:INFO:Engine for model 'huber_cds_dt' has not been set explicitly, hence returning None.
2024-01-29 11:03:20,269:INFO:Engine for model 'omp_cds_dt' has not been set explicitly, hence returning None.
2024-01-29 11:03:20,270:INFO:Engine for model 'knn_cds_dt' has not been set explicitly, hence returning None.
2024-01-29 11:03:20,270:INFO:Engine for model 'dt_cds_dt' has not been set explicitly, hence returning None.
2024-01-29 11:03:20,271:INFO:Engine for model 'rf_cds_dt' has not been set explicitly, hence returning None.
2024-01-29 11:03:20,271:INFO:Engine for model 'et_cds_dt' has not been set explicitly, hence returning None.
2024-01-29 11:03:20,271:INFO:Engine for model 'gbr_cds_dt' has not been set explicitly, hence returning None.
2024-01-29 11:03:20,272:INFO:Engine for model 'ada_cds_dt' has not been set explicitly, hence returning None.
2024-01-29 11:03:20,272:INFO:Engine for model 'xgboost_cds_dt' has not been set explicitly, hence returning None.
2024-01-29 11:03:20,272:INFO:Soft dependency imported: xgboost: 2.0.3
2024-01-29 11:03:20,272:INFO:Soft dependency imported: xgboost: 2.0.3
2024-01-29 11:03:20,272:INFO:Engine for model 'lightgbm_cds_dt' has not been set explicitly, hence returning None.
2024-01-29 11:03:20,272:INFO:Engine for model 'catboost_cds_dt' has not been set explicitly, hence returning None.
2024-01-29 11:03:20,272:INFO:Soft dependency imported: catboost: 1.2.2
2024-01-29 11:03:20,272:INFO:Soft dependency imported: catboost: 1.2.2
2024-01-29 11:03:20,275:INFO:Soft dependency imported: prophet: 1.1.5
2024-01-29 11:03:20,275:INFO:Engine for model 'br_cds_dt' has not been set explicitly, hence returning None.
2024-01-29 11:03:20,276:INFO:Engine for model 'huber_cds_dt' has not been set explicitly, hence returning None.
2024-01-29 11:03:20,277:INFO:Engine for model 'omp_cds_dt' has not been set explicitly, hence returning None.
2024-01-29 11:03:20,279:INFO:Engine for model 'knn_cds_dt' has not been set explicitly, hence returning None.
2024-01-29 11:03:20,279:INFO:Engine for model 'dt_cds_dt' has not been set explicitly, hence returning None.
2024-01-29 11:03:20,279:INFO:Engine for model 'rf_cds_dt' has not been set explicitly, hence returning None.
2024-01-29 11:03:20,280:INFO:Engine for model 'et_cds_dt' has not been set explicitly, hence returning None.
2024-01-29 11:03:20,280:INFO:Engine for model 'gbr_cds_dt' has not been set explicitly, hence returning None.
2024-01-29 11:03:20,280:INFO:Engine for model 'ada_cds_dt' has not been set explicitly, hence returning None.
2024-01-29 11:03:20,280:INFO:Engine for model 'xgboost_cds_dt' has not been set explicitly, hence returning None.
2024-01-29 11:03:20,280:INFO:Soft dependency imported: xgboost: 2.0.3
2024-01-29 11:03:20,280:INFO:Soft dependency imported: xgboost: 2.0.3
2024-01-29 11:03:20,280:INFO:Engine for model 'lightgbm_cds_dt' has not been set explicitly, hence returning None.
2024-01-29 11:03:20,280:INFO:Engine for model 'catboost_cds_dt' has not been set explicitly, hence returning None.
2024-01-29 11:03:20,280:INFO:Soft dependency imported: catboost: 1.2.2
2024-01-29 11:03:20,280:INFO:Soft dependency imported: catboost: 1.2.2
2024-01-29 11:03:20,280:INFO:Engine successfully changes for model 'br_cds_dt' to 'sklearn'.
2024-01-29 11:03:20,282:INFO:Soft dependency imported: prophet: 1.1.5
2024-01-29 11:03:20,283:INFO:Engine for model 'huber_cds_dt' has not been set explicitly, hence returning None.
2024-01-29 11:03:20,285:INFO:Engine for model 'omp_cds_dt' has not been set explicitly, hence returning None.
2024-01-29 11:03:20,286:INFO:Engine for model 'knn_cds_dt' has not been set explicitly, hence returning None.
2024-01-29 11:03:20,286:INFO:Engine for model 'dt_cds_dt' has not been set explicitly, hence returning None.
2024-01-29 11:03:20,286:INFO:Engine for model 'rf_cds_dt' has not been set explicitly, hence returning None.
2024-01-29 11:03:20,287:INFO:Engine for model 'et_cds_dt' has not been set explicitly, hence returning None.
2024-01-29 11:03:20,287:INFO:Engine for model 'gbr_cds_dt' has not been set explicitly, hence returning None.
2024-01-29 11:03:20,287:INFO:Engine for model 'ada_cds_dt' has not been set explicitly, hence returning None.
2024-01-29 11:03:20,287:INFO:Engine for model 'xgboost_cds_dt' has not been set explicitly, hence returning None.
2024-01-29 11:03:20,287:INFO:Soft dependency imported: xgboost: 2.0.3
2024-01-29 11:03:20,287:INFO:Soft dependency imported: xgboost: 2.0.3
2024-01-29 11:03:20,287:INFO:Engine for model 'lightgbm_cds_dt' has not been set explicitly, hence returning None.
2024-01-29 11:03:20,288:INFO:Engine for model 'catboost_cds_dt' has not been set explicitly, hence returning None.
2024-01-29 11:03:20,288:INFO:Soft dependency imported: catboost: 1.2.2
2024-01-29 11:03:20,288:INFO:Soft dependency imported: catboost: 1.2.2
2024-01-29 11:03:20,290:INFO:Soft dependency imported: prophet: 1.1.5
2024-01-29 11:03:20,291:INFO:Engine for model 'huber_cds_dt' has not been set explicitly, hence returning None.
2024-01-29 11:03:20,293:INFO:Engine for model 'omp_cds_dt' has not been set explicitly, hence returning None.
2024-01-29 11:03:20,295:INFO:Engine for model 'knn_cds_dt' has not been set explicitly, hence returning None.
2024-01-29 11:03:20,295:INFO:Engine for model 'dt_cds_dt' has not been set explicitly, hence returning None.
2024-01-29 11:03:20,295:INFO:Engine for model 'rf_cds_dt' has not been set explicitly, hence returning None.
2024-01-29 11:03:20,295:INFO:Engine for model 'et_cds_dt' has not been set explicitly, hence returning None.
2024-01-29 11:03:20,295:INFO:Engine for model 'gbr_cds_dt' has not been set explicitly, hence returning None.
2024-01-29 11:03:20,296:INFO:Engine for model 'ada_cds_dt' has not been set explicitly, hence returning None.
2024-01-29 11:03:20,296:INFO:Engine for model 'xgboost_cds_dt' has not been set explicitly, hence returning None.
2024-01-29 11:03:20,296:INFO:Soft dependency imported: xgboost: 2.0.3
2024-01-29 11:03:20,296:INFO:Soft dependency imported: xgboost: 2.0.3
2024-01-29 11:03:20,296:INFO:Engine for model 'lightgbm_cds_dt' has not been set explicitly, hence returning None.
2024-01-29 11:03:20,296:INFO:Engine for model 'catboost_cds_dt' has not been set explicitly, hence returning None.
2024-01-29 11:03:20,296:INFO:Soft dependency imported: catboost: 1.2.2
2024-01-29 11:03:20,296:INFO:Soft dependency imported: catboost: 1.2.2
2024-01-29 11:03:20,297:INFO:Engine successfully changes for model 'huber_cds_dt' to 'sklearn'.
2024-01-29 11:03:20,298:INFO:Soft dependency imported: prophet: 1.1.5
2024-01-29 11:03:20,302:INFO:Engine for model 'omp_cds_dt' has not been set explicitly, hence returning None.
2024-01-29 11:03:20,303:INFO:Engine for model 'knn_cds_dt' has not been set explicitly, hence returning None.
2024-01-29 11:03:20,303:INFO:Engine for model 'dt_cds_dt' has not been set explicitly, hence returning None.
2024-01-29 11:03:20,303:INFO:Engine for model 'rf_cds_dt' has not been set explicitly, hence returning None.
2024-01-29 11:03:20,304:INFO:Engine for model 'et_cds_dt' has not been set explicitly, hence returning None.
2024-01-29 11:03:20,304:INFO:Engine for model 'gbr_cds_dt' has not been set explicitly, hence returning None.
2024-01-29 11:03:20,304:INFO:Engine for model 'ada_cds_dt' has not been set explicitly, hence returning None.
2024-01-29 11:03:20,304:INFO:Engine for model 'xgboost_cds_dt' has not been set explicitly, hence returning None.
2024-01-29 11:03:20,304:INFO:Soft dependency imported: xgboost: 2.0.3
2024-01-29 11:03:20,304:INFO:Soft dependency imported: xgboost: 2.0.3
2024-01-29 11:03:20,304:INFO:Engine for model 'lightgbm_cds_dt' has not been set explicitly, hence returning None.
2024-01-29 11:03:20,305:INFO:Engine for model 'catboost_cds_dt' has not been set explicitly, hence returning None.
2024-01-29 11:03:20,305:INFO:Soft dependency imported: catboost: 1.2.2
2024-01-29 11:03:20,305:INFO:Soft dependency imported: catboost: 1.2.2
2024-01-29 11:03:20,307:INFO:Soft dependency imported: prophet: 1.1.5
2024-01-29 11:03:20,309:INFO:Engine for model 'omp_cds_dt' has not been set explicitly, hence returning None.
2024-01-29 11:03:20,310:INFO:Engine for model 'knn_cds_dt' has not been set explicitly, hence returning None.
2024-01-29 11:03:20,311:INFO:Engine for model 'dt_cds_dt' has not been set explicitly, hence returning None.
2024-01-29 11:03:20,311:INFO:Engine for model 'rf_cds_dt' has not been set explicitly, hence returning None.
2024-01-29 11:03:20,311:INFO:Engine for model 'et_cds_dt' has not been set explicitly, hence returning None.
2024-01-29 11:03:20,311:INFO:Engine for model 'gbr_cds_dt' has not been set explicitly, hence returning None.
2024-01-29 11:03:20,312:INFO:Engine for model 'ada_cds_dt' has not been set explicitly, hence returning None.
2024-01-29 11:03:20,312:INFO:Engine for model 'xgboost_cds_dt' has not been set explicitly, hence returning None.
2024-01-29 11:03:20,312:INFO:Soft dependency imported: xgboost: 2.0.3
2024-01-29 11:03:20,312:INFO:Soft dependency imported: xgboost: 2.0.3
2024-01-29 11:03:20,312:INFO:Engine for model 'lightgbm_cds_dt' has not been set explicitly, hence returning None.
2024-01-29 11:03:20,312:INFO:Engine for model 'catboost_cds_dt' has not been set explicitly, hence returning None.
2024-01-29 11:03:20,312:INFO:Soft dependency imported: catboost: 1.2.2
2024-01-29 11:03:20,312:INFO:Soft dependency imported: catboost: 1.2.2
2024-01-29 11:03:20,313:INFO:Engine successfully changes for model 'par_cds_dt' to 'sklearn'.
2024-01-29 11:03:20,314:INFO:Soft dependency imported: prophet: 1.1.5
2024-01-29 11:03:20,317:INFO:Engine for model 'omp_cds_dt' has not been set explicitly, hence returning None.
2024-01-29 11:03:20,319:INFO:Engine for model 'knn_cds_dt' has not been set explicitly, hence returning None.
2024-01-29 11:03:20,319:INFO:Engine for model 'dt_cds_dt' has not been set explicitly, hence returning None.
2024-01-29 11:03:20,319:INFO:Engine for model 'rf_cds_dt' has not been set explicitly, hence returning None.
2024-01-29 11:03:20,319:INFO:Engine for model 'et_cds_dt' has not been set explicitly, hence returning None.
2024-01-29 11:03:20,320:INFO:Engine for model 'gbr_cds_dt' has not been set explicitly, hence returning None.
2024-01-29 11:03:20,320:INFO:Engine for model 'ada_cds_dt' has not been set explicitly, hence returning None.
2024-01-29 11:03:20,320:INFO:Engine for model 'xgboost_cds_dt' has not been set explicitly, hence returning None.
2024-01-29 11:03:20,320:INFO:Soft dependency imported: xgboost: 2.0.3
2024-01-29 11:03:20,320:INFO:Soft dependency imported: xgboost: 2.0.3
2024-01-29 11:03:20,322:INFO:Engine for model 'lightgbm_cds_dt' has not been set explicitly, hence returning None.
2024-01-29 11:03:20,322:INFO:Engine for model 'catboost_cds_dt' has not been set explicitly, hence returning None.
2024-01-29 11:03:20,322:INFO:Soft dependency imported: catboost: 1.2.2
2024-01-29 11:03:20,322:INFO:Soft dependency imported: catboost: 1.2.2
2024-01-29 11:03:20,324:INFO:Soft dependency imported: prophet: 1.1.5
2024-01-29 11:03:20,327:INFO:Engine for model 'omp_cds_dt' has not been set explicitly, hence returning None.
2024-01-29 11:03:20,329:INFO:Engine for model 'knn_cds_dt' has not been set explicitly, hence returning None.
2024-01-29 11:03:20,330:INFO:Engine for model 'dt_cds_dt' has not been set explicitly, hence returning None.
2024-01-29 11:03:20,330:INFO:Engine for model 'rf_cds_dt' has not been set explicitly, hence returning None.
2024-01-29 11:03:20,330:INFO:Engine for model 'et_cds_dt' has not been set explicitly, hence returning None.
2024-01-29 11:03:20,330:INFO:Engine for model 'gbr_cds_dt' has not been set explicitly, hence returning None.
2024-01-29 11:03:20,330:INFO:Engine for model 'ada_cds_dt' has not been set explicitly, hence returning None.
2024-01-29 11:03:20,330:INFO:Engine for model 'xgboost_cds_dt' has not been set explicitly, hence returning None.
2024-01-29 11:03:20,330:INFO:Soft dependency imported: xgboost: 2.0.3
2024-01-29 11:03:20,330:INFO:Soft dependency imported: xgboost: 2.0.3
2024-01-29 11:03:20,331:INFO:Engine for model 'lightgbm_cds_dt' has not been set explicitly, hence returning None.
2024-01-29 11:03:20,331:INFO:Engine for model 'catboost_cds_dt' has not been set explicitly, hence returning None.
2024-01-29 11:03:20,331:INFO:Soft dependency imported: catboost: 1.2.2
2024-01-29 11:03:20,331:INFO:Soft dependency imported: catboost: 1.2.2
2024-01-29 11:03:20,331:INFO:Engine successfully changes for model 'omp_cds_dt' to 'sklearn'.
2024-01-29 11:03:20,333:INFO:Soft dependency imported: prophet: 1.1.5
2024-01-29 11:03:20,338:INFO:Engine for model 'knn_cds_dt' has not been set explicitly, hence returning None.
2024-01-29 11:03:20,338:INFO:Engine for model 'dt_cds_dt' has not been set explicitly, hence returning None.
2024-01-29 11:03:20,338:INFO:Engine for model 'rf_cds_dt' has not been set explicitly, hence returning None.
2024-01-29 11:03:20,339:INFO:Engine for model 'et_cds_dt' has not been set explicitly, hence returning None.
2024-01-29 11:03:20,339:INFO:Engine for model 'gbr_cds_dt' has not been set explicitly, hence returning None.
2024-01-29 11:03:20,339:INFO:Engine for model 'ada_cds_dt' has not been set explicitly, hence returning None.
2024-01-29 11:03:20,339:INFO:Engine for model 'xgboost_cds_dt' has not been set explicitly, hence returning None.
2024-01-29 11:03:20,339:INFO:Soft dependency imported: xgboost: 2.0.3
2024-01-29 11:03:20,339:INFO:Soft dependency imported: xgboost: 2.0.3
2024-01-29 11:03:20,339:INFO:Engine for model 'lightgbm_cds_dt' has not been set explicitly, hence returning None.
2024-01-29 11:03:20,339:INFO:Engine for model 'catboost_cds_dt' has not been set explicitly, hence returning None.
2024-01-29 11:03:20,339:INFO:Soft dependency imported: catboost: 1.2.2
2024-01-29 11:03:20,339:INFO:Soft dependency imported: catboost: 1.2.2
2024-01-29 11:03:20,342:INFO:Soft dependency imported: prophet: 1.1.5
2024-01-29 11:03:20,346:INFO:Engine for model 'knn_cds_dt' has not been set explicitly, hence returning None.
2024-01-29 11:03:20,346:INFO:Engine for model 'dt_cds_dt' has not been set explicitly, hence returning None.
2024-01-29 11:03:20,346:INFO:Engine for model 'rf_cds_dt' has not been set explicitly, hence returning None.
2024-01-29 11:03:20,346:INFO:Engine for model 'et_cds_dt' has not been set explicitly, hence returning None.
2024-01-29 11:03:20,346:INFO:Engine for model 'gbr_cds_dt' has not been set explicitly, hence returning None.
2024-01-29 11:03:20,347:INFO:Engine for model 'ada_cds_dt' has not been set explicitly, hence returning None.
2024-01-29 11:03:20,347:INFO:Engine for model 'xgboost_cds_dt' has not been set explicitly, hence returning None.
2024-01-29 11:03:20,347:INFO:Soft dependency imported: xgboost: 2.0.3
2024-01-29 11:03:20,347:INFO:Soft dependency imported: xgboost: 2.0.3
2024-01-29 11:03:20,347:INFO:Engine for model 'lightgbm_cds_dt' has not been set explicitly, hence returning None.
2024-01-29 11:03:20,347:INFO:Engine for model 'catboost_cds_dt' has not been set explicitly, hence returning None.
2024-01-29 11:03:20,347:INFO:Soft dependency imported: catboost: 1.2.2
2024-01-29 11:03:20,347:INFO:Soft dependency imported: catboost: 1.2.2
2024-01-29 11:03:20,348:INFO:Engine successfully changes for model 'knn_cds_dt' to 'sklearn'.
2024-01-29 11:03:20,349:INFO:Soft dependency imported: prophet: 1.1.5
2024-01-29 11:03:20,353:INFO:Engine for model 'dt_cds_dt' has not been set explicitly, hence returning None.
2024-01-29 11:03:20,353:INFO:Engine for model 'rf_cds_dt' has not been set explicitly, hence returning None.
2024-01-29 11:03:20,353:INFO:Engine for model 'et_cds_dt' has not been set explicitly, hence returning None.
2024-01-29 11:03:20,353:INFO:Engine for model 'gbr_cds_dt' has not been set explicitly, hence returning None.
2024-01-29 11:03:20,354:INFO:Engine for model 'ada_cds_dt' has not been set explicitly, hence returning None.
2024-01-29 11:03:20,354:INFO:Engine for model 'xgboost_cds_dt' has not been set explicitly, hence returning None.
2024-01-29 11:03:20,354:INFO:Soft dependency imported: xgboost: 2.0.3
2024-01-29 11:03:20,354:INFO:Soft dependency imported: xgboost: 2.0.3
2024-01-29 11:03:20,354:INFO:Engine for model 'lightgbm_cds_dt' has not been set explicitly, hence returning None.
2024-01-29 11:03:20,354:INFO:Engine for model 'catboost_cds_dt' has not been set explicitly, hence returning None.
2024-01-29 11:03:20,354:INFO:Soft dependency imported: catboost: 1.2.2
2024-01-29 11:03:20,354:INFO:Soft dependency imported: catboost: 1.2.2
2024-01-29 11:03:20,356:INFO:Soft dependency imported: prophet: 1.1.5
2024-01-29 11:03:20,360:INFO:Engine for model 'dt_cds_dt' has not been set explicitly, hence returning None.
2024-01-29 11:03:20,360:INFO:Engine for model 'rf_cds_dt' has not been set explicitly, hence returning None.
2024-01-29 11:03:20,360:INFO:Engine for model 'et_cds_dt' has not been set explicitly, hence returning None.
2024-01-29 11:03:20,360:INFO:Engine for model 'gbr_cds_dt' has not been set explicitly, hence returning None.
2024-01-29 11:03:20,361:INFO:Engine for model 'ada_cds_dt' has not been set explicitly, hence returning None.
2024-01-29 11:03:20,361:INFO:Engine for model 'xgboost_cds_dt' has not been set explicitly, hence returning None.
2024-01-29 11:03:20,361:INFO:Soft dependency imported: xgboost: 2.0.3
2024-01-29 11:03:20,361:INFO:Soft dependency imported: xgboost: 2.0.3
2024-01-29 11:03:20,361:INFO:Engine for model 'lightgbm_cds_dt' has not been set explicitly, hence returning None.
2024-01-29 11:03:20,361:INFO:Engine for model 'catboost_cds_dt' has not been set explicitly, hence returning None.
2024-01-29 11:03:20,361:INFO:Soft dependency imported: catboost: 1.2.2
2024-01-29 11:03:20,361:INFO:Soft dependency imported: catboost: 1.2.2
2024-01-29 11:03:20,362:INFO:Engine successfully changes for model 'dt_cds_dt' to 'sklearn'.
2024-01-29 11:03:20,363:INFO:Soft dependency imported: prophet: 1.1.5
2024-01-29 11:03:20,367:INFO:Engine for model 'rf_cds_dt' has not been set explicitly, hence returning None.
2024-01-29 11:03:20,367:INFO:Engine for model 'et_cds_dt' has not been set explicitly, hence returning None.
2024-01-29 11:03:20,367:INFO:Engine for model 'gbr_cds_dt' has not been set explicitly, hence returning None.
2024-01-29 11:03:20,367:INFO:Engine for model 'ada_cds_dt' has not been set explicitly, hence returning None.
2024-01-29 11:03:20,367:INFO:Engine for model 'xgboost_cds_dt' has not been set explicitly, hence returning None.
2024-01-29 11:03:20,367:INFO:Soft dependency imported: xgboost: 2.0.3
2024-01-29 11:03:20,368:INFO:Soft dependency imported: xgboost: 2.0.3
2024-01-29 11:03:20,368:INFO:Engine for model 'lightgbm_cds_dt' has not been set explicitly, hence returning None.
2024-01-29 11:03:20,368:INFO:Engine for model 'catboost_cds_dt' has not been set explicitly, hence returning None.
2024-01-29 11:03:20,368:INFO:Soft dependency imported: catboost: 1.2.2
2024-01-29 11:03:20,368:INFO:Soft dependency imported: catboost: 1.2.2
2024-01-29 11:03:20,370:INFO:Soft dependency imported: prophet: 1.1.5
2024-01-29 11:03:20,374:INFO:Engine for model 'rf_cds_dt' has not been set explicitly, hence returning None.
2024-01-29 11:03:20,375:INFO:Engine for model 'et_cds_dt' has not been set explicitly, hence returning None.
2024-01-29 11:03:20,375:INFO:Engine for model 'gbr_cds_dt' has not been set explicitly, hence returning None.
2024-01-29 11:03:20,375:INFO:Engine for model 'ada_cds_dt' has not been set explicitly, hence returning None.
2024-01-29 11:03:20,375:INFO:Engine for model 'xgboost_cds_dt' has not been set explicitly, hence returning None.
2024-01-29 11:03:20,375:INFO:Soft dependency imported: xgboost: 2.0.3
2024-01-29 11:03:20,375:INFO:Soft dependency imported: xgboost: 2.0.3
2024-01-29 11:03:20,375:INFO:Engine for model 'lightgbm_cds_dt' has not been set explicitly, hence returning None.
2024-01-29 11:03:20,375:INFO:Engine for model 'catboost_cds_dt' has not been set explicitly, hence returning None.
2024-01-29 11:03:20,375:INFO:Soft dependency imported: catboost: 1.2.2
2024-01-29 11:03:20,376:INFO:Soft dependency imported: catboost: 1.2.2
2024-01-29 11:03:20,376:INFO:Engine successfully changes for model 'rf_cds_dt' to 'sklearn'.
2024-01-29 11:03:20,377:INFO:Soft dependency imported: prophet: 1.1.5
2024-01-29 11:03:20,381:INFO:Engine for model 'et_cds_dt' has not been set explicitly, hence returning None.
2024-01-29 11:03:20,381:INFO:Engine for model 'gbr_cds_dt' has not been set explicitly, hence returning None.
2024-01-29 11:03:20,381:INFO:Engine for model 'ada_cds_dt' has not been set explicitly, hence returning None.
2024-01-29 11:03:20,381:INFO:Engine for model 'xgboost_cds_dt' has not been set explicitly, hence returning None.
2024-01-29 11:03:20,381:INFO:Soft dependency imported: xgboost: 2.0.3
2024-01-29 11:03:20,381:INFO:Soft dependency imported: xgboost: 2.0.3
2024-01-29 11:03:20,381:INFO:Engine for model 'lightgbm_cds_dt' has not been set explicitly, hence returning None.
2024-01-29 11:03:20,382:INFO:Engine for model 'catboost_cds_dt' has not been set explicitly, hence returning None.
2024-01-29 11:03:20,382:INFO:Soft dependency imported: catboost: 1.2.2
2024-01-29 11:03:20,382:INFO:Soft dependency imported: catboost: 1.2.2
2024-01-29 11:03:20,383:INFO:Soft dependency imported: prophet: 1.1.5
2024-01-29 11:03:20,388:INFO:Engine for model 'et_cds_dt' has not been set explicitly, hence returning None.
2024-01-29 11:03:20,388:INFO:Engine for model 'gbr_cds_dt' has not been set explicitly, hence returning None.
2024-01-29 11:03:20,388:INFO:Engine for model 'ada_cds_dt' has not been set explicitly, hence returning None.
2024-01-29 11:03:20,388:INFO:Engine for model 'xgboost_cds_dt' has not been set explicitly, hence returning None.
2024-01-29 11:03:20,388:INFO:Soft dependency imported: xgboost: 2.0.3
2024-01-29 11:03:20,388:INFO:Soft dependency imported: xgboost: 2.0.3
2024-01-29 11:03:20,388:INFO:Engine for model 'lightgbm_cds_dt' has not been set explicitly, hence returning None.
2024-01-29 11:03:20,388:INFO:Engine for model 'catboost_cds_dt' has not been set explicitly, hence returning None.
2024-01-29 11:03:20,388:INFO:Soft dependency imported: catboost: 1.2.2
2024-01-29 11:03:20,389:INFO:Soft dependency imported: catboost: 1.2.2
2024-01-29 11:03:20,389:INFO:Engine successfully changes for model 'et_cds_dt' to 'sklearn'.
2024-01-29 11:03:20,390:INFO:Soft dependency imported: prophet: 1.1.5
2024-01-29 11:03:20,395:INFO:Engine for model 'gbr_cds_dt' has not been set explicitly, hence returning None.
2024-01-29 11:03:20,395:INFO:Engine for model 'ada_cds_dt' has not been set explicitly, hence returning None.
2024-01-29 11:03:20,395:INFO:Engine for model 'xgboost_cds_dt' has not been set explicitly, hence returning None.
2024-01-29 11:03:20,395:INFO:Soft dependency imported: xgboost: 2.0.3
2024-01-29 11:03:20,395:INFO:Soft dependency imported: xgboost: 2.0.3
2024-01-29 11:03:20,395:INFO:Engine for model 'lightgbm_cds_dt' has not been set explicitly, hence returning None.
2024-01-29 11:03:20,395:INFO:Engine for model 'catboost_cds_dt' has not been set explicitly, hence returning None.
2024-01-29 11:03:20,395:INFO:Soft dependency imported: catboost: 1.2.2
2024-01-29 11:03:20,395:INFO:Soft dependency imported: catboost: 1.2.2
2024-01-29 11:03:20,397:INFO:Soft dependency imported: prophet: 1.1.5
2024-01-29 11:03:20,400:INFO:Engine for model 'gbr_cds_dt' has not been set explicitly, hence returning None.
2024-01-29 11:03:20,401:INFO:Engine for model 'ada_cds_dt' has not been set explicitly, hence returning None.
2024-01-29 11:03:20,401:INFO:Engine for model 'xgboost_cds_dt' has not been set explicitly, hence returning None.
2024-01-29 11:03:20,401:INFO:Soft dependency imported: xgboost: 2.0.3
2024-01-29 11:03:20,401:INFO:Soft dependency imported: xgboost: 2.0.3
2024-01-29 11:03:20,401:INFO:Engine for model 'lightgbm_cds_dt' has not been set explicitly, hence returning None.
2024-01-29 11:03:20,401:INFO:Engine for model 'catboost_cds_dt' has not been set explicitly, hence returning None.
2024-01-29 11:03:20,401:INFO:Soft dependency imported: catboost: 1.2.2
2024-01-29 11:03:20,401:INFO:Soft dependency imported: catboost: 1.2.2
2024-01-29 11:03:20,402:INFO:Engine successfully changes for model 'gbr_cds_dt' to 'sklearn'.
2024-01-29 11:03:20,403:INFO:Soft dependency imported: prophet: 1.1.5
2024-01-29 11:03:20,407:INFO:Engine for model 'ada_cds_dt' has not been set explicitly, hence returning None.
2024-01-29 11:03:20,407:INFO:Engine for model 'xgboost_cds_dt' has not been set explicitly, hence returning None.
2024-01-29 11:03:20,407:INFO:Soft dependency imported: xgboost: 2.0.3
2024-01-29 11:03:20,407:INFO:Soft dependency imported: xgboost: 2.0.3
2024-01-29 11:03:20,408:INFO:Engine for model 'lightgbm_cds_dt' has not been set explicitly, hence returning None.
2024-01-29 11:03:20,408:INFO:Engine for model 'catboost_cds_dt' has not been set explicitly, hence returning None.
2024-01-29 11:03:20,408:INFO:Soft dependency imported: catboost: 1.2.2
2024-01-29 11:03:20,408:INFO:Soft dependency imported: catboost: 1.2.2
2024-01-29 11:03:20,410:INFO:Soft dependency imported: prophet: 1.1.5
2024-01-29 11:03:20,414:INFO:Engine for model 'ada_cds_dt' has not been set explicitly, hence returning None.
2024-01-29 11:03:20,414:INFO:Engine for model 'xgboost_cds_dt' has not been set explicitly, hence returning None.
2024-01-29 11:03:20,415:INFO:Soft dependency imported: xgboost: 2.0.3
2024-01-29 11:03:20,415:INFO:Soft dependency imported: xgboost: 2.0.3
2024-01-29 11:03:20,415:INFO:Engine for model 'lightgbm_cds_dt' has not been set explicitly, hence returning None.
2024-01-29 11:03:20,415:INFO:Engine for model 'catboost_cds_dt' has not been set explicitly, hence returning None.
2024-01-29 11:03:20,415:INFO:Soft dependency imported: catboost: 1.2.2
2024-01-29 11:03:20,415:INFO:Soft dependency imported: catboost: 1.2.2
2024-01-29 11:03:20,416:INFO:Engine successfully changes for model 'ada_cds_dt' to 'sklearn'.
2024-01-29 11:03:20,417:INFO:Soft dependency imported: prophet: 1.1.5
2024-01-29 11:03:20,424:INFO:Engine for model 'xgboost_cds_dt' has not been set explicitly, hence returning None.
2024-01-29 11:03:20,424:INFO:Soft dependency imported: xgboost: 2.0.3
2024-01-29 11:03:20,424:INFO:Soft dependency imported: xgboost: 2.0.3
2024-01-29 11:03:20,425:INFO:Engine for model 'lightgbm_cds_dt' has not been set explicitly, hence returning None.
2024-01-29 11:03:20,425:INFO:Engine for model 'catboost_cds_dt' has not been set explicitly, hence returning None.
2024-01-29 11:03:20,425:INFO:Soft dependency imported: catboost: 1.2.2
2024-01-29 11:03:20,425:INFO:Soft dependency imported: catboost: 1.2.2
2024-01-29 11:03:20,429:INFO:Soft dependency imported: prophet: 1.1.5
2024-01-29 11:03:20,440:INFO:Engine for model 'xgboost_cds_dt' has not been set explicitly, hence returning None.
2024-01-29 11:03:20,440:INFO:Soft dependency imported: xgboost: 2.0.3
2024-01-29 11:03:20,440:INFO:Soft dependency imported: xgboost: 2.0.3
2024-01-29 11:03:20,440:INFO:Engine for model 'lightgbm_cds_dt' has not been set explicitly, hence returning None.
2024-01-29 11:03:20,440:INFO:Engine for model 'catboost_cds_dt' has not been set explicitly, hence returning None.
2024-01-29 11:03:20,440:INFO:Soft dependency imported: catboost: 1.2.2
2024-01-29 11:03:20,441:INFO:Soft dependency imported: catboost: 1.2.2
2024-01-29 11:03:20,441:INFO:Engine successfully changes for model 'xgboost_cds_dt' to 'sklearn'.
2024-01-29 11:03:20,444:INFO:Soft dependency imported: prophet: 1.1.5
2024-01-29 11:03:20,451:INFO:Soft dependency imported: xgboost: 2.0.3
2024-01-29 11:03:20,451:INFO:Soft dependency imported: xgboost: 2.0.3
2024-01-29 11:03:20,452:INFO:Engine for model 'lightgbm_cds_dt' has not been set explicitly, hence returning None.
2024-01-29 11:03:20,452:INFO:Engine for model 'catboost_cds_dt' has not been set explicitly, hence returning None.
2024-01-29 11:03:20,452:INFO:Soft dependency imported: catboost: 1.2.2
2024-01-29 11:03:20,452:INFO:Soft dependency imported: catboost: 1.2.2
2024-01-29 11:03:20,454:INFO:Soft dependency imported: prophet: 1.1.5
2024-01-29 11:03:20,459:INFO:Soft dependency imported: xgboost: 2.0.3
2024-01-29 11:03:20,459:INFO:Soft dependency imported: xgboost: 2.0.3
2024-01-29 11:03:20,459:INFO:Engine for model 'lightgbm_cds_dt' has not been set explicitly, hence returning None.
2024-01-29 11:03:20,459:INFO:Engine for model 'catboost_cds_dt' has not been set explicitly, hence returning None.
2024-01-29 11:03:20,459:INFO:Soft dependency imported: catboost: 1.2.2
2024-01-29 11:03:20,459:INFO:Soft dependency imported: catboost: 1.2.2
2024-01-29 11:03:20,459:INFO:Engine successfully changes for model 'lightgbm_cds_dt' to 'sklearn'.
2024-01-29 11:03:20,460:INFO:Soft dependency imported: prophet: 1.1.5
2024-01-29 11:03:20,465:INFO:Soft dependency imported: xgboost: 2.0.3
2024-01-29 11:03:20,465:INFO:Soft dependency imported: xgboost: 2.0.3
2024-01-29 11:03:20,465:INFO:Engine for model 'catboost_cds_dt' has not been set explicitly, hence returning None.
2024-01-29 11:03:20,465:INFO:Soft dependency imported: catboost: 1.2.2
2024-01-29 11:03:20,465:INFO:Soft dependency imported: catboost: 1.2.2
2024-01-29 11:03:20,467:INFO:Soft dependency imported: prophet: 1.1.5
2024-01-29 11:03:20,472:INFO:Soft dependency imported: xgboost: 2.0.3
2024-01-29 11:03:20,472:INFO:Soft dependency imported: xgboost: 2.0.3
2024-01-29 11:03:20,472:INFO:Engine for model 'catboost_cds_dt' has not been set explicitly, hence returning None.
2024-01-29 11:03:20,472:INFO:Soft dependency imported: catboost: 1.2.2
2024-01-29 11:03:20,472:INFO:Soft dependency imported: catboost: 1.2.2
2024-01-29 11:03:20,473:INFO:Engine successfully changes for model 'catboost_cds_dt' to 'sklearn'.
2024-01-29 11:03:20,474:INFO:Soft dependency imported: prophet: 1.1.5
2024-01-29 11:03:20,478:INFO:Soft dependency imported: xgboost: 2.0.3
2024-01-29 11:03:20,478:INFO:Soft dependency imported: xgboost: 2.0.3
2024-01-29 11:03:20,479:INFO:Soft dependency imported: catboost: 1.2.2
2024-01-29 11:03:20,479:INFO:Soft dependency imported: catboost: 1.2.2
2024-01-29 11:03:20,480:INFO:Soft dependency imported: prophet: 1.1.5
2024-01-29 11:03:20,484:INFO:Soft dependency imported: xgboost: 2.0.3
2024-01-29 11:03:20,484:INFO:Soft dependency imported: xgboost: 2.0.3
2024-01-29 11:03:20,485:INFO:Soft dependency imported: catboost: 1.2.2
2024-01-29 11:03:20,485:INFO:Soft dependency imported: catboost: 1.2.2
2024-01-29 11:03:20,486:INFO:Soft dependency imported: prophet: 1.1.5
2024-01-29 11:03:20,490:INFO:Soft dependency imported: xgboost: 2.0.3
2024-01-29 11:03:20,490:INFO:Soft dependency imported: xgboost: 2.0.3
2024-01-29 11:03:20,490:INFO:Soft dependency imported: catboost: 1.2.2
2024-01-29 11:03:20,490:INFO:Soft dependency imported: catboost: 1.2.2
2024-01-29 11:03:20,492:INFO:Soft dependency imported: prophet: 1.1.5
2024-01-29 11:03:20,496:INFO:Soft dependency imported: xgboost: 2.0.3
2024-01-29 11:03:20,496:INFO:Soft dependency imported: xgboost: 2.0.3
2024-01-29 11:03:20,497:INFO:Soft dependency imported: catboost: 1.2.2
2024-01-29 11:03:20,497:INFO:Soft dependency imported: catboost: 1.2.2
2024-01-29 11:03:20,498:INFO:setup() successfully completed in 1.2s...............
2024-01-29 11:03:20,498:INFO:Initializing create_model()
2024-01-29 11:03:20,498:INFO:create_model(self=<pycaret.time_series.forecasting.oop.TSForecastingExperiment object at 0x0000020BD95AF250>, estimator=arima, fold=None, round=4, cross_validation=True, predict=True, fit_kwargs=None, groups=None, refit=True, probability_threshold=None, experiment_custom_tags=None, verbose=True, system=True, add_to_model_list=True, metrics=None, display=None, model_only=True, return_train_score=False, error_score=0.0, kwargs={})
2024-01-29 11:03:20,498:INFO:Checking exceptions
2024-01-29 11:03:20,500:INFO:Importing libraries
2024-01-29 11:03:20,500:INFO:Copying training dataset
2024-01-29 11:03:20,501:INFO:Defining folds
2024-01-29 11:03:20,501:INFO:Declaring metric variables
2024-01-29 11:03:20,501:INFO:Importing untrained model
2024-01-29 11:03:20,502:INFO:ARIMA Imported successfully
2024-01-29 11:03:20,503:INFO:Starting cross validation
2024-01-29 11:03:20,504:INFO:Cross validating with ExpandingWindowSplitter(fh=ForecastingHorizon([1], dtype='int64', is_relative=True),
                        initial_window=1820), n_jobs=-1
2024-01-29 11:03:28,765:WARNING:D:\Scoop\apps\python311\current\Lib\site-packages\sktime\forecasting\base\_base.py:557: UserWarning: In 0.22.0, predict_quantiles return default column level 0 name will change for univariate probabilistic quantile forecasts from 'Quantiles' to variable name. The old behaviour can be retained by setting the legacy_interface argument to True, until 0.23.0 when the legacy_interface argument will be removed.
  warn(

2024-01-29 11:03:28,872:WARNING:D:\Scoop\apps\python311\current\Lib\site-packages\sktime\forecasting\base\_base.py:557: UserWarning: In 0.22.0, predict_quantiles return default column level 0 name will change for univariate probabilistic quantile forecasts from 'Quantiles' to variable name. The old behaviour can be retained by setting the legacy_interface argument to True, until 0.23.0 when the legacy_interface argument will be removed.
  warn(

2024-01-29 11:03:29,342:WARNING:D:\Scoop\apps\python311\current\Lib\site-packages\sktime\forecasting\base\_base.py:557: UserWarning: In 0.22.0, predict_quantiles return default column level 0 name will change for univariate probabilistic quantile forecasts from 'Quantiles' to variable name. The old behaviour can be retained by setting the legacy_interface argument to True, until 0.23.0 when the legacy_interface argument will be removed.
  warn(

2024-01-29 11:03:30,023:WARNING:D:\Scoop\apps\python311\current\Lib\site-packages\sktime\forecasting\base\_base.py:557: UserWarning: In 0.22.0, predict_quantiles return default column level 0 name will change for univariate probabilistic quantile forecasts from 'Quantiles' to variable name. The old behaviour can be retained by setting the legacy_interface argument to True, until 0.23.0 when the legacy_interface argument will be removed.
  warn(

2024-01-29 11:03:30,054:WARNING:D:\Scoop\apps\python311\current\Lib\site-packages\sktime\forecasting\base\_base.py:557: UserWarning: In 0.22.0, predict_quantiles return default column level 0 name will change for univariate probabilistic quantile forecasts from 'Quantiles' to variable name. The old behaviour can be retained by setting the legacy_interface argument to True, until 0.23.0 when the legacy_interface argument will be removed.
  warn(

2024-01-29 11:03:30,084:INFO:Calculating mean and std
2024-01-29 11:03:30,085:INFO:Creating metrics dataframe
2024-01-29 11:03:30,087:INFO:Finalizing model
2024-01-29 11:03:58,566:INFO:Uploading results into container
2024-01-29 11:03:58,566:INFO:Uploading model into container now
2024-01-29 11:03:58,575:INFO:_master_model_container: 1
2024-01-29 11:03:58,575:INFO:_display_container: 2
2024-01-29 11:03:58,575:INFO:ARIMA(seasonal_order=(0, 1, 0, 37))
2024-01-29 11:03:58,576:INFO:create_model() successfully completed......................................
2024-01-29 11:03:58,989:WARNING:D:\Scoop\apps\python311\current\Lib\site-packages\sktime\forecasting\base\_base.py:557: UserWarning: In 0.22.0, predict_quantiles return default column level 0 name will change for univariate probabilistic quantile forecasts from 'Quantiles' to variable name. The old behaviour can be retained by setting the legacy_interface argument to True, until 0.23.0 when the legacy_interface argument will be removed.
  warn(

2024-01-29 11:03:59,087:WARNING:D:\Scoop\apps\python311\current\Lib\site-packages\pycaret\utils\generic.py:586: UserWarning: Traceback (most recent call last):
  File "D:\Scoop\apps\python311\current\Lib\site-packages\pycaret\utils\generic.py", line 580, in _calculate_metric
    calculated_metric = score_func(y_test, target, sample_weight=weights, **kwargs)
                        ^^^^^^^^^^^^^^^^^^^^^^^^^^^^^^^^^^^^^^^^^^^^^^^^^^^^^^^^^^^
TypeError: mase() got an unexpected keyword argument 'sample_weight'

During handling of the above exception, another exception occurred:

Traceback (most recent call last):
  File "D:\Scoop\apps\python311\current\Lib\site-packages\pycaret\utils\generic.py", line 584, in _calculate_metric
    calculated_metric = score_func(y_test, target, **kwargs)
                        ^^^^^^^^^^^^^^^^^^^^^^^^^^^^^^^^^^^^
  File "D:\Scoop\apps\python311\current\Lib\site-packages\pycaret\containers\metrics\time_series.py", line 175, in mase
    return mean_absolute_scaled_error(
           ^^^^^^^^^^^^^^^^^^^^^^^^^^^
  File "D:\Scoop\apps\python311\current\Lib\site-packages\sktime\performance_metrics\forecasting\_functions.py", line 417, in mean_absolute_scaled_error
    _, y_true, y_pred, multioutput = _check_reg_targets(y_true, y_pred, multioutput)
                                     ^^^^^^^^^^^^^^^^^^^^^^^^^^^^^^^^^^^^^^^^^^^^^^^
  File "D:\Scoop\apps\python311\current\Lib\site-packages\sklearn\metrics\_regression.py", line 100, in _check_reg_targets
    check_consistent_length(y_true, y_pred)
  File "D:\Scoop\apps\python311\current\Lib\site-packages\sklearn\utils\validation.py", line 397, in check_consistent_length
    raise ValueError(
ValueError: Found input variables with inconsistent numbers of samples: [1, 1825]

  warnings.warn(traceback.format_exc())

2024-01-29 11:03:59,090:WARNING:D:\Scoop\apps\python311\current\Lib\site-packages\pycaret\utils\generic.py:586: UserWarning: Traceback (most recent call last):
  File "D:\Scoop\apps\python311\current\Lib\site-packages\pycaret\utils\generic.py", line 580, in _calculate_metric
    calculated_metric = score_func(y_test, target, sample_weight=weights, **kwargs)
                        ^^^^^^^^^^^^^^^^^^^^^^^^^^^^^^^^^^^^^^^^^^^^^^^^^^^^^^^^^^^
TypeError: rmsse() got an unexpected keyword argument 'sample_weight'

During handling of the above exception, another exception occurred:

Traceback (most recent call last):
  File "D:\Scoop\apps\python311\current\Lib\site-packages\pycaret\utils\generic.py", line 584, in _calculate_metric
    calculated_metric = score_func(y_test, target, **kwargs)
                        ^^^^^^^^^^^^^^^^^^^^^^^^^^^^^^^^^^^^
  File "D:\Scoop\apps\python311\current\Lib\site-packages\pycaret\containers\metrics\time_series.py", line 185, in rmsse
    return mean_squared_scaled_error(
           ^^^^^^^^^^^^^^^^^^^^^^^^^^
  File "D:\Scoop\apps\python311\current\Lib\site-packages\sktime\performance_metrics\forecasting\_functions.py", line 680, in mean_squared_scaled_error
    _, y_true, y_pred, multioutput = _check_reg_targets(y_true, y_pred, multioutput)
                                     ^^^^^^^^^^^^^^^^^^^^^^^^^^^^^^^^^^^^^^^^^^^^^^^
  File "D:\Scoop\apps\python311\current\Lib\site-packages\sklearn\metrics\_regression.py", line 100, in _check_reg_targets
    check_consistent_length(y_true, y_pred)
  File "D:\Scoop\apps\python311\current\Lib\site-packages\sklearn\utils\validation.py", line 397, in check_consistent_length
    raise ValueError(
ValueError: Found input variables with inconsistent numbers of samples: [1, 1825]

  warnings.warn(traceback.format_exc())

2024-01-29 11:03:59,103:WARNING:D:\Scoop\apps\python311\current\Lib\site-packages\pycaret\utils\generic.py:586: UserWarning: Traceback (most recent call last):
  File "D:\Scoop\apps\python311\current\Lib\site-packages\pycaret\utils\generic.py", line 580, in _calculate_metric
    calculated_metric = score_func(y_test, target, sample_weight=weights, **kwargs)
                        ^^^^^^^^^^^^^^^^^^^^^^^^^^^^^^^^^^^^^^^^^^^^^^^^^^^^^^^^^^^
  File "D:\Scoop\apps\python311\current\Lib\site-packages\sklearn\metrics\_regression.py", line 196, in mean_absolute_error
    y_type, y_true, y_pred, multioutput = _check_reg_targets(
                                          ^^^^^^^^^^^^^^^^^^^
  File "D:\Scoop\apps\python311\current\Lib\site-packages\sklearn\metrics\_regression.py", line 100, in _check_reg_targets
    check_consistent_length(y_true, y_pred)
  File "D:\Scoop\apps\python311\current\Lib\site-packages\sklearn\utils\validation.py", line 397, in check_consistent_length
    raise ValueError(
ValueError: Found input variables with inconsistent numbers of samples: [1, 1825]

During handling of the above exception, another exception occurred:

Traceback (most recent call last):
  File "D:\Scoop\apps\python311\current\Lib\site-packages\pycaret\utils\generic.py", line 584, in _calculate_metric
    calculated_metric = score_func(y_test, target, **kwargs)
                        ^^^^^^^^^^^^^^^^^^^^^^^^^^^^^^^^^^^^
  File "D:\Scoop\apps\python311\current\Lib\site-packages\sklearn\metrics\_regression.py", line 196, in mean_absolute_error
    y_type, y_true, y_pred, multioutput = _check_reg_targets(
                                          ^^^^^^^^^^^^^^^^^^^
  File "D:\Scoop\apps\python311\current\Lib\site-packages\sklearn\metrics\_regression.py", line 100, in _check_reg_targets
    check_consistent_length(y_true, y_pred)
  File "D:\Scoop\apps\python311\current\Lib\site-packages\sklearn\utils\validation.py", line 397, in check_consistent_length
    raise ValueError(
ValueError: Found input variables with inconsistent numbers of samples: [1, 1825]

  warnings.warn(traceback.format_exc())

2024-01-29 11:03:59,107:WARNING:D:\Scoop\apps\python311\current\Lib\site-packages\pycaret\utils\generic.py:586: UserWarning: Traceback (most recent call last):
  File "D:\Scoop\apps\python311\current\Lib\site-packages\pycaret\utils\generic.py", line 580, in _calculate_metric
    calculated_metric = score_func(y_test, target, sample_weight=weights, **kwargs)
                        ^^^^^^^^^^^^^^^^^^^^^^^^^^^^^^^^^^^^^^^^^^^^^^^^^^^^^^^^^^^
  File "D:\Scoop\apps\python311\current\Lib\site-packages\sklearn\metrics\_regression.py", line 442, in mean_squared_error
    y_type, y_true, y_pred, multioutput = _check_reg_targets(
                                          ^^^^^^^^^^^^^^^^^^^
  File "D:\Scoop\apps\python311\current\Lib\site-packages\sklearn\metrics\_regression.py", line 100, in _check_reg_targets
    check_consistent_length(y_true, y_pred)
  File "D:\Scoop\apps\python311\current\Lib\site-packages\sklearn\utils\validation.py", line 397, in check_consistent_length
    raise ValueError(
ValueError: Found input variables with inconsistent numbers of samples: [1, 1825]

During handling of the above exception, another exception occurred:

Traceback (most recent call last):
  File "D:\Scoop\apps\python311\current\Lib\site-packages\pycaret\utils\generic.py", line 584, in _calculate_metric
    calculated_metric = score_func(y_test, target, **kwargs)
                        ^^^^^^^^^^^^^^^^^^^^^^^^^^^^^^^^^^^^
  File "D:\Scoop\apps\python311\current\Lib\site-packages\sklearn\metrics\_regression.py", line 442, in mean_squared_error
    y_type, y_true, y_pred, multioutput = _check_reg_targets(
                                          ^^^^^^^^^^^^^^^^^^^
  File "D:\Scoop\apps\python311\current\Lib\site-packages\sklearn\metrics\_regression.py", line 100, in _check_reg_targets
    check_consistent_length(y_true, y_pred)
  File "D:\Scoop\apps\python311\current\Lib\site-packages\sklearn\utils\validation.py", line 397, in check_consistent_length
    raise ValueError(
ValueError: Found input variables with inconsistent numbers of samples: [1, 1825]

  warnings.warn(traceback.format_exc())

2024-01-29 11:03:59,111:WARNING:D:\Scoop\apps\python311\current\Lib\site-packages\pycaret\utils\generic.py:586: UserWarning: Traceback (most recent call last):
  File "D:\Scoop\apps\python311\current\Lib\site-packages\pycaret\utils\generic.py", line 580, in _calculate_metric
    calculated_metric = score_func(y_test, target, sample_weight=weights, **kwargs)
                        ^^^^^^^^^^^^^^^^^^^^^^^^^^^^^^^^^^^^^^^^^^^^^^^^^^^^^^^^^^^
  File "D:\Scoop\apps\python311\current\Lib\site-packages\pycaret\containers\metrics\time_series.py", line 168, in mape
    return mean_absolute_percentage_error(
           ^^^^^^^^^^^^^^^^^^^^^^^^^^^^^^^
  File "D:\Scoop\apps\python311\current\Lib\site-packages\sktime\performance_metrics\forecasting\_functions.py", line 1537, in mean_absolute_percentage_error
    _, y_true, y_pred, multioutput = _check_reg_targets(y_true, y_pred, multioutput)
                                     ^^^^^^^^^^^^^^^^^^^^^^^^^^^^^^^^^^^^^^^^^^^^^^^
  File "D:\Scoop\apps\python311\current\Lib\site-packages\sklearn\metrics\_regression.py", line 100, in _check_reg_targets
    check_consistent_length(y_true, y_pred)
  File "D:\Scoop\apps\python311\current\Lib\site-packages\sklearn\utils\validation.py", line 397, in check_consistent_length
    raise ValueError(
ValueError: Found input variables with inconsistent numbers of samples: [1, 1825]

During handling of the above exception, another exception occurred:

Traceback (most recent call last):
  File "D:\Scoop\apps\python311\current\Lib\site-packages\pycaret\utils\generic.py", line 584, in _calculate_metric
    calculated_metric = score_func(y_test, target, **kwargs)
                        ^^^^^^^^^^^^^^^^^^^^^^^^^^^^^^^^^^^^
  File "D:\Scoop\apps\python311\current\Lib\site-packages\pycaret\containers\metrics\time_series.py", line 168, in mape
    return mean_absolute_percentage_error(
           ^^^^^^^^^^^^^^^^^^^^^^^^^^^^^^^
  File "D:\Scoop\apps\python311\current\Lib\site-packages\sktime\performance_metrics\forecasting\_functions.py", line 1537, in mean_absolute_percentage_error
    _, y_true, y_pred, multioutput = _check_reg_targets(y_true, y_pred, multioutput)
                                     ^^^^^^^^^^^^^^^^^^^^^^^^^^^^^^^^^^^^^^^^^^^^^^^
  File "D:\Scoop\apps\python311\current\Lib\site-packages\sklearn\metrics\_regression.py", line 100, in _check_reg_targets
    check_consistent_length(y_true, y_pred)
  File "D:\Scoop\apps\python311\current\Lib\site-packages\sklearn\utils\validation.py", line 397, in check_consistent_length
    raise ValueError(
ValueError: Found input variables with inconsistent numbers of samples: [1, 1825]

  warnings.warn(traceback.format_exc())

2024-01-29 11:03:59,115:WARNING:D:\Scoop\apps\python311\current\Lib\site-packages\pycaret\utils\generic.py:586: UserWarning: Traceback (most recent call last):
  File "D:\Scoop\apps\python311\current\Lib\site-packages\pycaret\utils\generic.py", line 580, in _calculate_metric
    calculated_metric = score_func(y_test, target, sample_weight=weights, **kwargs)
                        ^^^^^^^^^^^^^^^^^^^^^^^^^^^^^^^^^^^^^^^^^^^^^^^^^^^^^^^^^^^
  File "D:\Scoop\apps\python311\current\Lib\site-packages\pycaret\containers\metrics\time_series.py", line 159, in _smape_loss
    return mean_absolute_percentage_error(
           ^^^^^^^^^^^^^^^^^^^^^^^^^^^^^^^
  File "D:\Scoop\apps\python311\current\Lib\site-packages\sktime\performance_metrics\forecasting\_functions.py", line 1537, in mean_absolute_percentage_error
    _, y_true, y_pred, multioutput = _check_reg_targets(y_true, y_pred, multioutput)
                                     ^^^^^^^^^^^^^^^^^^^^^^^^^^^^^^^^^^^^^^^^^^^^^^^
  File "D:\Scoop\apps\python311\current\Lib\site-packages\sklearn\metrics\_regression.py", line 100, in _check_reg_targets
    check_consistent_length(y_true, y_pred)
  File "D:\Scoop\apps\python311\current\Lib\site-packages\sklearn\utils\validation.py", line 397, in check_consistent_length
    raise ValueError(
ValueError: Found input variables with inconsistent numbers of samples: [1, 1825]

During handling of the above exception, another exception occurred:

Traceback (most recent call last):
  File "D:\Scoop\apps\python311\current\Lib\site-packages\pycaret\utils\generic.py", line 584, in _calculate_metric
    calculated_metric = score_func(y_test, target, **kwargs)
                        ^^^^^^^^^^^^^^^^^^^^^^^^^^^^^^^^^^^^
  File "D:\Scoop\apps\python311\current\Lib\site-packages\pycaret\containers\metrics\time_series.py", line 159, in _smape_loss
    return mean_absolute_percentage_error(
           ^^^^^^^^^^^^^^^^^^^^^^^^^^^^^^^
  File "D:\Scoop\apps\python311\current\Lib\site-packages\sktime\performance_metrics\forecasting\_functions.py", line 1537, in mean_absolute_percentage_error
    _, y_true, y_pred, multioutput = _check_reg_targets(y_true, y_pred, multioutput)
                                     ^^^^^^^^^^^^^^^^^^^^^^^^^^^^^^^^^^^^^^^^^^^^^^^
  File "D:\Scoop\apps\python311\current\Lib\site-packages\sklearn\metrics\_regression.py", line 100, in _check_reg_targets
    check_consistent_length(y_true, y_pred)
  File "D:\Scoop\apps\python311\current\Lib\site-packages\sklearn\utils\validation.py", line 397, in check_consistent_length
    raise ValueError(
ValueError: Found input variables with inconsistent numbers of samples: [1, 1825]

  warnings.warn(traceback.format_exc())

2024-01-29 11:03:59,119:WARNING:predict_model >> Prediction Indices do not match test indices. Metrics will not be displayed.
2024-01-29 11:04:01,158:INFO:Saving 'In-Sample Forecast Plot.html'
2024-01-29 11:04:01,490:WARNING:D:\Scoop\apps\python311\current\Lib\site-packages\sktime\forecasting\base\_base.py:557: UserWarning:

In 0.22.0, predict_quantiles return default column level 0 name will change for univariate probabilistic quantile forecasts from 'Quantiles' to variable name. The old behaviour can be retained by setting the legacy_interface argument to True, until 0.23.0 when the legacy_interface argument will be removed.


2024-01-29 11:04:01,564:WARNING:D:\Scoop\apps\python311\current\Lib\site-packages\pycaret\utils\generic.py:586: UserWarning:

Traceback (most recent call last):
  File "D:\Scoop\apps\python311\current\Lib\site-packages\pycaret\utils\generic.py", line 580, in _calculate_metric
    calculated_metric = score_func(y_test, target, sample_weight=weights, **kwargs)
                        ^^^^^^^^^^^^^^^^^^^^^^^^^^^^^^^^^^^^^^^^^^^^^^^^^^^^^^^^^^^
TypeError: mase() got an unexpected keyword argument 'sample_weight'

During handling of the above exception, another exception occurred:

Traceback (most recent call last):
  File "D:\Scoop\apps\python311\current\Lib\site-packages\pycaret\utils\generic.py", line 584, in _calculate_metric
    calculated_metric = score_func(y_test, target, **kwargs)
                        ^^^^^^^^^^^^^^^^^^^^^^^^^^^^^^^^^^^^
  File "D:\Scoop\apps\python311\current\Lib\site-packages\pycaret\containers\metrics\time_series.py", line 175, in mase
    return mean_absolute_scaled_error(
           ^^^^^^^^^^^^^^^^^^^^^^^^^^^
  File "D:\Scoop\apps\python311\current\Lib\site-packages\sktime\performance_metrics\forecasting\_functions.py", line 417, in mean_absolute_scaled_error
    _, y_true, y_pred, multioutput = _check_reg_targets(y_true, y_pred, multioutput)
                                     ^^^^^^^^^^^^^^^^^^^^^^^^^^^^^^^^^^^^^^^^^^^^^^^
  File "D:\Scoop\apps\python311\current\Lib\site-packages\sklearn\metrics\_regression.py", line 100, in _check_reg_targets
    check_consistent_length(y_true, y_pred)
  File "D:\Scoop\apps\python311\current\Lib\site-packages\sklearn\utils\validation.py", line 397, in check_consistent_length
    raise ValueError(
ValueError: Found input variables with inconsistent numbers of samples: [1, 1825]



2024-01-29 11:04:01,566:WARNING:D:\Scoop\apps\python311\current\Lib\site-packages\pycaret\utils\generic.py:586: UserWarning:

Traceback (most recent call last):
  File "D:\Scoop\apps\python311\current\Lib\site-packages\pycaret\utils\generic.py", line 580, in _calculate_metric
    calculated_metric = score_func(y_test, target, sample_weight=weights, **kwargs)
                        ^^^^^^^^^^^^^^^^^^^^^^^^^^^^^^^^^^^^^^^^^^^^^^^^^^^^^^^^^^^
TypeError: rmsse() got an unexpected keyword argument 'sample_weight'

During handling of the above exception, another exception occurred:

Traceback (most recent call last):
  File "D:\Scoop\apps\python311\current\Lib\site-packages\pycaret\utils\generic.py", line 584, in _calculate_metric
    calculated_metric = score_func(y_test, target, **kwargs)
                        ^^^^^^^^^^^^^^^^^^^^^^^^^^^^^^^^^^^^
  File "D:\Scoop\apps\python311\current\Lib\site-packages\pycaret\containers\metrics\time_series.py", line 185, in rmsse
    return mean_squared_scaled_error(
           ^^^^^^^^^^^^^^^^^^^^^^^^^^
  File "D:\Scoop\apps\python311\current\Lib\site-packages\sktime\performance_metrics\forecasting\_functions.py", line 680, in mean_squared_scaled_error
    _, y_true, y_pred, multioutput = _check_reg_targets(y_true, y_pred, multioutput)
                                     ^^^^^^^^^^^^^^^^^^^^^^^^^^^^^^^^^^^^^^^^^^^^^^^
  File "D:\Scoop\apps\python311\current\Lib\site-packages\sklearn\metrics\_regression.py", line 100, in _check_reg_targets
    check_consistent_length(y_true, y_pred)
  File "D:\Scoop\apps\python311\current\Lib\site-packages\sklearn\utils\validation.py", line 397, in check_consistent_length
    raise ValueError(
ValueError: Found input variables with inconsistent numbers of samples: [1, 1825]



2024-01-29 11:04:01,568:WARNING:D:\Scoop\apps\python311\current\Lib\site-packages\pycaret\utils\generic.py:586: UserWarning:

Traceback (most recent call last):
  File "D:\Scoop\apps\python311\current\Lib\site-packages\pycaret\utils\generic.py", line 580, in _calculate_metric
    calculated_metric = score_func(y_test, target, sample_weight=weights, **kwargs)
                        ^^^^^^^^^^^^^^^^^^^^^^^^^^^^^^^^^^^^^^^^^^^^^^^^^^^^^^^^^^^
  File "D:\Scoop\apps\python311\current\Lib\site-packages\sklearn\metrics\_regression.py", line 196, in mean_absolute_error
    y_type, y_true, y_pred, multioutput = _check_reg_targets(
                                          ^^^^^^^^^^^^^^^^^^^
  File "D:\Scoop\apps\python311\current\Lib\site-packages\sklearn\metrics\_regression.py", line 100, in _check_reg_targets
    check_consistent_length(y_true, y_pred)
  File "D:\Scoop\apps\python311\current\Lib\site-packages\sklearn\utils\validation.py", line 397, in check_consistent_length
    raise ValueError(
ValueError: Found input variables with inconsistent numbers of samples: [1, 1825]

During handling of the above exception, another exception occurred:

Traceback (most recent call last):
  File "D:\Scoop\apps\python311\current\Lib\site-packages\pycaret\utils\generic.py", line 584, in _calculate_metric
    calculated_metric = score_func(y_test, target, **kwargs)
                        ^^^^^^^^^^^^^^^^^^^^^^^^^^^^^^^^^^^^
  File "D:\Scoop\apps\python311\current\Lib\site-packages\sklearn\metrics\_regression.py", line 196, in mean_absolute_error
    y_type, y_true, y_pred, multioutput = _check_reg_targets(
                                          ^^^^^^^^^^^^^^^^^^^
  File "D:\Scoop\apps\python311\current\Lib\site-packages\sklearn\metrics\_regression.py", line 100, in _check_reg_targets
    check_consistent_length(y_true, y_pred)
  File "D:\Scoop\apps\python311\current\Lib\site-packages\sklearn\utils\validation.py", line 397, in check_consistent_length
    raise ValueError(
ValueError: Found input variables with inconsistent numbers of samples: [1, 1825]



2024-01-29 11:04:01,572:WARNING:D:\Scoop\apps\python311\current\Lib\site-packages\pycaret\utils\generic.py:586: UserWarning:

Traceback (most recent call last):
  File "D:\Scoop\apps\python311\current\Lib\site-packages\pycaret\utils\generic.py", line 580, in _calculate_metric
    calculated_metric = score_func(y_test, target, sample_weight=weights, **kwargs)
                        ^^^^^^^^^^^^^^^^^^^^^^^^^^^^^^^^^^^^^^^^^^^^^^^^^^^^^^^^^^^
  File "D:\Scoop\apps\python311\current\Lib\site-packages\sklearn\metrics\_regression.py", line 442, in mean_squared_error
    y_type, y_true, y_pred, multioutput = _check_reg_targets(
                                          ^^^^^^^^^^^^^^^^^^^
  File "D:\Scoop\apps\python311\current\Lib\site-packages\sklearn\metrics\_regression.py", line 100, in _check_reg_targets
    check_consistent_length(y_true, y_pred)
  File "D:\Scoop\apps\python311\current\Lib\site-packages\sklearn\utils\validation.py", line 397, in check_consistent_length
    raise ValueError(
ValueError: Found input variables with inconsistent numbers of samples: [1, 1825]

During handling of the above exception, another exception occurred:

Traceback (most recent call last):
  File "D:\Scoop\apps\python311\current\Lib\site-packages\pycaret\utils\generic.py", line 584, in _calculate_metric
    calculated_metric = score_func(y_test, target, **kwargs)
                        ^^^^^^^^^^^^^^^^^^^^^^^^^^^^^^^^^^^^
  File "D:\Scoop\apps\python311\current\Lib\site-packages\sklearn\metrics\_regression.py", line 442, in mean_squared_error
    y_type, y_true, y_pred, multioutput = _check_reg_targets(
                                          ^^^^^^^^^^^^^^^^^^^
  File "D:\Scoop\apps\python311\current\Lib\site-packages\sklearn\metrics\_regression.py", line 100, in _check_reg_targets
    check_consistent_length(y_true, y_pred)
  File "D:\Scoop\apps\python311\current\Lib\site-packages\sklearn\utils\validation.py", line 397, in check_consistent_length
    raise ValueError(
ValueError: Found input variables with inconsistent numbers of samples: [1, 1825]



2024-01-29 11:04:01,576:WARNING:D:\Scoop\apps\python311\current\Lib\site-packages\pycaret\utils\generic.py:586: UserWarning:

Traceback (most recent call last):
  File "D:\Scoop\apps\python311\current\Lib\site-packages\pycaret\utils\generic.py", line 580, in _calculate_metric
    calculated_metric = score_func(y_test, target, sample_weight=weights, **kwargs)
                        ^^^^^^^^^^^^^^^^^^^^^^^^^^^^^^^^^^^^^^^^^^^^^^^^^^^^^^^^^^^
  File "D:\Scoop\apps\python311\current\Lib\site-packages\pycaret\containers\metrics\time_series.py", line 168, in mape
    return mean_absolute_percentage_error(
           ^^^^^^^^^^^^^^^^^^^^^^^^^^^^^^^
  File "D:\Scoop\apps\python311\current\Lib\site-packages\sktime\performance_metrics\forecasting\_functions.py", line 1537, in mean_absolute_percentage_error
    _, y_true, y_pred, multioutput = _check_reg_targets(y_true, y_pred, multioutput)
                                     ^^^^^^^^^^^^^^^^^^^^^^^^^^^^^^^^^^^^^^^^^^^^^^^
  File "D:\Scoop\apps\python311\current\Lib\site-packages\sklearn\metrics\_regression.py", line 100, in _check_reg_targets
    check_consistent_length(y_true, y_pred)
  File "D:\Scoop\apps\python311\current\Lib\site-packages\sklearn\utils\validation.py", line 397, in check_consistent_length
    raise ValueError(
ValueError: Found input variables with inconsistent numbers of samples: [1, 1825]

During handling of the above exception, another exception occurred:

Traceback (most recent call last):
  File "D:\Scoop\apps\python311\current\Lib\site-packages\pycaret\utils\generic.py", line 584, in _calculate_metric
    calculated_metric = score_func(y_test, target, **kwargs)
                        ^^^^^^^^^^^^^^^^^^^^^^^^^^^^^^^^^^^^
  File "D:\Scoop\apps\python311\current\Lib\site-packages\pycaret\containers\metrics\time_series.py", line 168, in mape
    return mean_absolute_percentage_error(
           ^^^^^^^^^^^^^^^^^^^^^^^^^^^^^^^
  File "D:\Scoop\apps\python311\current\Lib\site-packages\sktime\performance_metrics\forecasting\_functions.py", line 1537, in mean_absolute_percentage_error
    _, y_true, y_pred, multioutput = _check_reg_targets(y_true, y_pred, multioutput)
                                     ^^^^^^^^^^^^^^^^^^^^^^^^^^^^^^^^^^^^^^^^^^^^^^^
  File "D:\Scoop\apps\python311\current\Lib\site-packages\sklearn\metrics\_regression.py", line 100, in _check_reg_targets
    check_consistent_length(y_true, y_pred)
  File "D:\Scoop\apps\python311\current\Lib\site-packages\sklearn\utils\validation.py", line 397, in check_consistent_length
    raise ValueError(
ValueError: Found input variables with inconsistent numbers of samples: [1, 1825]



2024-01-29 11:04:01,582:WARNING:D:\Scoop\apps\python311\current\Lib\site-packages\pycaret\utils\generic.py:586: UserWarning:

Traceback (most recent call last):
  File "D:\Scoop\apps\python311\current\Lib\site-packages\pycaret\utils\generic.py", line 580, in _calculate_metric
    calculated_metric = score_func(y_test, target, sample_weight=weights, **kwargs)
                        ^^^^^^^^^^^^^^^^^^^^^^^^^^^^^^^^^^^^^^^^^^^^^^^^^^^^^^^^^^^
  File "D:\Scoop\apps\python311\current\Lib\site-packages\pycaret\containers\metrics\time_series.py", line 159, in _smape_loss
    return mean_absolute_percentage_error(
           ^^^^^^^^^^^^^^^^^^^^^^^^^^^^^^^
  File "D:\Scoop\apps\python311\current\Lib\site-packages\sktime\performance_metrics\forecasting\_functions.py", line 1537, in mean_absolute_percentage_error
    _, y_true, y_pred, multioutput = _check_reg_targets(y_true, y_pred, multioutput)
                                     ^^^^^^^^^^^^^^^^^^^^^^^^^^^^^^^^^^^^^^^^^^^^^^^
  File "D:\Scoop\apps\python311\current\Lib\site-packages\sklearn\metrics\_regression.py", line 100, in _check_reg_targets
    check_consistent_length(y_true, y_pred)
  File "D:\Scoop\apps\python311\current\Lib\site-packages\sklearn\utils\validation.py", line 397, in check_consistent_length
    raise ValueError(
ValueError: Found input variables with inconsistent numbers of samples: [1, 1825]

During handling of the above exception, another exception occurred:

Traceback (most recent call last):
  File "D:\Scoop\apps\python311\current\Lib\site-packages\pycaret\utils\generic.py", line 584, in _calculate_metric
    calculated_metric = score_func(y_test, target, **kwargs)
                        ^^^^^^^^^^^^^^^^^^^^^^^^^^^^^^^^^^^^
  File "D:\Scoop\apps\python311\current\Lib\site-packages\pycaret\containers\metrics\time_series.py", line 159, in _smape_loss
    return mean_absolute_percentage_error(
           ^^^^^^^^^^^^^^^^^^^^^^^^^^^^^^^
  File "D:\Scoop\apps\python311\current\Lib\site-packages\sktime\performance_metrics\forecasting\_functions.py", line 1537, in mean_absolute_percentage_error
    _, y_true, y_pred, multioutput = _check_reg_targets(y_true, y_pred, multioutput)
                                     ^^^^^^^^^^^^^^^^^^^^^^^^^^^^^^^^^^^^^^^^^^^^^^^
  File "D:\Scoop\apps\python311\current\Lib\site-packages\sklearn\metrics\_regression.py", line 100, in _check_reg_targets
    check_consistent_length(y_true, y_pred)
  File "D:\Scoop\apps\python311\current\Lib\site-packages\sklearn\utils\validation.py", line 397, in check_consistent_length
    raise ValueError(
ValueError: Found input variables with inconsistent numbers of samples: [1, 1825]



2024-01-29 11:04:01,588:WARNING:predict_model >> Prediction Indices do not match test indices. Metrics will not be displayed.
2024-01-29 11:04:02,369:INFO:Saving 'Diagnostics Plot.html'
2024-01-29 11:05:49,021:INFO:Soft dependency imported: prophet: 1.1.5
2024-01-29 14:54:05,326:INFO:Soft dependency imported: prophet: 1.1.5
2024-01-29 14:56:00,842:INFO:Soft dependency imported: prophet: 1.1.5
2024-01-29 14:59:03,670:INFO:Soft dependency imported: prophet: 1.1.5
2024-01-29 15:02:28,986:INFO:Soft dependency imported: prophet: 1.1.5
2024-01-29 15:04:03,307:INFO:Soft dependency imported: prophet: 1.1.5
2024-01-29 15:06:21,235:INFO:Soft dependency imported: prophet: 1.1.5
2024-01-29 15:27:03,404:INFO:Soft dependency imported: prophet: 1.1.5
2024-01-29 15:28:50,206:INFO:Soft dependency imported: prophet: 1.1.5
